[  3%] Built target my_msg__cpp
[ 12%] Built target my_msg__rosidl_generator_c
[ 12%] Built target ament_cmake_python_copy_my_msg
[ 32%] Built target my_msg__rosidl_typesupport_cpp
[ 32%] Built target my_msg__rosidl_typesupport_fastrtps_cpp
[ 41%] Built target my_msg__rosidl_typesupport_introspection_cpp
[ 61%] Built target my_msg__rosidl_typesupport_c
[ 61%] Built target my_msg__rosidl_typesupport_introspection_c
[ 70%] Built target my_msg__rosidl_typesupport_fastrtps_c
[ 70%] Built target my_msg
[ 74%] Built target my_msg__py
[ 80%] Built target my_msg__rosidl_generator_py
[100%] Built target my_msg__rosidl_typesupport_introspection_c__pyext
[100%] Built target my_msg__rosidl_typesupport_fastrtps_c__pyext
[100%] Built target my_msg__rosidl_typesupport_c__pyext
running egg_info
writing my_msg.egg-info/PKG-INFO
writing dependency_links to my_msg.egg-info/dependency_links.txt
writing top-level names to my_msg.egg-info/top_level.txt
reading manifest file 'my_msg.egg-info/SOURCES.txt'
writing manifest file 'my_msg.egg-info/SOURCES.txt'
[100%] Built target ament_cmake_python_build_my_msg_egg
-- Install configuration: ""
-- Up-to-date: /home/hyx/codes/ros2_work/ros2-learning/install/my_msg/share/ament_index/resource_index/rosidl_interfaces/my_msg
-- Up-to-date: /home/hyx/codes/ros2_work/ros2-learning/install/my_msg/include/my_msg/my_msg
-- Up-to-date: /home/hyx/codes/ros2_work/ros2-learning/install/my_msg/include/my_msg/my_msg/msg
-- Up-to-date: /home/hyx/codes/ros2_work/ros2-learning/install/my_msg/include/my_msg/my_msg/msg/mymsg.h
-- Up-to-date: /home/hyx/codes/ros2_work/ros2-learning/install/my_msg/include/my_msg/my_msg/msg/detail
-- Up-to-date: /home/hyx/codes/ros2_work/ros2-learning/install/my_msg/include/my_msg/my_msg/msg/detail/mymsg__struct.h
-- Up-to-date: /home/hyx/codes/ros2_work/ros2-learning/install/my_msg/include/my_msg/my_msg/msg/detail/mymsg__type_support.h
-- Up-to-date: /home/hyx/codes/ros2_work/ros2-learning/install/my_msg/include/my_msg/my_msg/msg/detail/mymsg__functions.c
-- Up-to-date: /home/hyx/codes/ros2_work/ros2-learning/install/my_msg/include/my_msg/my_msg/msg/detail/mymsg__functions.h
-- Up-to-date: /home/hyx/codes/ros2_work/ros2-learning/install/my_msg/include/my_msg/my_msg/msg/rosidl_generator_c__visibility_control.h
-- Up-to-date: /home/hyx/codes/ros2_work/ros2-learning/install/my_msg/share/my_msg/environment/library_path.sh
-- Up-to-date: /home/hyx/codes/ros2_work/ros2-learning/install/my_msg/share/my_msg/environment/library_path.dsv
-- Up-to-date: /home/hyx/codes/ros2_work/ros2-learning/install/my_msg/lib/libmy_msg__rosidl_generator_c.so
-- Up-to-date: /home/hyx/codes/ros2_work/ros2-learning/install/my_msg/include/my_msg/my_msg
-- Up-to-date: /home/hyx/codes/ros2_work/ros2-learning/install/my_msg/include/my_msg/my_msg/msg
-- Up-to-date: /home/hyx/codes/ros2_work/ros2-learning/install/my_msg/include/my_msg/my_msg/msg/detail
-- Up-to-date: /home/hyx/codes/ros2_work/ros2-learning/install/my_msg/include/my_msg/my_msg/msg/detail/mymsg__rosidl_typesupport_fastrtps_c.h
-- Up-to-date: /home/hyx/codes/ros2_work/ros2-learning/install/my_msg/include/my_msg/my_msg/msg/rosidl_typesupport_fastrtps_c__visibility_control.h
-- Up-to-date: /home/hyx/codes/ros2_work/ros2-learning/install/my_msg/lib/libmy_msg__rosidl_typesupport_fastrtps_c.so
-- Up-to-date: /home/hyx/codes/ros2_work/ros2-learning/install/my_msg/include/my_msg/my_msg
-- Up-to-date: /home/hyx/codes/ros2_work/ros2-learning/install/my_msg/include/my_msg/my_msg/msg
-- Up-to-date: /home/hyx/codes/ros2_work/ros2-learning/install/my_msg/include/my_msg/my_msg/msg/rosidl_generator_cpp__visibility_control.hpp
-- Up-to-date: /home/hyx/codes/ros2_work/ros2-learning/install/my_msg/include/my_msg/my_msg/msg/detail
-- Up-to-date: /home/hyx/codes/ros2_work/ros2-learning/install/my_msg/include/my_msg/my_msg/msg/detail/mymsg__struct.hpp
-- Up-to-date: /home/hyx/codes/ros2_work/ros2-learning/install/my_msg/include/my_msg/my_msg/msg/detail/mymsg__builder.hpp
-- Up-to-date: /home/hyx/codes/ros2_work/ros2-learning/install/my_msg/include/my_msg/my_msg/msg/detail/mymsg__traits.hpp
-- Up-to-date: /home/hyx/codes/ros2_work/ros2-learning/install/my_msg/include/my_msg/my_msg/msg/detail/mymsg__type_support.hpp
-- Up-to-date: /home/hyx/codes/ros2_work/ros2-learning/install/my_msg/include/my_msg/my_msg/msg/mymsg.hpp
-- Up-to-date: /home/hyx/codes/ros2_work/ros2-learning/install/my_msg/include/my_msg/my_msg
-- Up-to-date: /home/hyx/codes/ros2_work/ros2-learning/install/my_msg/include/my_msg/my_msg/msg
-- Up-to-date: /home/hyx/codes/ros2_work/ros2-learning/install/my_msg/include/my_msg/my_msg/msg/detail
-- Up-to-date: /home/hyx/codes/ros2_work/ros2-learning/install/my_msg/include/my_msg/my_msg/msg/detail/mymsg__rosidl_typesupport_fastrtps_cpp.hpp
-- Up-to-date: /home/hyx/codes/ros2_work/ros2-learning/install/my_msg/include/my_msg/my_msg/msg/detail/dds_fastrtps
-- Up-to-date: /home/hyx/codes/ros2_work/ros2-learning/install/my_msg/include/my_msg/my_msg/msg/rosidl_typesupport_fastrtps_cpp__visibility_control.h
-- Up-to-date: /home/hyx/codes/ros2_work/ros2-learning/install/my_msg/lib/libmy_msg__rosidl_typesupport_fastrtps_cpp.so
-- Up-to-date: /home/hyx/codes/ros2_work/ros2-learning/install/my_msg/include/my_msg/my_msg
-- Up-to-date: /home/hyx/codes/ros2_work/ros2-learning/install/my_msg/include/my_msg/my_msg/msg
-- Up-to-date: /home/hyx/codes/ros2_work/ros2-learning/install/my_msg/include/my_msg/my_msg/msg/detail
-- Up-to-date: /home/hyx/codes/ros2_work/ros2-learning/install/my_msg/include/my_msg/my_msg/msg/detail/mymsg__type_support.c
-- Up-to-date: /home/hyx/codes/ros2_work/ros2-learning/install/my_msg/include/my_msg/my_msg/msg/detail/mymsg__rosidl_typesupport_introspection_c.h
-- Up-to-date: /home/hyx/codes/ros2_work/ros2-learning/install/my_msg/include/my_msg/my_msg/msg/rosidl_typesupport_introspection_c__visibility_control.h
-- Up-to-date: /home/hyx/codes/ros2_work/ros2-learning/install/my_msg/lib/libmy_msg__rosidl_typesupport_introspection_c.so
-- Up-to-date: /home/hyx/codes/ros2_work/ros2-learning/install/my_msg/lib/libmy_msg__rosidl_typesupport_c.so
-- Up-to-date: /home/hyx/codes/ros2_work/ros2-learning/install/my_msg/include/my_msg/my_msg
-- Up-to-date: /home/hyx/codes/ros2_work/ros2-learning/install/my_msg/include/my_msg/my_msg/msg
-- Up-to-date: /home/hyx/codes/ros2_work/ros2-learning/install/my_msg/include/my_msg/my_msg/msg/detail
-- Up-to-date: /home/hyx/codes/ros2_work/ros2-learning/install/my_msg/include/my_msg/my_msg/msg/detail/mymsg__type_support.cpp
-- Up-to-date: /home/hyx/codes/ros2_work/ros2-learning/install/my_msg/include/my_msg/my_msg/msg/detail/mymsg__rosidl_typesupport_introspection_cpp.hpp
-- Up-to-date: /home/hyx/codes/ros2_work/ros2-learning/install/my_msg/lib/libmy_msg__rosidl_typesupport_introspection_cpp.so
-- Up-to-date: /home/hyx/codes/ros2_work/ros2-learning/install/my_msg/lib/libmy_msg__rosidl_typesupport_cpp.so
-- Up-to-date: /home/hyx/codes/ros2_work/ros2-learning/install/my_msg/share/my_msg/environment/pythonpath.sh
-- Up-to-date: /home/hyx/codes/ros2_work/ros2-learning/install/my_msg/share/my_msg/environment/pythonpath.dsv
-- Up-to-date: /home/hyx/codes/ros2_work/ros2-learning/install/my_msg/local/lib/python3.10/dist-packages/my_msg-0.0.0-py3.10.egg-info
-- Installing: /home/hyx/codes/ros2_work/ros2-learning/install/my_msg/local/lib/python3.10/dist-packages/my_msg-0.0.0-py3.10.egg-info/dependency_links.txt
-- Installing: /home/hyx/codes/ros2_work/ros2-learning/install/my_msg/local/lib/python3.10/dist-packages/my_msg-0.0.0-py3.10.egg-info/top_level.txt
-- Installing: /home/hyx/codes/ros2_work/ros2-learning/install/my_msg/local/lib/python3.10/dist-packages/my_msg-0.0.0-py3.10.egg-info/PKG-INFO
-- Installing: /home/hyx/codes/ros2_work/ros2-learning/install/my_msg/local/lib/python3.10/dist-packages/my_msg-0.0.0-py3.10.egg-info/SOURCES.txt
-- Up-to-date: /home/hyx/codes/ros2_work/ros2-learning/install/my_msg/local/lib/python3.10/dist-packages/my_msg
-- Up-to-date: /home/hyx/codes/ros2_work/ros2-learning/install/my_msg/local/lib/python3.10/dist-packages/my_msg/my_msg_s__rosidl_typesupport_introspection_c.cpython-310-x86_64-linux-gnu.so
-- Up-to-date: /home/hyx/codes/ros2_work/ros2-learning/install/my_msg/local/lib/python3.10/dist-packages/my_msg/msg
-- Up-to-date: /home/hyx/codes/ros2_work/ros2-learning/install/my_msg/local/lib/python3.10/dist-packages/my_msg/msg/__init__.py
-- Up-to-date: /home/hyx/codes/ros2_work/ros2-learning/install/my_msg/local/lib/python3.10/dist-packages/my_msg/msg/_mymsg_s.c
-- Up-to-date: /home/hyx/codes/ros2_work/ros2-learning/install/my_msg/local/lib/python3.10/dist-packages/my_msg/msg/_mymsg.py
-- Up-to-date: /home/hyx/codes/ros2_work/ros2-learning/install/my_msg/local/lib/python3.10/dist-packages/my_msg/__init__.py
-- Up-to-date: /home/hyx/codes/ros2_work/ros2-learning/install/my_msg/local/lib/python3.10/dist-packages/my_msg/my_msg_s__rosidl_typesupport_c.cpython-310-x86_64-linux-gnu.so
-- Up-to-date: /home/hyx/codes/ros2_work/ros2-learning/install/my_msg/local/lib/python3.10/dist-packages/my_msg/_my_msg_s.ep.rosidl_typesupport_fastrtps_c.c
-- Up-to-date: /home/hyx/codes/ros2_work/ros2-learning/install/my_msg/local/lib/python3.10/dist-packages/my_msg/my_msg_s__rosidl_typesupport_fastrtps_c.cpython-310-x86_64-linux-gnu.so
-- Up-to-date: /home/hyx/codes/ros2_work/ros2-learning/install/my_msg/local/lib/python3.10/dist-packages/my_msg/libmy_msg__rosidl_generator_py.so
-- Up-to-date: /home/hyx/codes/ros2_work/ros2-learning/install/my_msg/local/lib/python3.10/dist-packages/my_msg/_my_msg_s.ep.rosidl_typesupport_c.c
-- Up-to-date: /home/hyx/codes/ros2_work/ros2-learning/install/my_msg/local/lib/python3.10/dist-packages/my_msg/_my_msg_s.ep.rosidl_typesupport_introspection_c.c
Listing '/home/hyx/codes/ros2_work/ros2-learning/install/my_msg/local/lib/python3.10/dist-packages/my_msg'...
Listing '/home/hyx/codes/ros2_work/ros2-learning/install/my_msg/local/lib/python3.10/dist-packages/my_msg/msg'...
-- Up-to-date: /home/hyx/codes/ros2_work/ros2-learning/install/my_msg/local/lib/python3.10/dist-packages/my_msg/my_msg_s__rosidl_typesupport_fastrtps_c.cpython-310-x86_64-linux-gnu.so
-- Up-to-date: /home/hyx/codes/ros2_work/ros2-learning/install/my_msg/local/lib/python3.10/dist-packages/my_msg/my_msg_s__rosidl_typesupport_introspection_c.cpython-310-x86_64-linux-gnu.so
-- Up-to-date: /home/hyx/codes/ros2_work/ros2-learning/install/my_msg/local/lib/python3.10/dist-packages/my_msg/my_msg_s__rosidl_typesupport_c.cpython-310-x86_64-linux-gnu.so
-- Up-to-date: /home/hyx/codes/ros2_work/ros2-learning/install/my_msg/lib/libmy_msg__rosidl_generator_py.so
-- Up-to-date: /home/hyx/codes/ros2_work/ros2-learning/install/my_msg/share/my_msg/msg/Mymsg.idl
-- Up-to-date: /home/hyx/codes/ros2_work/ros2-learning/install/my_msg/share/my_msg/msg/Mymsg.msg
-- Up-to-date: /home/hyx/codes/ros2_work/ros2-learning/install/my_msg/share/ament_index/resource_index/package_run_dependencies/my_msg
-- Up-to-date: /home/hyx/codes/ros2_work/ros2-learning/install/my_msg/share/ament_index/resource_index/parent_prefix_path/my_msg
-- Up-to-date: /home/hyx/codes/ros2_work/ros2-learning/install/my_msg/share/my_msg/environment/ament_prefix_path.sh
-- Up-to-date: /home/hyx/codes/ros2_work/ros2-learning/install/my_msg/share/my_msg/environment/ament_prefix_path.dsv
-- Up-to-date: /home/hyx/codes/ros2_work/ros2-learning/install/my_msg/share/my_msg/environment/path.sh
-- Up-to-date: /home/hyx/codes/ros2_work/ros2-learning/install/my_msg/share/my_msg/environment/path.dsv
-- Up-to-date: /home/hyx/codes/ros2_work/ros2-learning/install/my_msg/share/my_msg/local_setup.bash
-- Up-to-date: /home/hyx/codes/ros2_work/ros2-learning/install/my_msg/share/my_msg/local_setup.sh
-- Up-to-date: /home/hyx/codes/ros2_work/ros2-learning/install/my_msg/share/my_msg/local_setup.zsh
-- Up-to-date: /home/hyx/codes/ros2_work/ros2-learning/install/my_msg/share/my_msg/local_setup.dsv
-- Installing: /home/hyx/codes/ros2_work/ros2-learning/install/my_msg/share/my_msg/package.dsv
-- Up-to-date: /home/hyx/codes/ros2_work/ros2-learning/install/my_msg/share/ament_index/resource_index/packages/my_msg
-- Up-to-date: /home/hyx/codes/ros2_work/ros2-learning/install/my_msg/share/my_msg/cmake/export_my_msg__rosidl_generator_cExport.cmake
-- Up-to-date: /home/hyx/codes/ros2_work/ros2-learning/install/my_msg/share/my_msg/cmake/export_my_msg__rosidl_generator_cExport-noconfig.cmake
-- Up-to-date: /home/hyx/codes/ros2_work/ros2-learning/install/my_msg/share/my_msg/cmake/export_my_msg__rosidl_typesupport_fastrtps_cExport.cmake
-- Up-to-date: /home/hyx/codes/ros2_work/ros2-learning/install/my_msg/share/my_msg/cmake/export_my_msg__rosidl_typesupport_fastrtps_cExport-noconfig.cmake
-- Up-to-date: /home/hyx/codes/ros2_work/ros2-learning/install/my_msg/share/my_msg/cmake/export_my_msg__rosidl_generator_cppExport.cmake
-- Up-to-date: /home/hyx/codes/ros2_work/ros2-learning/install/my_msg/share/my_msg/cmake/export_my_msg__rosidl_typesupport_fastrtps_cppExport.cmake
-- Up-to-date: /home/hyx/codes/ros2_work/ros2-learning/install/my_msg/share/my_msg/cmake/export_my_msg__rosidl_typesupport_fastrtps_cppExport-noconfig.cmake
-- Up-to-date: /home/hyx/codes/ros2_work/ros2-learning/install/my_msg/share/my_msg/cmake/my_msg__rosidl_typesupport_introspection_cExport.cmake
-- Up-to-date: /home/hyx/codes/ros2_work/ros2-learning/install/my_msg/share/my_msg/cmake/my_msg__rosidl_typesupport_introspection_cExport-noconfig.cmake
-- Up-to-date: /home/hyx/codes/ros2_work/ros2-learning/install/my_msg/share/my_msg/cmake/my_msg__rosidl_typesupport_cExport.cmake
-- Up-to-date: /home/hyx/codes/ros2_work/ros2-learning/install/my_msg/share/my_msg/cmake/my_msg__rosidl_typesupport_cExport-noconfig.cmake
-- Up-to-date: /home/hyx/codes/ros2_work/ros2-learning/install/my_msg/share/my_msg/cmake/my_msg__rosidl_typesupport_introspection_cppExport.cmake
-- Up-to-date: /home/hyx/codes/ros2_work/ros2-learning/install/my_msg/share/my_msg/cmake/my_msg__rosidl_typesupport_introspection_cppExport-noconfig.cmake
-- Up-to-date: /home/hyx/codes/ros2_work/ros2-learning/install/my_msg/share/my_msg/cmake/my_msg__rosidl_typesupport_cppExport.cmake
-- Up-to-date: /home/hyx/codes/ros2_work/ros2-learning/install/my_msg/share/my_msg/cmake/my_msg__rosidl_typesupport_cppExport-noconfig.cmake
-- Up-to-date: /home/hyx/codes/ros2_work/ros2-learning/install/my_msg/share/my_msg/cmake/export_my_msg__rosidl_generator_pyExport.cmake
-- Up-to-date: /home/hyx/codes/ros2_work/ros2-learning/install/my_msg/share/my_msg/cmake/export_my_msg__rosidl_generator_pyExport-noconfig.cmake
-- Up-to-date: /home/hyx/codes/ros2_work/ros2-learning/install/my_msg/share/my_msg/cmake/rosidl_cmake-extras.cmake
-- Up-to-date: /home/hyx/codes/ros2_work/ros2-learning/install/my_msg/share/my_msg/cmake/ament_cmake_export_include_directories-extras.cmake
-- Up-to-date: /home/hyx/codes/ros2_work/ros2-learning/install/my_msg/share/my_msg/cmake/ament_cmake_export_libraries-extras.cmake
-- Up-to-date: /home/hyx/codes/ros2_work/ros2-learning/install/my_msg/share/my_msg/cmake/ament_cmake_export_targets-extras.cmake
-- Up-to-date: /home/hyx/codes/ros2_work/ros2-learning/install/my_msg/share/my_msg/cmake/rosidl_cmake_export_typesupport_targets-extras.cmake
-- Up-to-date: /home/hyx/codes/ros2_work/ros2-learning/install/my_msg/share/my_msg/cmake/ament_cmake_export_dependencies-extras.cmake
-- Up-to-date: /home/hyx/codes/ros2_work/ros2-learning/install/my_msg/share/my_msg/cmake/rosidl_cmake_export_typesupport_libraries-extras.cmake
-- Up-to-date: /home/hyx/codes/ros2_work/ros2-learning/install/my_msg/share/my_msg/cmake/my_msgConfig.cmake
-- Up-to-date: /home/hyx/codes/ros2_work/ros2-learning/install/my_msg/share/my_msg/cmake/my_msgConfig-version.cmake
-- Up-to-date: /home/hyx/codes/ros2_work/ros2-learning/install/my_msg/share/my_msg/package.xml
