[0.010s] Invoking command in '/home/hyx/codes/ros2_work/ros2-learning/build/metric_system': CMAKE_PREFIX_PATH=/home/hyx/codes/ros2_work/ros2-learning/install/my_msg:/home/hyx/codes/ros2_work/ros2-learning/src/install/work_launch:/home/hyx/codes/ros2_work/ros2-learning/install/work_launch:/home/hyx/codes/ros2_work/ros2-learning/install/metric_system:/home/hyx/codes/ros2_work/ros2-learning/install/british_system:/home/hyx/codes/ros2_work/install/work_launch:/opt/ros/humble LD_LIBRARY_PATH=/home/hyx/codes/ros2_work/ros2-learning/install/my_msg/lib:/opt/MVS/lib/64:/opt/MVS/lib/32:/home/MVS/lib/64:/home/MVS/lib/32:/usr/lib/x86_64-linux-gnu/gazebo-11/plugins:/opt/ros/humble/opt/rviz_ogre_vendor/lib:/opt/ros/humble/lib/x86_64-linux-gnu:/opt/ros/humble/lib:/opt/MVS/lib/64:/opt/MVS/lib/32:/home/MVS/lib/64:/home/MVS/lib/32:/opt/MVS/lib/64:/opt/MVS/lib/32:/home/MVS/lib/64:/home/MVS/lib/32:/opt/MVS/lib/64:/opt/MVS/lib/32:/home/MVS/lib/64:/home/MVS/lib/32 /usr/bin/cmake --build /home/hyx/codes/ros2_work/ros2-learning/build/metric_system -- -j16 -l16
[0.059s] [100%] Built target metric_system
[0.069s] Invoked command in '/home/hyx/codes/ros2_work/ros2-learning/build/metric_system' returned '0': CMAKE_PREFIX_PATH=/home/hyx/codes/ros2_work/ros2-learning/install/my_msg:/home/hyx/codes/ros2_work/ros2-learning/src/install/work_launch:/home/hyx/codes/ros2_work/ros2-learning/install/work_launch:/home/hyx/codes/ros2_work/ros2-learning/install/metric_system:/home/hyx/codes/ros2_work/ros2-learning/install/british_system:/home/hyx/codes/ros2_work/install/work_launch:/opt/ros/humble LD_LIBRARY_PATH=/home/hyx/codes/ros2_work/ros2-learning/install/my_msg/lib:/opt/MVS/lib/64:/opt/MVS/lib/32:/home/MVS/lib/64:/home/MVS/lib/32:/usr/lib/x86_64-linux-gnu/gazebo-11/plugins:/opt/ros/humble/opt/rviz_ogre_vendor/lib:/opt/ros/humble/lib/x86_64-linux-gnu:/opt/ros/humble/lib:/opt/MVS/lib/64:/opt/MVS/lib/32:/home/MVS/lib/64:/home/MVS/lib/32:/opt/MVS/lib/64:/opt/MVS/lib/32:/home/MVS/lib/64:/home/MVS/lib/32:/opt/MVS/lib/64:/opt/MVS/lib/32:/home/MVS/lib/64:/home/MVS/lib/32 /usr/bin/cmake --build /home/hyx/codes/ros2_work/ros2-learning/build/metric_system -- -j16 -l16
[0.071s] Invoking command in '/home/hyx/codes/ros2_work/ros2-learning/build/metric_system': CMAKE_PREFIX_PATH=/home/hyx/codes/ros2_work/ros2-learning/install/my_msg:/home/hyx/codes/ros2_work/ros2-learning/src/install/work_launch:/home/hyx/codes/ros2_work/ros2-learning/install/work_launch:/home/hyx/codes/ros2_work/ros2-learning/install/metric_system:/home/hyx/codes/ros2_work/ros2-learning/install/british_system:/home/hyx/codes/ros2_work/install/work_launch:/opt/ros/humble LD_LIBRARY_PATH=/home/hyx/codes/ros2_work/ros2-learning/install/my_msg/lib:/opt/MVS/lib/64:/opt/MVS/lib/32:/home/MVS/lib/64:/home/MVS/lib/32:/usr/lib/x86_64-linux-gnu/gazebo-11/plugins:/opt/ros/humble/opt/rviz_ogre_vendor/lib:/opt/ros/humble/lib/x86_64-linux-gnu:/opt/ros/humble/lib:/opt/MVS/lib/64:/opt/MVS/lib/32:/home/MVS/lib/64:/home/MVS/lib/32:/opt/MVS/lib/64:/opt/MVS/lib/32:/home/MVS/lib/64:/home/MVS/lib/32:/opt/MVS/lib/64:/opt/MVS/lib/32:/home/MVS/lib/64:/home/MVS/lib/32 /usr/bin/cmake --install /home/hyx/codes/ros2_work/ros2-learning/build/metric_system
[0.077s] -- Install configuration: ""
[0.078s] -- Up-to-date: /home/hyx/codes/ros2_work/ros2-learning/install/metric_system/lib/metric_system/metric_system
[0.078s] -- Up-to-date: /home/hyx/codes/ros2_work/ros2-learning/install/metric_system/share/ament_index/resource_index/package_run_dependencies/metric_system
[0.078s] -- Up-to-date: /home/hyx/codes/ros2_work/ros2-learning/install/metric_system/share/ament_index/resource_index/parent_prefix_path/metric_system
[0.078s] -- Up-to-date: /home/hyx/codes/ros2_work/ros2-learning/install/metric_system/share/metric_system/environment/ament_prefix_path.sh
[0.078s] -- Up-to-date: /home/hyx/codes/ros2_work/ros2-learning/install/metric_system/share/metric_system/environment/ament_prefix_path.dsv
[0.078s] -- Up-to-date: /home/hyx/codes/ros2_work/ros2-learning/install/metric_system/share/metric_system/environment/path.sh
[0.078s] -- Up-to-date: /home/hyx/codes/ros2_work/ros2-learning/install/metric_system/share/metric_system/environment/path.dsv
[0.078s] -- Up-to-date: /home/hyx/codes/ros2_work/ros2-learning/install/metric_system/share/metric_system/local_setup.bash
[0.078s] -- Up-to-date: /home/hyx/codes/ros2_work/ros2-learning/install/metric_system/share/metric_system/local_setup.sh
[0.078s] -- Up-to-date: /home/hyx/codes/ros2_work/ros2-learning/install/metric_system/share/metric_system/local_setup.zsh
[0.078s] -- Up-to-date: /home/hyx/codes/ros2_work/ros2-learning/install/metric_system/share/metric_system/local_setup.dsv
[0.078s] -- Installing: /home/hyx/codes/ros2_work/ros2-learning/install/metric_system/share/metric_system/package.dsv
[0.078s] -- Up-to-date: /home/hyx/codes/ros2_work/ros2-learning/install/metric_system/share/ament_index/resource_index/packages/metric_system
[0.079s] -- Up-to-date: /home/hyx/codes/ros2_work/ros2-learning/install/metric_system/share/metric_system/cmake/metric_systemConfig.cmake
[0.079s] -- Up-to-date: /home/hyx/codes/ros2_work/ros2-learning/install/metric_system/share/metric_system/cmake/metric_systemConfig-version.cmake
[0.079s] -- Up-to-date: /home/hyx/codes/ros2_work/ros2-learning/install/metric_system/share/metric_system/package.xml
[0.081s] Invoked command in '/home/hyx/codes/ros2_work/ros2-learning/build/metric_system' returned '0': CMAKE_PREFIX_PATH=/home/hyx/codes/ros2_work/ros2-learning/install/my_msg:/home/hyx/codes/ros2_work/ros2-learning/src/install/work_launch:/home/hyx/codes/ros2_work/ros2-learning/install/work_launch:/home/hyx/codes/ros2_work/ros2-learning/install/metric_system:/home/hyx/codes/ros2_work/ros2-learning/install/british_system:/home/hyx/codes/ros2_work/install/work_launch:/opt/ros/humble LD_LIBRARY_PATH=/home/hyx/codes/ros2_work/ros2-learning/install/my_msg/lib:/opt/MVS/lib/64:/opt/MVS/lib/32:/home/MVS/lib/64:/home/MVS/lib/32:/usr/lib/x86_64-linux-gnu/gazebo-11/plugins:/opt/ros/humble/opt/rviz_ogre_vendor/lib:/opt/ros/humble/lib/x86_64-linux-gnu:/opt/ros/humble/lib:/opt/MVS/lib/64:/opt/MVS/lib/32:/home/MVS/lib/64:/home/MVS/lib/32:/opt/MVS/lib/64:/opt/MVS/lib/32:/home/MVS/lib/64:/home/MVS/lib/32:/opt/MVS/lib/64:/opt/MVS/lib/32:/home/MVS/lib/64:/home/MVS/lib/32 /usr/bin/cmake --install /home/hyx/codes/ros2_work/ros2-learning/build/metric_system
