[0.010s] Invoking command in '/home/hyx/codes/ros2_work/ros2-learning/build/my_msg': CMAKE_PREFIX_PATH=${CMAKE_PREFIX_PATH}:/opt/ros/humble /usr/bin/cmake --build /home/hyx/codes/ros2_work/ros2-learning/build/my_msg -- -j16 -l16
[0.047s] [  3%] [34m[1mGenerating C code for ROS interfaces[0m
[0.056s] [  6%] [34m[1mGenerating C++ code for ROS interfaces[0m
[0.065s] [  6%] Built target ament_cmake_python_copy_my_msg
[0.248s] [  6%] Built target my_msg__cpp
[0.251s] [  9%] [32mBuilding C object CMakeFiles/my_msg__rosidl_generator_c.dir/rosidl_generator_c/my_msg/msg/detail/mymsg__functions.c.o[0m
[0.256s] running egg_info
[0.256s] creating my_msg.egg-info
[0.257s] writing my_msg.egg-info/PKG-INFO
[0.257s] writing dependency_links to my_msg.egg-info/dependency_links.txt
[0.257s] writing top-level names to my_msg.egg-info/top_level.txt
[0.257s] writing manifest file 'my_msg.egg-info/SOURCES.txt'
[0.259s] [ 16%] [34m[1mGenerating C++ introspection for ROS interfaces[0m
[0.259s] [ 19%] [34m[1mGenerating C++ type support for eProsima Fast-RTPS[0m
[0.259s] [ 19%] [34m[1mGenerating C++ type support dispatch for ROS interfaces[0m
[0.259s] reading manifest file 'my_msg.egg-info/SOURCES.txt'
[0.259s] writing manifest file 'my_msg.egg-info/SOURCES.txt'
[0.287s] [ 19%] Built target ament_cmake_python_build_my_msg_egg
[0.291s] [ 22%] [32m[1mLinking C shared library libmy_msg__rosidl_generator_c.so[0m
[0.327s] [ 22%] Built target my_msg__rosidl_generator_c
[0.337s] [ 32%] [34m[1mGenerating C type support dispatch for ROS interfaces[0m
[0.337s] [ 32%] [34m[1mGenerating C introspection for ROS interfaces[0m
[0.337s] [ 32%] [34m[1mGenerating C type support for eProsima Fast-RTPS[0m
[0.440s] [ 35%] [32mBuilding CXX object CMakeFiles/my_msg__rosidl_typesupport_cpp.dir/rosidl_typesupport_cpp/my_msg/msg/mymsg__type_support.cpp.o[0m
[0.453s] [ 38%] [32mBuilding CXX object CMakeFiles/my_msg__rosidl_typesupport_introspection_cpp.dir/rosidl_typesupport_introspection_cpp/my_msg/msg/detail/mymsg__type_support.cpp.o[0m
[0.462s] [ 41%] [32mBuilding CXX object CMakeFiles/my_msg__rosidl_typesupport_fastrtps_cpp.dir/rosidl_typesupport_fastrtps_cpp/my_msg/msg/detail/dds_fastrtps/mymsg__type_support.cpp.o[0m
[0.521s] [ 45%] [32mBuilding CXX object CMakeFiles/my_msg__rosidl_typesupport_c.dir/rosidl_typesupport_c/my_msg/msg/mymsg__type_support.cpp.o[0m
[0.542s] [ 48%] [32mBuilding CXX object CMakeFiles/my_msg__rosidl_typesupport_fastrtps_c.dir/rosidl_typesupport_fastrtps_c/my_msg/msg/detail/mymsg__type_support_c.cpp.o[0m
[0.549s] [ 51%] [32mBuilding C object CMakeFiles/my_msg__rosidl_typesupport_introspection_c.dir/rosidl_typesupport_introspection_c/my_msg/msg/detail/mymsg__type_support.c.o[0m
[0.550s] [ 54%] [32m[1mLinking CXX shared library libmy_msg__rosidl_typesupport_c.so[0m
[0.581s] [ 58%] [32m[1mLinking C shared library libmy_msg__rosidl_typesupport_introspection_c.so[0m
[0.591s] [ 58%] Built target my_msg__rosidl_typesupport_c
[0.613s] [ 58%] Built target my_msg__rosidl_typesupport_introspection_c
[0.657s] [ 61%] [32m[1mLinking CXX shared library libmy_msg__rosidl_typesupport_cpp.so[0m
[0.697s] [ 61%] Built target my_msg__rosidl_typesupport_cpp
[0.750s] [ 64%] [32m[1mLinking CXX shared library libmy_msg__rosidl_typesupport_introspection_cpp.so[0m
[0.767s] [ 67%] [32m[1mLinking CXX shared library libmy_msg__rosidl_typesupport_fastrtps_cpp.so[0m
[0.791s] [ 67%] Built target my_msg__rosidl_typesupport_introspection_cpp
[0.804s] [ 70%] [32m[1mLinking CXX shared library libmy_msg__rosidl_typesupport_fastrtps_c.so[0m
[0.837s] [ 70%] Built target my_msg__rosidl_typesupport_fastrtps_cpp
[0.870s] [ 70%] Built target my_msg__rosidl_typesupport_fastrtps_c
[0.891s] [ 70%] Built target my_msg
[0.911s] [ 74%] [34m[1mGenerating Python code for ROS interfaces[0m
[1.147s] [ 74%] Built target my_msg__py
[1.168s] [ 77%] [32mBuilding C object CMakeFiles/my_msg__rosidl_generator_py.dir/rosidl_generator_py/my_msg/msg/_mymsg_s.c.o[0m
[1.245s] [ 80%] [32m[1mLinking C shared library rosidl_generator_py/my_msg/libmy_msg__rosidl_generator_py.so[0m
[1.281s] [ 80%] Built target my_msg__rosidl_generator_py
[1.302s] [ 90%] [32mBuilding C object CMakeFiles/my_msg__rosidl_typesupport_fastrtps_c__pyext.dir/rosidl_generator_py/my_msg/_my_msg_s.ep.rosidl_typesupport_fastrtps_c.c.o[0m
[1.302s] [ 90%] [32mBuilding C object CMakeFiles/my_msg__rosidl_typesupport_c__pyext.dir/rosidl_generator_py/my_msg/_my_msg_s.ep.rosidl_typesupport_c.c.o[0m
[1.302s] [ 90%] [32mBuilding C object CMakeFiles/my_msg__rosidl_typesupport_introspection_c__pyext.dir/rosidl_generator_py/my_msg/_my_msg_s.ep.rosidl_typesupport_introspection_c.c.o[0m
[1.372s] [ 96%] [32m[1mLinking C shared library rosidl_generator_py/my_msg/my_msg_s__rosidl_typesupport_c.cpython-310-x86_64-linux-gnu.so[0m
[1.373s] [ 96%] [32m[1mLinking C shared library rosidl_generator_py/my_msg/my_msg_s__rosidl_typesupport_introspection_c.cpython-310-x86_64-linux-gnu.so[0m
[1.377s] [100%] [32m[1mLinking C shared library rosidl_generator_py/my_msg/my_msg_s__rosidl_typesupport_fastrtps_c.cpython-310-x86_64-linux-gnu.so[0m
[1.402s] [100%] Built target my_msg__rosidl_typesupport_c__pyext
[1.403s] [100%] Built target my_msg__rosidl_typesupport_introspection_c__pyext
[1.407s] [100%] Built target my_msg__rosidl_typesupport_fastrtps_c__pyext
[1.420s] Invoked command in '/home/hyx/codes/ros2_work/ros2-learning/build/my_msg' returned '0': CMAKE_PREFIX_PATH=${CMAKE_PREFIX_PATH}:/opt/ros/humble /usr/bin/cmake --build /home/hyx/codes/ros2_work/ros2-learning/build/my_msg -- -j16 -l16
[1.430s] Invoking command in '/home/hyx/codes/ros2_work/ros2-learning/build/my_msg': CMAKE_PREFIX_PATH=${CMAKE_PREFIX_PATH}:/opt/ros/humble /usr/bin/cmake --install /home/hyx/codes/ros2_work/ros2-learning/build/my_msg
[1.437s] -- Install configuration: ""
[1.437s] -- Installing: /home/hyx/codes/ros2_work/ros2-learning/install/my_msg/share/ament_index/resource_index/rosidl_interfaces/my_msg
[1.437s] -- Installing: /home/hyx/codes/ros2_work/ros2-learning/install/my_msg/include/my_msg/my_msg
[1.437s] -- Installing: /home/hyx/codes/ros2_work/ros2-learning/install/my_msg/include/my_msg/my_msg/msg
[1.438s] -- Installing: /home/hyx/codes/ros2_work/ros2-learning/install/my_msg/include/my_msg/my_msg/msg/mymsg.h
[1.438s] -- Installing: /home/hyx/codes/ros2_work/ros2-learning/install/my_msg/include/my_msg/my_msg/msg/detail
[1.438s] -- Installing: /home/hyx/codes/ros2_work/ros2-learning/install/my_msg/include/my_msg/my_msg/msg/detail/mymsg__struct.h
[1.438s] -- Installing: /home/hyx/codes/ros2_work/ros2-learning/install/my_msg/include/my_msg/my_msg/msg/detail/mymsg__type_support.h
[1.438s] -- Installing: /home/hyx/codes/ros2_work/ros2-learning/install/my_msg/include/my_msg/my_msg/msg/detail/mymsg__functions.c
[1.438s] -- Installing: /home/hyx/codes/ros2_work/ros2-learning/install/my_msg/include/my_msg/my_msg/msg/detail/mymsg__functions.h
[1.438s] -- Installing: /home/hyx/codes/ros2_work/ros2-learning/install/my_msg/include/my_msg/my_msg/msg/rosidl_generator_c__visibility_control.h
[1.438s] -- Installing: /home/hyx/codes/ros2_work/ros2-learning/install/my_msg/share/my_msg/environment/library_path.sh
[1.439s] -- Installing: /home/hyx/codes/ros2_work/ros2-learning/install/my_msg/share/my_msg/environment/library_path.dsv
[1.439s] -- Installing: /home/hyx/codes/ros2_work/ros2-learning/install/my_msg/lib/libmy_msg__rosidl_generator_c.so
[1.439s] -- Set runtime path of "/home/hyx/codes/ros2_work/ros2-learning/install/my_msg/lib/libmy_msg__rosidl_generator_c.so" to ""
[1.439s] -- Up-to-date: /home/hyx/codes/ros2_work/ros2-learning/install/my_msg/include/my_msg/my_msg
[1.439s] -- Up-to-date: /home/hyx/codes/ros2_work/ros2-learning/install/my_msg/include/my_msg/my_msg/msg
[1.439s] -- Up-to-date: /home/hyx/codes/ros2_work/ros2-learning/install/my_msg/include/my_msg/my_msg/msg/detail
[1.439s] -- Installing: /home/hyx/codes/ros2_work/ros2-learning/install/my_msg/include/my_msg/my_msg/msg/detail/mymsg__rosidl_typesupport_fastrtps_c.h
[1.439s] -- Installing: /home/hyx/codes/ros2_work/ros2-learning/install/my_msg/include/my_msg/my_msg/msg/rosidl_typesupport_fastrtps_c__visibility_control.h
[1.440s] -- Installing: /home/hyx/codes/ros2_work/ros2-learning/install/my_msg/lib/libmy_msg__rosidl_typesupport_fastrtps_c.so
[1.440s] -- Set runtime path of "/home/hyx/codes/ros2_work/ros2-learning/install/my_msg/lib/libmy_msg__rosidl_typesupport_fastrtps_c.so" to ""
[1.440s] -- Up-to-date: /home/hyx/codes/ros2_work/ros2-learning/install/my_msg/include/my_msg/my_msg
[1.440s] -- Up-to-date: /home/hyx/codes/ros2_work/ros2-learning/install/my_msg/include/my_msg/my_msg/msg
[1.440s] -- Installing: /home/hyx/codes/ros2_work/ros2-learning/install/my_msg/include/my_msg/my_msg/msg/rosidl_generator_cpp__visibility_control.hpp
[1.440s] -- Up-to-date: /home/hyx/codes/ros2_work/ros2-learning/install/my_msg/include/my_msg/my_msg/msg/detail
[1.440s] -- Installing: /home/hyx/codes/ros2_work/ros2-learning/install/my_msg/include/my_msg/my_msg/msg/detail/mymsg__struct.hpp
[1.440s] -- Installing: /home/hyx/codes/ros2_work/ros2-learning/install/my_msg/include/my_msg/my_msg/msg/detail/mymsg__builder.hpp
[1.440s] -- Installing: /home/hyx/codes/ros2_work/ros2-learning/install/my_msg/include/my_msg/my_msg/msg/detail/mymsg__traits.hpp
[1.440s] -- Installing: /home/hyx/codes/ros2_work/ros2-learning/install/my_msg/include/my_msg/my_msg/msg/detail/mymsg__type_support.hpp
[1.441s] -- Installing: /home/hyx/codes/ros2_work/ros2-learning/install/my_msg/include/my_msg/my_msg/msg/mymsg.hpp
[1.441s] -- Up-to-date: /home/hyx/codes/ros2_work/ros2-learning/install/my_msg/include/my_msg/my_msg
[1.441s] -- Up-to-date: /home/hyx/codes/ros2_work/ros2-learning/install/my_msg/include/my_msg/my_msg/msg
[1.441s] -- Up-to-date: /home/hyx/codes/ros2_work/ros2-learning/install/my_msg/include/my_msg/my_msg/msg/detail
[1.441s] -- Installing: /home/hyx/codes/ros2_work/ros2-learning/install/my_msg/include/my_msg/my_msg/msg/detail/mymsg__rosidl_typesupport_fastrtps_cpp.hpp
[1.441s] -- Installing: /home/hyx/codes/ros2_work/ros2-learning/install/my_msg/include/my_msg/my_msg/msg/detail/dds_fastrtps
[1.441s] -- Installing: /home/hyx/codes/ros2_work/ros2-learning/install/my_msg/include/my_msg/my_msg/msg/rosidl_typesupport_fastrtps_cpp__visibility_control.h
[1.441s] -- Installing: /home/hyx/codes/ros2_work/ros2-learning/install/my_msg/lib/libmy_msg__rosidl_typesupport_fastrtps_cpp.so
[1.442s] -- Set runtime path of "/home/hyx/codes/ros2_work/ros2-learning/install/my_msg/lib/libmy_msg__rosidl_typesupport_fastrtps_cpp.so" to ""
[1.442s] -- Up-to-date: /home/hyx/codes/ros2_work/ros2-learning/install/my_msg/include/my_msg/my_msg
[1.442s] -- Up-to-date: /home/hyx/codes/ros2_work/ros2-learning/install/my_msg/include/my_msg/my_msg/msg
[1.442s] -- Up-to-date: /home/hyx/codes/ros2_work/ros2-learning/install/my_msg/include/my_msg/my_msg/msg/detail
[1.442s] -- Installing: /home/hyx/codes/ros2_work/ros2-learning/install/my_msg/include/my_msg/my_msg/msg/detail/mymsg__type_support.c
[1.442s] -- Installing: /home/hyx/codes/ros2_work/ros2-learning/install/my_msg/include/my_msg/my_msg/msg/detail/mymsg__rosidl_typesupport_introspection_c.h
[1.442s] -- Installing: /home/hyx/codes/ros2_work/ros2-learning/install/my_msg/include/my_msg/my_msg/msg/rosidl_typesupport_introspection_c__visibility_control.h
[1.442s] -- Installing: /home/hyx/codes/ros2_work/ros2-learning/install/my_msg/lib/libmy_msg__rosidl_typesupport_introspection_c.so
[1.442s] -- Set runtime path of "/home/hyx/codes/ros2_work/ros2-learning/install/my_msg/lib/libmy_msg__rosidl_typesupport_introspection_c.so" to ""
[1.443s] -- Installing: /home/hyx/codes/ros2_work/ros2-learning/install/my_msg/lib/libmy_msg__rosidl_typesupport_c.so
[1.443s] -- Set runtime path of "/home/hyx/codes/ros2_work/ros2-learning/install/my_msg/lib/libmy_msg__rosidl_typesupport_c.so" to ""
[1.443s] -- Up-to-date: /home/hyx/codes/ros2_work/ros2-learning/install/my_msg/include/my_msg/my_msg
[1.443s] -- Up-to-date: /home/hyx/codes/ros2_work/ros2-learning/install/my_msg/include/my_msg/my_msg/msg
[1.443s] -- Up-to-date: /home/hyx/codes/ros2_work/ros2-learning/install/my_msg/include/my_msg/my_msg/msg/detail
[1.443s] -- Installing: /home/hyx/codes/ros2_work/ros2-learning/install/my_msg/include/my_msg/my_msg/msg/detail/mymsg__type_support.cpp
[1.443s] -- Installing: /home/hyx/codes/ros2_work/ros2-learning/install/my_msg/include/my_msg/my_msg/msg/detail/mymsg__rosidl_typesupport_introspection_cpp.hpp
[1.443s] -- Installing: /home/hyx/codes/ros2_work/ros2-learning/install/my_msg/lib/libmy_msg__rosidl_typesupport_introspection_cpp.so
[1.444s] -- Set runtime path of "/home/hyx/codes/ros2_work/ros2-learning/install/my_msg/lib/libmy_msg__rosidl_typesupport_introspection_cpp.so" to ""
[1.444s] -- Installing: /home/hyx/codes/ros2_work/ros2-learning/install/my_msg/lib/libmy_msg__rosidl_typesupport_cpp.so
[1.444s] -- Set runtime path of "/home/hyx/codes/ros2_work/ros2-learning/install/my_msg/lib/libmy_msg__rosidl_typesupport_cpp.so" to ""
[1.444s] -- Installing: /home/hyx/codes/ros2_work/ros2-learning/install/my_msg/share/my_msg/environment/pythonpath.sh
[1.444s] -- Installing: /home/hyx/codes/ros2_work/ros2-learning/install/my_msg/share/my_msg/environment/pythonpath.dsv
[1.444s] -- Installing: /home/hyx/codes/ros2_work/ros2-learning/install/my_msg/local/lib/python3.10/dist-packages/my_msg-0.0.0-py3.10.egg-info
[1.444s] -- Installing: /home/hyx/codes/ros2_work/ros2-learning/install/my_msg/local/lib/python3.10/dist-packages/my_msg-0.0.0-py3.10.egg-info/dependency_links.txt
[1.445s] -- Installing: /home/hyx/codes/ros2_work/ros2-learning/install/my_msg/local/lib/python3.10/dist-packages/my_msg-0.0.0-py3.10.egg-info/top_level.txt
[1.445s] -- Installing: /home/hyx/codes/ros2_work/ros2-learning/install/my_msg/local/lib/python3.10/dist-packages/my_msg-0.0.0-py3.10.egg-info/PKG-INFO
[1.445s] -- Installing: /home/hyx/codes/ros2_work/ros2-learning/install/my_msg/local/lib/python3.10/dist-packages/my_msg-0.0.0-py3.10.egg-info/SOURCES.txt
[1.445s] -- Installing: /home/hyx/codes/ros2_work/ros2-learning/install/my_msg/local/lib/python3.10/dist-packages/my_msg
[1.445s] -- Installing: /home/hyx/codes/ros2_work/ros2-learning/install/my_msg/local/lib/python3.10/dist-packages/my_msg/my_msg_s__rosidl_typesupport_introspection_c.cpython-310-x86_64-linux-gnu.so
[1.445s] -- Installing: /home/hyx/codes/ros2_work/ros2-learning/install/my_msg/local/lib/python3.10/dist-packages/my_msg/msg
[1.445s] -- Installing: /home/hyx/codes/ros2_work/ros2-learning/install/my_msg/local/lib/python3.10/dist-packages/my_msg/msg/__init__.py
[1.445s] -- Installing: /home/hyx/codes/ros2_work/ros2-learning/install/my_msg/local/lib/python3.10/dist-packages/my_msg/msg/_mymsg_s.c
[1.446s] -- Installing: /home/hyx/codes/ros2_work/ros2-learning/install/my_msg/local/lib/python3.10/dist-packages/my_msg/msg/_mymsg.py
[1.446s] -- Installing: /home/hyx/codes/ros2_work/ros2-learning/install/my_msg/local/lib/python3.10/dist-packages/my_msg/__init__.py
[1.446s] -- Installing: /home/hyx/codes/ros2_work/ros2-learning/install/my_msg/local/lib/python3.10/dist-packages/my_msg/my_msg_s__rosidl_typesupport_c.cpython-310-x86_64-linux-gnu.so
[1.446s] -- Installing: /home/hyx/codes/ros2_work/ros2-learning/install/my_msg/local/lib/python3.10/dist-packages/my_msg/_my_msg_s.ep.rosidl_typesupport_fastrtps_c.c
[1.446s] -- Installing: /home/hyx/codes/ros2_work/ros2-learning/install/my_msg/local/lib/python3.10/dist-packages/my_msg/my_msg_s__rosidl_typesupport_fastrtps_c.cpython-310-x86_64-linux-gnu.so
[1.446s] -- Installing: /home/hyx/codes/ros2_work/ros2-learning/install/my_msg/local/lib/python3.10/dist-packages/my_msg/libmy_msg__rosidl_generator_py.so
[1.446s] -- Installing: /home/hyx/codes/ros2_work/ros2-learning/install/my_msg/local/lib/python3.10/dist-packages/my_msg/_my_msg_s.ep.rosidl_typesupport_c.c
[1.446s] -- Installing: /home/hyx/codes/ros2_work/ros2-learning/install/my_msg/local/lib/python3.10/dist-packages/my_msg/_my_msg_s.ep.rosidl_typesupport_introspection_c.c
[1.473s] Listing '/home/hyx/codes/ros2_work/ros2-learning/install/my_msg/local/lib/python3.10/dist-packages/my_msg'...
[1.474s] Compiling '/home/hyx/codes/ros2_work/ros2-learning/install/my_msg/local/lib/python3.10/dist-packages/my_msg/__init__.py'...
[1.474s] Listing '/home/hyx/codes/ros2_work/ros2-learning/install/my_msg/local/lib/python3.10/dist-packages/my_msg/msg'...
[1.474s] Compiling '/home/hyx/codes/ros2_work/ros2-learning/install/my_msg/local/lib/python3.10/dist-packages/my_msg/msg/__init__.py'...
[1.474s] Compiling '/home/hyx/codes/ros2_work/ros2-learning/install/my_msg/local/lib/python3.10/dist-packages/my_msg/msg/_mymsg.py'...
[1.477s] -- Installing: /home/hyx/codes/ros2_work/ros2-learning/install/my_msg/local/lib/python3.10/dist-packages/my_msg/my_msg_s__rosidl_typesupport_fastrtps_c.cpython-310-x86_64-linux-gnu.so
[1.477s] -- Set runtime path of "/home/hyx/codes/ros2_work/ros2-learning/install/my_msg/local/lib/python3.10/dist-packages/my_msg/my_msg_s__rosidl_typesupport_fastrtps_c.cpython-310-x86_64-linux-gnu.so" to ""
[1.477s] -- Installing: /home/hyx/codes/ros2_work/ros2-learning/install/my_msg/local/lib/python3.10/dist-packages/my_msg/my_msg_s__rosidl_typesupport_introspection_c.cpython-310-x86_64-linux-gnu.so
[1.478s] -- Set runtime path of "/home/hyx/codes/ros2_work/ros2-learning/install/my_msg/local/lib/python3.10/dist-packages/my_msg/my_msg_s__rosidl_typesupport_introspection_c.cpython-310-x86_64-linux-gnu.so" to ""
[1.478s] -- Installing: /home/hyx/codes/ros2_work/ros2-learning/install/my_msg/local/lib/python3.10/dist-packages/my_msg/my_msg_s__rosidl_typesupport_c.cpython-310-x86_64-linux-gnu.so
[1.478s] -- Set runtime path of "/home/hyx/codes/ros2_work/ros2-learning/install/my_msg/local/lib/python3.10/dist-packages/my_msg/my_msg_s__rosidl_typesupport_c.cpython-310-x86_64-linux-gnu.so" to ""
[1.478s] -- Installing: /home/hyx/codes/ros2_work/ros2-learning/install/my_msg/lib/libmy_msg__rosidl_generator_py.so
[1.479s] -- Set runtime path of "/home/hyx/codes/ros2_work/ros2-learning/install/my_msg/lib/libmy_msg__rosidl_generator_py.so" to ""
[1.479s] -- Installing: /home/hyx/codes/ros2_work/ros2-learning/install/my_msg/share/my_msg/msg/Mymsg.idl
[1.479s] -- Installing: /home/hyx/codes/ros2_work/ros2-learning/install/my_msg/share/my_msg/msg/Mymsg.msg
[1.479s] -- Installing: /home/hyx/codes/ros2_work/ros2-learning/install/my_msg/share/ament_index/resource_index/package_run_dependencies/my_msg
[1.479s] -- Installing: /home/hyx/codes/ros2_work/ros2-learning/install/my_msg/share/ament_index/resource_index/parent_prefix_path/my_msg
[1.479s] -- Installing: /home/hyx/codes/ros2_work/ros2-learning/install/my_msg/share/my_msg/environment/ament_prefix_path.sh
[1.479s] -- Installing: /home/hyx/codes/ros2_work/ros2-learning/install/my_msg/share/my_msg/environment/ament_prefix_path.dsv
[1.480s] -- Installing: /home/hyx/codes/ros2_work/ros2-learning/install/my_msg/share/my_msg/environment/path.sh
[1.480s] -- Installing: /home/hyx/codes/ros2_work/ros2-learning/install/my_msg/share/my_msg/environment/path.dsv
[1.480s] -- Installing: /home/hyx/codes/ros2_work/ros2-learning/install/my_msg/share/my_msg/local_setup.bash
[1.480s] -- Installing: /home/hyx/codes/ros2_work/ros2-learning/install/my_msg/share/my_msg/local_setup.sh
[1.480s] -- Installing: /home/hyx/codes/ros2_work/ros2-learning/install/my_msg/share/my_msg/local_setup.zsh
[1.480s] -- Installing: /home/hyx/codes/ros2_work/ros2-learning/install/my_msg/share/my_msg/local_setup.dsv
[1.480s] -- Installing: /home/hyx/codes/ros2_work/ros2-learning/install/my_msg/share/my_msg/package.dsv
[1.481s] -- Installing: /home/hyx/codes/ros2_work/ros2-learning/install/my_msg/share/ament_index/resource_index/packages/my_msg
[1.481s] -- Installing: /home/hyx/codes/ros2_work/ros2-learning/install/my_msg/share/my_msg/cmake/export_my_msg__rosidl_generator_cExport.cmake
[1.481s] -- Installing: /home/hyx/codes/ros2_work/ros2-learning/install/my_msg/share/my_msg/cmake/export_my_msg__rosidl_generator_cExport-noconfig.cmake
[1.481s] -- Installing: /home/hyx/codes/ros2_work/ros2-learning/install/my_msg/share/my_msg/cmake/export_my_msg__rosidl_typesupport_fastrtps_cExport.cmake
[1.481s] -- Installing: /home/hyx/codes/ros2_work/ros2-learning/install/my_msg/share/my_msg/cmake/export_my_msg__rosidl_typesupport_fastrtps_cExport-noconfig.cmake
[1.481s] -- Installing: /home/hyx/codes/ros2_work/ros2-learning/install/my_msg/share/my_msg/cmake/export_my_msg__rosidl_generator_cppExport.cmake
[1.482s] -- Installing: /home/hyx/codes/ros2_work/ros2-learning/install/my_msg/share/my_msg/cmake/export_my_msg__rosidl_typesupport_fastrtps_cppExport.cmake
[1.482s] -- Installing: /home/hyx/codes/ros2_work/ros2-learning/install/my_msg/share/my_msg/cmake/export_my_msg__rosidl_typesupport_fastrtps_cppExport-noconfig.cmake
[1.482s] -- Installing: /home/hyx/codes/ros2_work/ros2-learning/install/my_msg/share/my_msg/cmake/my_msg__rosidl_typesupport_introspection_cExport.cmake
[1.482s] -- Installing: /home/hyx/codes/ros2_work/ros2-learning/install/my_msg/share/my_msg/cmake/my_msg__rosidl_typesupport_introspection_cExport-noconfig.cmake
[1.482s] -- Installing: /home/hyx/codes/ros2_work/ros2-learning/install/my_msg/share/my_msg/cmake/my_msg__rosidl_typesupport_cExport.cmake
[1.482s] -- Installing: /home/hyx/codes/ros2_work/ros2-learning/install/my_msg/share/my_msg/cmake/my_msg__rosidl_typesupport_cExport-noconfig.cmake
[1.483s] -- Installing: /home/hyx/codes/ros2_work/ros2-learning/install/my_msg/share/my_msg/cmake/my_msg__rosidl_typesupport_introspection_cppExport.cmake
[1.483s] -- Installing: /home/hyx/codes/ros2_work/ros2-learning/install/my_msg/share/my_msg/cmake/my_msg__rosidl_typesupport_introspection_cppExport-noconfig.cmake
[1.483s] -- Installing: /home/hyx/codes/ros2_work/ros2-learning/install/my_msg/share/my_msg/cmake/my_msg__rosidl_typesupport_cppExport.cmake
[1.483s] -- Installing: /home/hyx/codes/ros2_work/ros2-learning/install/my_msg/share/my_msg/cmake/my_msg__rosidl_typesupport_cppExport-noconfig.cmake
[1.483s] -- Installing: /home/hyx/codes/ros2_work/ros2-learning/install/my_msg/share/my_msg/cmake/export_my_msg__rosidl_generator_pyExport.cmake
[1.483s] -- Installing: /home/hyx/codes/ros2_work/ros2-learning/install/my_msg/share/my_msg/cmake/export_my_msg__rosidl_generator_pyExport-noconfig.cmake
[1.483s] -- Installing: /home/hyx/codes/ros2_work/ros2-learning/install/my_msg/share/my_msg/cmake/rosidl_cmake-extras.cmake
[1.484s] -- Installing: /home/hyx/codes/ros2_work/ros2-learning/install/my_msg/share/my_msg/cmake/ament_cmake_export_include_directories-extras.cmake
[1.484s] -- Installing: /home/hyx/codes/ros2_work/ros2-learning/install/my_msg/share/my_msg/cmake/ament_cmake_export_libraries-extras.cmake
[1.484s] -- Installing: /home/hyx/codes/ros2_work/ros2-learning/install/my_msg/share/my_msg/cmake/ament_cmake_export_targets-extras.cmake
[1.484s] -- Installing: /home/hyx/codes/ros2_work/ros2-learning/install/my_msg/share/my_msg/cmake/rosidl_cmake_export_typesupport_targets-extras.cmake
[1.484s] -- Installing: /home/hyx/codes/ros2_work/ros2-learning/install/my_msg/share/my_msg/cmake/ament_cmake_export_dependencies-extras.cmake
[1.484s] -- Installing: /home/hyx/codes/ros2_work/ros2-learning/install/my_msg/share/my_msg/cmake/rosidl_cmake_export_typesupport_libraries-extras.cmake
[1.484s] -- Installing: /home/hyx/codes/ros2_work/ros2-learning/install/my_msg/share/my_msg/cmake/my_msgConfig.cmake
[1.484s] -- Installing: /home/hyx/codes/ros2_work/ros2-learning/install/my_msg/share/my_msg/cmake/my_msgConfig-version.cmake
[1.485s] -- Installing: /home/hyx/codes/ros2_work/ros2-learning/install/my_msg/share/my_msg/package.xml
[1.487s] Invoked command in '/home/hyx/codes/ros2_work/ros2-learning/build/my_msg' returned '0': CMAKE_PREFIX_PATH=${CMAKE_PREFIX_PATH}:/opt/ros/humble /usr/bin/cmake --install /home/hyx/codes/ros2_work/ros2-learning/build/my_msg
