[0.011s] Invoking command in '/home/hyx/codes/ros2_work/ros2-learning/build/metric_system': CMAKE_PREFIX_PATH=/home/hyx/codes/ros2_work/ros2-learning/install/my_msg:/home/hyx/codes/ros2_work/ros2-learning/install/work_launch:/home/hyx/codes/ros2_work/ros2-learning/install/metric_system:/home/hyx/codes/ros2_work/ros2-learning/install/british_system:/home/hyx/codes/ros2_work/install/work_launch:/opt/ros/humble LD_LIBRARY_PATH=/home/hyx/codes/ros2_work/ros2-learning/install/my_msg/lib:/opt/MVS/lib/64:/opt/MVS/lib/32:/home/MVS/lib/64:/home/MVS/lib/32:/usr/lib/x86_64-linux-gnu/gazebo-11/plugins:/opt/ros/humble/opt/rviz_ogre_vendor/lib:/opt/ros/humble/lib/x86_64-linux-gnu:/opt/ros/humble/lib:/opt/MVS/lib/64:/opt/MVS/lib/32:/home/MVS/lib/64:/home/MVS/lib/32:/opt/MVS/lib/64:/opt/MVS/lib/32:/home/MVS/lib/64:/home/MVS/lib/32:/opt/MVS/lib/64:/opt/MVS/lib/32:/home/MVS/lib/64:/home/MVS/lib/32 /usr/bin/cmake /home/hyx/codes/ros2_work/ros2-learning/src/metric_system -DCMAKE_INSTALL_PREFIX=/home/hyx/codes/ros2_work/ros2-learning/install/metric_system
[0.056s] -- The C compiler identification is GNU 11.4.0
[0.101s] -- The CXX compiler identification is GNU 11.4.0
[0.107s] -- Detecting C compiler ABI info
[0.167s] -- Detecting C compiler ABI info - done
[0.172s] -- Check for working C compiler: /usr/bin/cc - skipped
[0.173s] -- Detecting C compile features
[0.173s] -- Detecting C compile features - done
[0.175s] -- Detecting CXX compiler ABI info
[0.243s] -- Detecting CXX compiler ABI info - done
[0.249s] -- Check for working CXX compiler: /usr/bin/c++ - skipped
[0.249s] -- Detecting CXX compile features
[0.249s] -- Detecting CXX compile features - done
[0.251s] -- Found ament_cmake: 1.3.11 (/opt/ros/humble/share/ament_cmake/cmake)
[0.369s] -- Found Python3: /usr/bin/python3 (found version "3.10.12") found components: Interpreter 
[0.442s] -- Found rclcpp: 16.0.11 (/opt/ros/humble/share/rclcpp/cmake)
[0.475s] -- Found rosidl_generator_c: 3.1.6 (/opt/ros/humble/share/rosidl_generator_c/cmake)
[0.479s] -- Found rosidl_adapter: 3.1.6 (/opt/ros/humble/share/rosidl_adapter/cmake)
[0.486s] -- Found rosidl_generator_cpp: 3.1.6 (/opt/ros/humble/share/rosidl_generator_cpp/cmake)
[0.495s] -- Using all available rosidl_typesupport_c: rosidl_typesupport_fastrtps_c;rosidl_typesupport_introspection_c
[0.507s] -- Using all available rosidl_typesupport_cpp: rosidl_typesupport_fastrtps_cpp;rosidl_typesupport_introspection_cpp
[0.542s] -- Found rmw_implementation_cmake: 6.1.2 (/opt/ros/humble/share/rmw_implementation_cmake/cmake)
[0.544s] -- Found rmw_fastrtps_cpp: 6.2.7 (/opt/ros/humble/share/rmw_fastrtps_cpp/cmake)
[0.620s] -- Found OpenSSL: /usr/lib/x86_64-linux-gnu/libcrypto.so (found version "3.0.2")  
[0.644s] -- Found FastRTPS: /opt/ros/humble/include  
[0.681s] -- Using RMW implementation 'rmw_fastrtps_cpp' as default
[0.688s] -- Looking for pthread.h
[0.752s] -- Looking for pthread.h - found
[0.752s] -- Performing Test CMAKE_HAVE_LIBC_PTHREAD
[0.817s] -- Performing Test CMAKE_HAVE_LIBC_PTHREAD - Success
[0.818s] -- Found Threads: TRUE  
[0.855s] -- Found my_msg: 0.0.0 (/home/hyx/codes/ros2_work/ros2-learning/install/my_msg/share/my_msg/cmake)
[0.863s] -- Found ament_lint_auto: 0.12.11 (/opt/ros/humble/share/ament_lint_auto/cmake)
[0.924s] -- Added test 'cppcheck' to perform static code analysis on C / C++ code
[0.924s] -- Configured cppcheck include dirs: 
[0.924s] -- Configured cppcheck exclude dirs and/or files: 
[0.924s] -- Added test 'lint_cmake' to check CMake code style
[0.925s] -- Added test 'uncrustify' to check C / C++ code style
[0.925s] -- Configured uncrustify additional arguments: 
[0.926s] -- Added test 'xmllint' to check XML markup files
[0.927s] -- Configuring done
[0.935s] -- Generating done
[0.937s] -- Build files have been written to: /home/hyx/codes/ros2_work/ros2-learning/build/metric_system
[0.945s] Invoked command in '/home/hyx/codes/ros2_work/ros2-learning/build/metric_system' returned '0': CMAKE_PREFIX_PATH=/home/hyx/codes/ros2_work/ros2-learning/install/my_msg:/home/hyx/codes/ros2_work/ros2-learning/install/work_launch:/home/hyx/codes/ros2_work/ros2-learning/install/metric_system:/home/hyx/codes/ros2_work/ros2-learning/install/british_system:/home/hyx/codes/ros2_work/install/work_launch:/opt/ros/humble LD_LIBRARY_PATH=/home/hyx/codes/ros2_work/ros2-learning/install/my_msg/lib:/opt/MVS/lib/64:/opt/MVS/lib/32:/home/MVS/lib/64:/home/MVS/lib/32:/usr/lib/x86_64-linux-gnu/gazebo-11/plugins:/opt/ros/humble/opt/rviz_ogre_vendor/lib:/opt/ros/humble/lib/x86_64-linux-gnu:/opt/ros/humble/lib:/opt/MVS/lib/64:/opt/MVS/lib/32:/home/MVS/lib/64:/home/MVS/lib/32:/opt/MVS/lib/64:/opt/MVS/lib/32:/home/MVS/lib/64:/home/MVS/lib/32:/opt/MVS/lib/64:/opt/MVS/lib/32:/home/MVS/lib/64:/home/MVS/lib/32 /usr/bin/cmake /home/hyx/codes/ros2_work/ros2-learning/src/metric_system -DCMAKE_INSTALL_PREFIX=/home/hyx/codes/ros2_work/ros2-learning/install/metric_system
[0.947s] Invoking command in '/home/hyx/codes/ros2_work/ros2-learning/build/metric_system': CMAKE_PREFIX_PATH=/home/hyx/codes/ros2_work/ros2-learning/install/my_msg:/home/hyx/codes/ros2_work/ros2-learning/install/work_launch:/home/hyx/codes/ros2_work/ros2-learning/install/metric_system:/home/hyx/codes/ros2_work/ros2-learning/install/british_system:/home/hyx/codes/ros2_work/install/work_launch:/opt/ros/humble LD_LIBRARY_PATH=/home/hyx/codes/ros2_work/ros2-learning/install/my_msg/lib:/opt/MVS/lib/64:/opt/MVS/lib/32:/home/MVS/lib/64:/home/MVS/lib/32:/usr/lib/x86_64-linux-gnu/gazebo-11/plugins:/opt/ros/humble/opt/rviz_ogre_vendor/lib:/opt/ros/humble/lib/x86_64-linux-gnu:/opt/ros/humble/lib:/opt/MVS/lib/64:/opt/MVS/lib/32:/home/MVS/lib/64:/home/MVS/lib/32:/opt/MVS/lib/64:/opt/MVS/lib/32:/home/MVS/lib/64:/home/MVS/lib/32:/opt/MVS/lib/64:/opt/MVS/lib/32:/home/MVS/lib/64:/home/MVS/lib/32 /usr/bin/cmake --build /home/hyx/codes/ros2_work/ros2-learning/build/metric_system -- -j16 -l16
[0.993s] [ 50%] [32mBuilding CXX object CMakeFiles/metric_system.dir/src/metric_system.cpp.o[0m
[7.240s] [100%] [32m[1mLinking CXX executable metric_system[0m
[7.504s] [100%] Built target metric_system
[7.515s] Invoked command in '/home/hyx/codes/ros2_work/ros2-learning/build/metric_system' returned '0': CMAKE_PREFIX_PATH=/home/hyx/codes/ros2_work/ros2-learning/install/my_msg:/home/hyx/codes/ros2_work/ros2-learning/install/work_launch:/home/hyx/codes/ros2_work/ros2-learning/install/metric_system:/home/hyx/codes/ros2_work/ros2-learning/install/british_system:/home/hyx/codes/ros2_work/install/work_launch:/opt/ros/humble LD_LIBRARY_PATH=/home/hyx/codes/ros2_work/ros2-learning/install/my_msg/lib:/opt/MVS/lib/64:/opt/MVS/lib/32:/home/MVS/lib/64:/home/MVS/lib/32:/usr/lib/x86_64-linux-gnu/gazebo-11/plugins:/opt/ros/humble/opt/rviz_ogre_vendor/lib:/opt/ros/humble/lib/x86_64-linux-gnu:/opt/ros/humble/lib:/opt/MVS/lib/64:/opt/MVS/lib/32:/home/MVS/lib/64:/home/MVS/lib/32:/opt/MVS/lib/64:/opt/MVS/lib/32:/home/MVS/lib/64:/home/MVS/lib/32:/opt/MVS/lib/64:/opt/MVS/lib/32:/home/MVS/lib/64:/home/MVS/lib/32 /usr/bin/cmake --build /home/hyx/codes/ros2_work/ros2-learning/build/metric_system -- -j16 -l16
[7.525s] Invoking command in '/home/hyx/codes/ros2_work/ros2-learning/build/metric_system': CMAKE_PREFIX_PATH=/home/hyx/codes/ros2_work/ros2-learning/install/my_msg:/home/hyx/codes/ros2_work/ros2-learning/install/work_launch:/home/hyx/codes/ros2_work/ros2-learning/install/metric_system:/home/hyx/codes/ros2_work/ros2-learning/install/british_system:/home/hyx/codes/ros2_work/install/work_launch:/opt/ros/humble LD_LIBRARY_PATH=/home/hyx/codes/ros2_work/ros2-learning/install/my_msg/lib:/opt/MVS/lib/64:/opt/MVS/lib/32:/home/MVS/lib/64:/home/MVS/lib/32:/usr/lib/x86_64-linux-gnu/gazebo-11/plugins:/opt/ros/humble/opt/rviz_ogre_vendor/lib:/opt/ros/humble/lib/x86_64-linux-gnu:/opt/ros/humble/lib:/opt/MVS/lib/64:/opt/MVS/lib/32:/home/MVS/lib/64:/home/MVS/lib/32:/opt/MVS/lib/64:/opt/MVS/lib/32:/home/MVS/lib/64:/home/MVS/lib/32:/opt/MVS/lib/64:/opt/MVS/lib/32:/home/MVS/lib/64:/home/MVS/lib/32 /usr/bin/cmake --install /home/hyx/codes/ros2_work/ros2-learning/build/metric_system
[7.532s] -- Install configuration: ""
[7.532s] -- Installing: /home/hyx/codes/ros2_work/ros2-learning/install/metric_system/lib/metric_system/metric_system
[7.535s] -- Set runtime path of "/home/hyx/codes/ros2_work/ros2-learning/install/metric_system/lib/metric_system/metric_system" to ""
[7.536s] -- Installing: /home/hyx/codes/ros2_work/ros2-learning/install/metric_system/share/ament_index/resource_index/package_run_dependencies/metric_system
[7.536s] -- Installing: /home/hyx/codes/ros2_work/ros2-learning/install/metric_system/share/ament_index/resource_index/parent_prefix_path/metric_system
[7.536s] -- Installing: /home/hyx/codes/ros2_work/ros2-learning/install/metric_system/share/metric_system/environment/ament_prefix_path.sh
[7.536s] -- Installing: /home/hyx/codes/ros2_work/ros2-learning/install/metric_system/share/metric_system/environment/ament_prefix_path.dsv
[7.536s] -- Installing: /home/hyx/codes/ros2_work/ros2-learning/install/metric_system/share/metric_system/environment/path.sh
[7.537s] -- Installing: /home/hyx/codes/ros2_work/ros2-learning/install/metric_system/share/metric_system/environment/path.dsv
[7.537s] -- Installing: /home/hyx/codes/ros2_work/ros2-learning/install/metric_system/share/metric_system/local_setup.bash
[7.537s] -- Installing: /home/hyx/codes/ros2_work/ros2-learning/install/metric_system/share/metric_system/local_setup.sh
[7.537s] -- Installing: /home/hyx/codes/ros2_work/ros2-learning/install/metric_system/share/metric_system/local_setup.zsh
[7.537s] -- Installing: /home/hyx/codes/ros2_work/ros2-learning/install/metric_system/share/metric_system/local_setup.dsv
[7.537s] -- Installing: /home/hyx/codes/ros2_work/ros2-learning/install/metric_system/share/metric_system/package.dsv
[7.538s] -- Installing: /home/hyx/codes/ros2_work/ros2-learning/install/metric_system/share/ament_index/resource_index/packages/metric_system
[7.538s] -- Installing: /home/hyx/codes/ros2_work/ros2-learning/install/metric_system/share/metric_system/cmake/metric_systemConfig.cmake
[7.538s] -- Installing: /home/hyx/codes/ros2_work/ros2-learning/install/metric_system/share/metric_system/cmake/metric_systemConfig-version.cmake
[7.538s] -- Installing: /home/hyx/codes/ros2_work/ros2-learning/install/metric_system/share/metric_system/package.xml
[7.540s] Invoked command in '/home/hyx/codes/ros2_work/ros2-learning/build/metric_system' returned '0': CMAKE_PREFIX_PATH=/home/hyx/codes/ros2_work/ros2-learning/install/my_msg:/home/hyx/codes/ros2_work/ros2-learning/install/work_launch:/home/hyx/codes/ros2_work/ros2-learning/install/metric_system:/home/hyx/codes/ros2_work/ros2-learning/install/british_system:/home/hyx/codes/ros2_work/install/work_launch:/opt/ros/humble LD_LIBRARY_PATH=/home/hyx/codes/ros2_work/ros2-learning/install/my_msg/lib:/opt/MVS/lib/64:/opt/MVS/lib/32:/home/MVS/lib/64:/home/MVS/lib/32:/usr/lib/x86_64-linux-gnu/gazebo-11/plugins:/opt/ros/humble/opt/rviz_ogre_vendor/lib:/opt/ros/humble/lib/x86_64-linux-gnu:/opt/ros/humble/lib:/opt/MVS/lib/64:/opt/MVS/lib/32:/home/MVS/lib/64:/home/MVS/lib/32:/opt/MVS/lib/64:/opt/MVS/lib/32:/home/MVS/lib/64:/home/MVS/lib/32:/opt/MVS/lib/64:/opt/MVS/lib/32:/home/MVS/lib/64:/home/MVS/lib/32 /usr/bin/cmake --install /home/hyx/codes/ros2_work/ros2-learning/build/metric_system
