[0.007s] Invoking command in '/home/navi/learn_ros2/publisher_cpp/src/build/metric_system': CMAKE_PREFIX_PATH=${CMAKE_PREFIX_PATH}:/opt/ros/humble CONDA_PROMPT_MODIFIER=(base) /usr/bin/cmake /home/navi/learn_ros2/publisher_cpp/src/metric_system -DCMAKE_INSTALL_PREFIX=/home/navi/learn_ros2/publisher_cpp/src/install/metric_system
[0.014s] -- Found ament_cmake: 1.3.11 (/opt/ros/humble/share/ament_cmake/cmake)
[0.097s] -- Override CMake install command with custom implementation using symlinks instead of copying resources
[0.100s] -- Found rclcpp: 16.0.11 (/opt/ros/humble/share/rclcpp/cmake)
[0.114s] -- Found rosidl_generator_c: 3.1.6 (/opt/ros/humble/share/rosidl_generator_c/cmake)
[0.115s] -- Found rosidl_adapter: 3.1.6 (/opt/ros/humble/share/rosidl_adapter/cmake)
[0.117s] -- Found rosidl_generator_cpp: 3.1.6 (/opt/ros/humble/share/rosidl_generator_cpp/cmake)
[0.122s] -- Using all available rosidl_typesupport_c: rosidl_typesupport_fastrtps_c;rosidl_typesupport_introspection_c
[0.128s] -- Using all available rosidl_typesupport_cpp: rosidl_typesupport_fastrtps_cpp;rosidl_typesupport_introspection_cpp
[0.143s] -- Found rmw_implementation_cmake: 6.1.2 (/opt/ros/humble/share/rmw_implementation_cmake/cmake)
[0.143s] -- Found rmw_fastrtps_cpp: 6.2.7 (/opt/ros/humble/share/rmw_fastrtps_cpp/cmake)
[0.206s] -- Using RMW implementation 'rmw_fastrtps_cpp' as default
[0.239s] -- Found ament_lint_auto: 0.12.11 (/opt/ros/humble/share/ament_lint_auto/cmake)
[0.283s] -- Added test 'cppcheck' to perform static code analysis on C / C++ code
[0.283s] -- Configured cppcheck include dirs: 
[0.283s] -- Configured cppcheck exclude dirs and/or files: 
[0.284s] -- Added test 'flake8' to check Python code syntax and style conventions
[0.284s] -- Added test 'lint_cmake' to check CMake code style
[0.284s] -- Added test 'pep257' to check Python code against some of the docstring style conventions in PEP 257
[0.284s] -- Added test 'uncrustify' to check C / C++ code style
[0.284s] -- Configured uncrustify additional arguments: 
[0.284s] -- Added test 'xmllint' to check XML markup files
[0.284s] -- Configuring done
[0.288s] -- Generating done
[0.289s] -- Build files have been written to: /home/navi/learn_ros2/publisher_cpp/src/build/metric_system
[0.294s] Invoked command in '/home/navi/learn_ros2/publisher_cpp/src/build/metric_system' returned '0': CMAKE_PREFIX_PATH=${CMAKE_PREFIX_PATH}:/opt/ros/humble CONDA_PROMPT_MODIFIER=(base) /usr/bin/cmake /home/navi/learn_ros2/publisher_cpp/src/metric_system -DCMAKE_INSTALL_PREFIX=/home/navi/learn_ros2/publisher_cpp/src/install/metric_system
[0.294s] Invoking command in '/home/navi/learn_ros2/publisher_cpp/src/build/metric_system': CMAKE_PREFIX_PATH=${CMAKE_PREFIX_PATH}:/opt/ros/humble CONDA_PROMPT_MODIFIER=(base) /usr/bin/cmake --build /home/navi/learn_ros2/publisher_cpp/src/build/metric_system -- -j32 -l32
[0.329s] [35m[1mConsolidate compiler generated dependencies of target metric_system_node[0m
[0.353s] [100%] Built target metric_system_node
[0.368s] Invoked command in '/home/navi/learn_ros2/publisher_cpp/src/build/metric_system' returned '0': CMAKE_PREFIX_PATH=${CMAKE_PREFIX_PATH}:/opt/ros/humble CONDA_PROMPT_MODIFIER=(base) /usr/bin/cmake --build /home/navi/learn_ros2/publisher_cpp/src/build/metric_system -- -j32 -l32
[0.378s] Invoking command in '/home/navi/learn_ros2/publisher_cpp/src/build/metric_system': CMAKE_PREFIX_PATH=${CMAKE_PREFIX_PATH}:/opt/ros/humble CONDA_PROMPT_MODIFIER=(base) /usr/bin/cmake --install /home/navi/learn_ros2/publisher_cpp/src/build/metric_system
[0.386s] -- Install configuration: ""
[0.387s] -- Execute custom install script
[0.387s] -- Up-to-date symlink: /home/navi/learn_ros2/publisher_cpp/src/install/metric_system/share/metric_system/launch/launch.py
[0.387s] -- Up-to-date symlink: /home/navi/learn_ros2/publisher_cpp/src/install/metric_system/lib/metric_system/metric_system_node
[0.388s] -- Up-to-date symlink: /home/navi/learn_ros2/publisher_cpp/src/install/metric_system/share/ament_index/resource_index/package_run_dependencies/metric_system
[0.388s] -- Up-to-date symlink: /home/navi/learn_ros2/publisher_cpp/src/install/metric_system/share/ament_index/resource_index/parent_prefix_path/metric_system
[0.388s] -- Up-to-date symlink: /home/navi/learn_ros2/publisher_cpp/src/install/metric_system/share/metric_system/environment/ament_prefix_path.sh
[0.388s] -- Up-to-date symlink: /home/navi/learn_ros2/publisher_cpp/src/install/metric_system/share/metric_system/environment/ament_prefix_path.dsv
[0.388s] -- Up-to-date symlink: /home/navi/learn_ros2/publisher_cpp/src/install/metric_system/share/metric_system/environment/path.sh
[0.389s] -- Up-to-date symlink: /home/navi/learn_ros2/publisher_cpp/src/install/metric_system/share/metric_system/environment/path.dsv
[0.389s] -- Up-to-date symlink: /home/navi/learn_ros2/publisher_cpp/src/install/metric_system/share/metric_system/local_setup.bash
[0.389s] -- Up-to-date symlink: /home/navi/learn_ros2/publisher_cpp/src/install/metric_system/share/metric_system/local_setup.sh
[0.389s] -- Up-to-date symlink: /home/navi/learn_ros2/publisher_cpp/src/install/metric_system/share/metric_system/local_setup.zsh
[0.389s] -- Up-to-date symlink: /home/navi/learn_ros2/publisher_cpp/src/install/metric_system/share/metric_system/local_setup.dsv
[0.389s] -- Symlinking: /home/navi/learn_ros2/publisher_cpp/src/install/metric_system/share/metric_system/package.dsv
[0.400s] -- Up-to-date symlink: /home/navi/learn_ros2/publisher_cpp/src/install/metric_system/share/ament_index/resource_index/packages/metric_system
[0.400s] -- Up-to-date symlink: /home/navi/learn_ros2/publisher_cpp/src/install/metric_system/share/metric_system/cmake/metric_systemConfig.cmake
[0.400s] -- Up-to-date symlink: /home/navi/learn_ros2/publisher_cpp/src/install/metric_system/share/metric_system/cmake/metric_systemConfig-version.cmake
[0.400s] -- Up-to-date symlink: /home/navi/learn_ros2/publisher_cpp/src/install/metric_system/share/metric_system/package.xml
[0.402s] Invoked command in '/home/navi/learn_ros2/publisher_cpp/src/build/metric_system' returned '0': CMAKE_PREFIX_PATH=${CMAKE_PREFIX_PATH}:/opt/ros/humble CONDA_PROMPT_MODIFIER=(base) /usr/bin/cmake --install /home/navi/learn_ros2/publisher_cpp/src/build/metric_system
