running develop
running egg_info
creating src/metric_system.egg-info
writing src/metric_system.egg-info/PKG-INFO
writing dependency_links to src/metric_system.egg-info/dependency_links.txt
writing entry points to src/metric_system.egg-info/entry_points.txt
writing requirements to src/metric_system.egg-info/requires.txt
writing top-level names to src/metric_system.egg-info/top_level.txt
writing manifest file 'src/metric_system.egg-info/SOURCES.txt'
reading manifest file 'src/metric_system.egg-info/SOURCES.txt'
writing manifest file 'src/metric_system.egg-info/SOURCES.txt'
running build_ext
Creating /home/navi/learn_ros2/publisher_3.3/install/metric_system/lib/python3.10/site-packages/metric-system.egg-link (link to src)
Installing meter_converter script to /home/navi/learn_ros2/publisher_3.3/install/metric_system/lib/metric_system

Installed /home/navi/learn_ros2/publisher_3.3/build/metric_system/src
running symlink_data
creating /home/navi/learn_ros2/publisher_3.3/install/metric_system/share/ament_index
creating /home/navi/learn_ros2/publisher_3.3/install/metric_system/share/ament_index/resource_index
creating /home/navi/learn_ros2/publisher_3.3/install/metric_system/share/ament_index/resource_index/packages
symbolically linking /home/navi/learn_ros2/publisher_3.3/build/metric_system/resource/metric_system -> /home/navi/learn_ros2/publisher_3.3/install/metric_system/share/ament_index/resource_index/packages
symbolically linking /home/navi/learn_ros2/publisher_3.3/build/metric_system/package.xml -> /home/navi/learn_ros2/publisher_3.3/install/metric_system/share/metric_system
