[0.409s] Invoking command in '/home/navi/learn_ros2/publisher_3.3/build/metric_system': CONDA_PROMPT_MODIFIER=(base) PYTHONPATH=/home/navi/learn_ros2/publisher_3.3/build/metric_system/prefix_override:/usr/lib/python3/dist-packages/colcon_core/task/python/colcon_distutils_commands:/home/navi/learn_ros2/publisher_3.3/install/metric_system/lib/python3.10/site-packages:${PYTHONPATH} /usr/bin/python3 -W ignore:setup.py install is deprecated -W ignore:easy_install command is deprecated setup.py develop --editable --build-directory /home/navi/learn_ros2/publisher_3.3/build/metric_system/build --no-deps symlink_data
[0.533s] running develop
[0.603s] running egg_info
[0.603s] creating src/metric_system.egg-info
[0.603s] writing src/metric_system.egg-info/PKG-INFO
[0.603s] writing dependency_links to src/metric_system.egg-info/dependency_links.txt
[0.603s] writing entry points to src/metric_system.egg-info/entry_points.txt
[0.603s] writing requirements to src/metric_system.egg-info/requires.txt
[0.603s] writing top-level names to src/metric_system.egg-info/top_level.txt
[0.604s] writing manifest file 'src/metric_system.egg-info/SOURCES.txt'
[0.605s] reading manifest file 'src/metric_system.egg-info/SOURCES.txt'
[0.605s] writing manifest file 'src/metric_system.egg-info/SOURCES.txt'
[0.606s] running build_ext
[0.606s] Creating /home/navi/learn_ros2/publisher_3.3/install/metric_system/lib/python3.10/site-packages/metric-system.egg-link (link to src)
[0.607s] Installing meter_converter script to /home/navi/learn_ros2/publisher_3.3/install/metric_system/lib/metric_system
[0.607s] 
[0.607s] Installed /home/navi/learn_ros2/publisher_3.3/build/metric_system/src
[0.607s] running symlink_data
[0.607s] creating /home/navi/learn_ros2/publisher_3.3/install/metric_system/share/ament_index
[0.607s] creating /home/navi/learn_ros2/publisher_3.3/install/metric_system/share/ament_index/resource_index
[0.607s] creating /home/navi/learn_ros2/publisher_3.3/install/metric_system/share/ament_index/resource_index/packages
[0.607s] symbolically linking /home/navi/learn_ros2/publisher_3.3/build/metric_system/resource/metric_system -> /home/navi/learn_ros2/publisher_3.3/install/metric_system/share/ament_index/resource_index/packages
[0.607s] symbolically linking /home/navi/learn_ros2/publisher_3.3/build/metric_system/package.xml -> /home/navi/learn_ros2/publisher_3.3/install/metric_system/share/metric_system
[0.634s] Invoked command in '/home/navi/learn_ros2/publisher_3.3/build/metric_system' returned '0': CONDA_PROMPT_MODIFIER=(base) PYTHONPATH=/home/navi/learn_ros2/publisher_3.3/build/metric_system/prefix_override:/usr/lib/python3/dist-packages/colcon_core/task/python/colcon_distutils_commands:/home/navi/learn_ros2/publisher_3.3/install/metric_system/lib/python3.10/site-packages:${PYTHONPATH} /usr/bin/python3 -W ignore:setup.py install is deprecated -W ignore:easy_install command is deprecated setup.py develop --editable --build-directory /home/navi/learn_ros2/publisher_3.3/build/metric_system/build --no-deps symlink_data
