[0.008s] Invoking command in '/home/hyx/codes/ros2_work/ros2-learning/build/work_launch': /usr/bin/cmake /home/hyx/codes/ros2_work/ros2-learning/src/work_launch -DCMAKE_INSTALL_PREFIX=/home/hyx/codes/ros2_work/ros2-learning/install/work_launch
[0.053s] -- The C compiler identification is GNU 11.4.0
[0.098s] -- The CXX compiler identification is GNU 11.4.0
[0.105s] -- Detecting C compiler ABI info
[0.166s] -- Detecting C compiler ABI info - done
[0.171s] -- Check for working C compiler: /usr/bin/cc - skipped
[0.172s] -- Detecting C compile features
[0.172s] -- Detecting C compile features - done
[0.174s] -- Detecting CXX compiler ABI info
[0.245s] -- Detecting CXX compiler ABI info - done
[0.251s] -- Check for working CXX compiler: /usr/bin/c++ - skipped
[0.251s] -- Detecting CXX compile features
[0.251s] -- Detecting CXX compile features - done
[0.253s] -- Found ament_cmake: 1.3.11 (/opt/ros/humble/share/ament_cmake/cmake)
[0.371s] -- Found Python3: /usr/bin/python3 (found version "3.10.12") found components: Interpreter 
[0.444s] -- Found ament_lint_auto: 0.12.11 (/opt/ros/humble/share/ament_lint_auto/cmake)
[0.444s] [0mCMake Error: File /home/hyx/codes/ros2_work/ros2-learning/src/work_launch/package.xml does not exist.[0m
[0.444s] [31mCMake Error at /opt/ros/humble/share/ament_cmake_core/cmake/core/stamp.cmake:24 (configure_file):
[0.444s]   configure_file Problem configuring file
[0.444s] Call Stack (most recent call first):
[0.444s]   /opt/ros/humble/share/ament_cmake_core/cmake/core/ament_package_xml.cmake:73 (stamp)
[0.444s]   /opt/ros/humble/share/ament_cmake_core/cmake/core/ament_package_xml.cmake:49 (_ament_package_xml)
[0.444s]   /opt/ros/humble/share/ament_lint_auto/cmake/ament_lint_auto_find_test_dependencies.cmake:31 (ament_package_xml)
[0.445s]   CMakeLists.txt:25 (ament_lint_auto_find_test_dependencies)
[0.445s] 
[0.445s] [0m
[0.445s] [0mCMake Error: File /home/hyx/codes/ros2_work/ros2-learning/src/work_launch/package.xml does not exist.[0m
[0.445s] [31mCMake Error at /opt/ros/humble/share/ament_cmake_core/cmake/core/stamp.cmake:24 (configure_file):
[0.445s]   configure_file Problem configuring file
[0.445s] Call Stack (most recent call first):
[0.445s]   /opt/ros/humble/share/ament_cmake_core/cmake/core/ament_package_xml.cmake:73 (stamp)
[0.445s]   /opt/ros/humble/share/ament_cmake_core/cmake/core/ament_package_xml.cmake:49 (_ament_package_xml)
[0.445s]   /opt/ros/humble/share/ament_cmake_core/cmake/core/ament_package.cmake:63 (ament_package_xml)
[0.445s]   CMakeLists.txt:28 (ament_package)
[0.445s] 
[0.445s] [0m
[0.447s] -- Configuring incomplete, errors occurred!
[0.447s] See also "/home/hyx/codes/ros2_work/ros2-learning/build/work_launch/CMakeFiles/CMakeOutput.log".
[0.451s] Invoked command in '/home/hyx/codes/ros2_work/ros2-learning/build/work_launch' returned '1': /usr/bin/cmake /home/hyx/codes/ros2_work/ros2-learning/src/work_launch -DCMAKE_INSTALL_PREFIX=/home/hyx/codes/ros2_work/ros2-learning/install/work_launch
