[0.007s] Invoking command in '/home/navi/learn_ros2/publisher_cpp/build/metric_system': CMAKE_PREFIX_PATH=${CMAKE_PREFIX_PATH}:/opt/ros/humble CONDA_PROMPT_MODIFIER=(base) /usr/bin/cmake /home/navi/learn_ros2/publisher_cpp/src/metric_system -DAMENT_CMAKE_SYMLINK_INSTALL=1 -DCMAKE_INSTALL_PREFIX=/home/navi/learn_ros2/publisher_cpp/install/metric_system
[0.079s] -- The C compiler identification is GNU 11.4.0
[0.150s] -- The CXX compiler identification is GNU 11.4.0
[0.156s] -- Detecting C compiler ABI info
[0.221s] -- Detecting C compiler ABI info - done
[0.225s] -- Check for working C compiler: /usr/bin/cc - skipped
[0.225s] -- Detecting C compile features
[0.225s] -- Detecting C compile features - done
[0.226s] -- Detecting CXX compiler ABI info
[0.334s] -- Detecting CXX compiler ABI info - done
[0.338s] -- Check for working CXX compiler: /usr/bin/c++ - skipped
[0.338s] -- Detecting CXX compile features
[0.338s] -- Detecting CXX compile features - done
[0.340s] -- Found ament_cmake: 1.3.11 (/opt/ros/humble/share/ament_cmake/cmake)
[0.603s] -- Found Python3: /home/navi/miniconda3/bin/python3 (found version "3.12.9") found components: Interpreter 
[0.658s] -- Override CMake install command with custom implementation using symlinks instead of copying resources
[0.675s] -- Found rclcpp: 16.0.11 (/opt/ros/humble/share/rclcpp/cmake)
[0.695s] -- Found rosidl_generator_c: 3.1.6 (/opt/ros/humble/share/rosidl_generator_c/cmake)
[0.696s] -- Found rosidl_adapter: 3.1.6 (/opt/ros/humble/share/rosidl_adapter/cmake)
[0.700s] -- Found rosidl_generator_cpp: 3.1.6 (/opt/ros/humble/share/rosidl_generator_cpp/cmake)
[0.705s] -- Using all available rosidl_typesupport_c: rosidl_typesupport_fastrtps_c;rosidl_typesupport_introspection_c
[0.713s] -- Using all available rosidl_typesupport_cpp: rosidl_typesupport_fastrtps_cpp;rosidl_typesupport_introspection_cpp
[0.732s] -- Found rmw_implementation_cmake: 6.1.2 (/opt/ros/humble/share/rmw_implementation_cmake/cmake)
[0.733s] -- Found rmw_fastrtps_cpp: 6.2.7 (/opt/ros/humble/share/rmw_fastrtps_cpp/cmake)
[0.792s] -- Found OpenSSL: /usr/lib/x86_64-linux-gnu/libcrypto.so (found version "3.0.2")  
[0.811s] -- Found FastRTPS: /opt/ros/humble/include  
[0.835s] -- Using RMW implementation 'rmw_fastrtps_cpp' as default
[0.838s] -- Looking for pthread.h
[0.935s] -- Looking for pthread.h - found
[0.936s] -- Performing Test CMAKE_HAVE_LIBC_PTHREAD
[1.023s] -- Performing Test CMAKE_HAVE_LIBC_PTHREAD - Success
[1.024s] -- Found Threads: TRUE  
[1.050s] -- Found ament_lint_auto: 0.12.11 (/opt/ros/humble/share/ament_lint_auto/cmake)
[1.114s] -- Added test 'cppcheck' to perform static code analysis on C / C++ code
[1.114s] -- Configured cppcheck include dirs: 
[1.114s] -- Configured cppcheck exclude dirs and/or files: 
[1.114s] -- Added test 'flake8' to check Python code syntax and style conventions
[1.114s] -- Added test 'lint_cmake' to check CMake code style
[1.114s] -- Added test 'pep257' to check Python code against some of the docstring style conventions in PEP 257
[1.115s] -- Added test 'uncrustify' to check C / C++ code style
[1.115s] -- Configured uncrustify additional arguments: 
[1.115s] -- Added test 'xmllint' to check XML markup files
[1.116s] -- Configuring done
[1.120s] -- Generating done
[1.122s] -- Build files have been written to: /home/navi/learn_ros2/publisher_cpp/build/metric_system
[1.129s] Invoked command in '/home/navi/learn_ros2/publisher_cpp/build/metric_system' returned '0': CMAKE_PREFIX_PATH=${CMAKE_PREFIX_PATH}:/opt/ros/humble CONDA_PROMPT_MODIFIER=(base) /usr/bin/cmake /home/navi/learn_ros2/publisher_cpp/src/metric_system -DAMENT_CMAKE_SYMLINK_INSTALL=1 -DCMAKE_INSTALL_PREFIX=/home/navi/learn_ros2/publisher_cpp/install/metric_system
[1.130s] Invoking command in '/home/navi/learn_ros2/publisher_cpp/build/metric_system': CMAKE_PREFIX_PATH=${CMAKE_PREFIX_PATH}:/opt/ros/humble CONDA_PROMPT_MODIFIER=(base) /usr/bin/cmake --build /home/navi/learn_ros2/publisher_cpp/build/metric_system -- -j32 -l32
[1.219s] [ 50%] [32mBuilding CXX object CMakeFiles/metric_system_node.dir/src/metric_system_node.cpp.o[0m
[5.779s] [100%] [32m[1mLinking CXX executable metric_system_node[0m
[6.028s] [100%] Built target metric_system_node
[6.040s] Invoked command in '/home/navi/learn_ros2/publisher_cpp/build/metric_system' returned '0': CMAKE_PREFIX_PATH=${CMAKE_PREFIX_PATH}:/opt/ros/humble CONDA_PROMPT_MODIFIER=(base) /usr/bin/cmake --build /home/navi/learn_ros2/publisher_cpp/build/metric_system -- -j32 -l32
[6.051s] Invoking command in '/home/navi/learn_ros2/publisher_cpp/build/metric_system': CMAKE_PREFIX_PATH=${CMAKE_PREFIX_PATH}:/opt/ros/humble CONDA_PROMPT_MODIFIER=(base) /usr/bin/cmake --install /home/navi/learn_ros2/publisher_cpp/build/metric_system
[6.065s] -- Install configuration: ""
[6.066s] -- Execute custom install script
[6.066s] -- Symlinking: /home/navi/learn_ros2/publisher_cpp/install/metric_system/lib/metric_system/metric_system_node
[6.085s] -- Symlinking: /home/navi/learn_ros2/publisher_cpp/install/metric_system/share/ament_index/resource_index/package_run_dependencies/metric_system
[6.102s] -- Symlinking: /home/navi/learn_ros2/publisher_cpp/install/metric_system/share/ament_index/resource_index/parent_prefix_path/metric_system
[6.117s] -- Symlinking: /home/navi/learn_ros2/publisher_cpp/install/metric_system/share/metric_system/environment/ament_prefix_path.sh
[6.132s] -- Symlinking: /home/navi/learn_ros2/publisher_cpp/install/metric_system/share/metric_system/environment/ament_prefix_path.dsv
[6.145s] -- Symlinking: /home/navi/learn_ros2/publisher_cpp/install/metric_system/share/metric_system/environment/path.sh
[6.156s] -- Symlinking: /home/navi/learn_ros2/publisher_cpp/install/metric_system/share/metric_system/environment/path.dsv
[6.166s] -- Symlinking: /home/navi/learn_ros2/publisher_cpp/install/metric_system/share/metric_system/local_setup.bash
[6.171s] -- Symlinking: /home/navi/learn_ros2/publisher_cpp/install/metric_system/share/metric_system/local_setup.sh
[6.178s] -- Symlinking: /home/navi/learn_ros2/publisher_cpp/install/metric_system/share/metric_system/local_setup.zsh
[6.186s] -- Symlinking: /home/navi/learn_ros2/publisher_cpp/install/metric_system/share/metric_system/local_setup.dsv
[6.193s] -- Symlinking: /home/navi/learn_ros2/publisher_cpp/install/metric_system/share/metric_system/package.dsv
[6.200s] -- Symlinking: /home/navi/learn_ros2/publisher_cpp/install/metric_system/share/ament_index/resource_index/packages/metric_system
[6.208s] -- Symlinking: /home/navi/learn_ros2/publisher_cpp/install/metric_system/share/metric_system/cmake/ament_cmake_export_dependencies-extras.cmake
[6.218s] -- Symlinking: /home/navi/learn_ros2/publisher_cpp/install/metric_system/share/metric_system/cmake/metric_systemConfig.cmake
[6.226s] -- Symlinking: /home/navi/learn_ros2/publisher_cpp/install/metric_system/share/metric_system/cmake/metric_systemConfig-version.cmake
[6.238s] -- Symlinking: /home/navi/learn_ros2/publisher_cpp/install/metric_system/share/metric_system/package.xml
[6.245s] -- Installing: /home/navi/learn_ros2/publisher_cpp/install/metric_system/share/metric_system/launch
[6.245s] -- Installing: /home/navi/learn_ros2/publisher_cpp/install/metric_system/share/metric_system/launch/launch.py
[6.247s] Invoked command in '/home/navi/learn_ros2/publisher_cpp/build/metric_system' returned '0': CMAKE_PREFIX_PATH=${CMAKE_PREFIX_PATH}:/opt/ros/humble CONDA_PROMPT_MODIFIER=(base) /usr/bin/cmake --install /home/navi/learn_ros2/publisher_cpp/build/metric_system
