running egg_info
creating ../../build/metric_system/metric_system.egg-info
writing ../../build/metric_system/metric_system.egg-info/PKG-INFO
writing dependency_links to ../../build/metric_system/metric_system.egg-info/dependency_links.txt
writing entry points to ../../build/metric_system/metric_system.egg-info/entry_points.txt
writing requirements to ../../build/metric_system/metric_system.egg-info/requires.txt
writing top-level names to ../../build/metric_system/metric_system.egg-info/top_level.txt
writing manifest file '../../build/metric_system/metric_system.egg-info/SOURCES.txt'
reading manifest file '../../build/metric_system/metric_system.egg-info/SOURCES.txt'
adding license file 'LICENSE'
writing manifest file '../../build/metric_system/metric_system.egg-info/SOURCES.txt'
running build
running build_py
creating /home/navi/learn_ros2/publisher_3.3/build/metric_system/build
creating /home/navi/learn_ros2/publisher_3.3/build/metric_system/build/lib
creating /home/navi/learn_ros2/publisher_3.3/build/metric_system/build/lib/metric_system
copying metric_system/__init__.py -> /home/navi/learn_ros2/publisher_3.3/build/metric_system/build/lib/metric_system
copying metric_system/meter_converter.py -> /home/navi/learn_ros2/publisher_3.3/build/metric_system/build/lib/metric_system
running install
running install_lib
creating /home/navi/learn_ros2/publisher_3.3/install/metric_system/lib/python3.10/site-packages/metric_system
copying /home/navi/learn_ros2/publisher_3.3/build/metric_system/build/lib/metric_system/__init__.py -> /home/navi/learn_ros2/publisher_3.3/install/metric_system/lib/python3.10/site-packages/metric_system
copying /home/navi/learn_ros2/publisher_3.3/build/metric_system/build/lib/metric_system/meter_converter.py -> /home/navi/learn_ros2/publisher_3.3/install/metric_system/lib/python3.10/site-packages/metric_system
byte-compiling /home/navi/learn_ros2/publisher_3.3/install/metric_system/lib/python3.10/site-packages/metric_system/__init__.py to __init__.cpython-310.pyc
byte-compiling /home/navi/learn_ros2/publisher_3.3/install/metric_system/lib/python3.10/site-packages/metric_system/meter_converter.py to meter_converter.cpython-310.pyc
running install_data
running install_egg_info
Copying ../../build/metric_system/metric_system.egg-info to /home/navi/learn_ros2/publisher_3.3/install/metric_system/lib/python3.10/site-packages/metric_system-0.0.0-py3.10.egg-info
running install_scripts
Installing meter_converter script to /home/navi/learn_ros2/publisher_3.3/install/metric_system/lib/metric_system
writing list of installed files to '/home/navi/learn_ros2/publisher_3.3/build/metric_system/install.log'
