[0.010s] Invoking command in '/home/hyx/codes/ros2_work/ros2-learning/build/work_launch': CMAKE_PREFIX_PATH=${CMAKE_PREFIX_PATH}:/opt/ros/humble /usr/bin/cmake --build /home/hyx/codes/ros2_work/ros2-learning/build/work_launch -- -j16 -l16
[0.047s] Invoked command in '/home/hyx/codes/ros2_work/ros2-learning/build/work_launch' returned '0': CMAKE_PREFIX_PATH=${CMAKE_PREFIX_PATH}:/opt/ros/humble /usr/bin/cmake --build /home/hyx/codes/ros2_work/ros2-learning/build/work_launch -- -j16 -l16
[0.057s] Invoking command in '/home/hyx/codes/ros2_work/ros2-learning/build/work_launch': CMAKE_PREFIX_PATH=${CMAKE_PREFIX_PATH}:/opt/ros/humble /usr/bin/cmake --install /home/hyx/codes/ros2_work/ros2-learning/build/work_launch
[0.064s] -- Install configuration: ""
[0.064s] -- Up-to-date: /home/hyx/codes/ros2_work/ros2-learning/install/work_launch/share/work_launch/launch
[0.064s] -- Up-to-date: /home/hyx/codes/ros2_work/ros2-learning/install/work_launch/share/work_launch/launch/work_launch.py
[0.064s] -- Up-to-date: /home/hyx/codes/ros2_work/ros2-learning/install/work_launch/share/ament_index/resource_index/package_run_dependencies/work_launch
[0.064s] -- Up-to-date: /home/hyx/codes/ros2_work/ros2-learning/install/work_launch/share/ament_index/resource_index/parent_prefix_path/work_launch
[0.064s] -- Up-to-date: /home/hyx/codes/ros2_work/ros2-learning/install/work_launch/share/work_launch/environment/ament_prefix_path.sh
[0.064s] -- Up-to-date: /home/hyx/codes/ros2_work/ros2-learning/install/work_launch/share/work_launch/environment/ament_prefix_path.dsv
[0.065s] -- Up-to-date: /home/hyx/codes/ros2_work/ros2-learning/install/work_launch/share/work_launch/environment/path.sh
[0.065s] -- Up-to-date: /home/hyx/codes/ros2_work/ros2-learning/install/work_launch/share/work_launch/environment/path.dsv
[0.065s] -- Up-to-date: /home/hyx/codes/ros2_work/ros2-learning/install/work_launch/share/work_launch/local_setup.bash
[0.065s] -- Up-to-date: /home/hyx/codes/ros2_work/ros2-learning/install/work_launch/share/work_launch/local_setup.sh
[0.065s] -- Up-to-date: /home/hyx/codes/ros2_work/ros2-learning/install/work_launch/share/work_launch/local_setup.zsh
[0.065s] -- Up-to-date: /home/hyx/codes/ros2_work/ros2-learning/install/work_launch/share/work_launch/local_setup.dsv
[0.065s] -- Up-to-date: /home/hyx/codes/ros2_work/ros2-learning/install/work_launch/share/work_launch/package.dsv
[0.065s] -- Up-to-date: /home/hyx/codes/ros2_work/ros2-learning/install/work_launch/share/ament_index/resource_index/packages/work_launch
[0.065s] -- Up-to-date: /home/hyx/codes/ros2_work/ros2-learning/install/work_launch/share/work_launch/cmake/work_launchConfig.cmake
[0.065s] -- Up-to-date: /home/hyx/codes/ros2_work/ros2-learning/install/work_launch/share/work_launch/cmake/work_launchConfig-version.cmake
[0.065s] -- Up-to-date: /home/hyx/codes/ros2_work/ros2-learning/install/work_launch/share/work_launch/package.xml
[0.066s] Invoked command in '/home/hyx/codes/ros2_work/ros2-learning/build/work_launch' returned '0': CMAKE_PREFIX_PATH=${CMAKE_PREFIX_PATH}:/opt/ros/humble /usr/bin/cmake --install /home/hyx/codes/ros2_work/ros2-learning/build/work_launch
