[0.005s] Invoking command in '/home/navi/learn_ros2/publisher_cpp/src/build/metric_system': CMAKE_PREFIX_PATH=${CMAKE_PREFIX_PATH}:/opt/ros/humble CONDA_PROMPT_MODIFIER=(base) /usr/bin/cmake /home/navi/learn_ros2/publisher_cpp/src/metric_system -DAMENT_CMAKE_SYMLINK_INSTALL=1 -DCMAKE_INSTALL_PREFIX=/home/navi/learn_ros2/publisher_cpp/src/install/metric_system
[0.055s] -- The C compiler identification is GNU 11.4.0
[0.102s] -- The CXX compiler identification is GNU 11.4.0
[0.106s] -- Detecting C compiler ABI info
[0.195s] -- Detecting C compiler ABI info - done
[0.205s] -- Check for working C compiler: /usr/bin/cc - skipped
[0.206s] -- Detecting C compile features
[0.206s] -- Detecting C compile features - done
[0.209s] -- Detecting CXX compiler ABI info
[0.272s] -- Detecting CXX compiler ABI info - done
[0.276s] -- Check for working CXX compiler: /usr/bin/c++ - skipped
[0.276s] -- Detecting CXX compile features
[0.276s] -- Detecting CXX compile features - done
[0.277s] -- Found ament_cmake: 1.3.11 (/opt/ros/humble/share/ament_cmake/cmake)
[0.468s] -- Found Python3: /home/navi/miniconda3/bin/python3 (found version "3.12.9") found components: Interpreter 
[0.522s] -- Override CMake install command with custom implementation using symlinks instead of copying resources
[0.536s] -- Found rclcpp: 16.0.11 (/opt/ros/humble/share/rclcpp/cmake)
[0.554s] -- Found rosidl_generator_c: 3.1.6 (/opt/ros/humble/share/rosidl_generator_c/cmake)
[0.556s] -- Found rosidl_adapter: 3.1.6 (/opt/ros/humble/share/rosidl_adapter/cmake)
[0.560s] -- Found rosidl_generator_cpp: 3.1.6 (/opt/ros/humble/share/rosidl_generator_cpp/cmake)
[0.566s] -- Using all available rosidl_typesupport_c: rosidl_typesupport_fastrtps_c;rosidl_typesupport_introspection_c
[0.573s] -- Using all available rosidl_typesupport_cpp: rosidl_typesupport_fastrtps_cpp;rosidl_typesupport_introspection_cpp
[0.593s] -- Found rmw_implementation_cmake: 6.1.2 (/opt/ros/humble/share/rmw_implementation_cmake/cmake)
[0.594s] -- Found rmw_fastrtps_cpp: 6.2.7 (/opt/ros/humble/share/rmw_fastrtps_cpp/cmake)
[0.654s] -- Found OpenSSL: /usr/lib/x86_64-linux-gnu/libcrypto.so (found version "3.0.2")  
[0.680s] -- Found FastRTPS: /opt/ros/humble/include  
[0.705s] -- Using RMW implementation 'rmw_fastrtps_cpp' as default
[0.717s] -- Looking for pthread.h
[0.782s] -- Looking for pthread.h - found
[0.782s] -- Performing Test CMAKE_HAVE_LIBC_PTHREAD
[0.834s] -- Performing Test CMAKE_HAVE_LIBC_PTHREAD - Success
[0.835s] -- Found Threads: TRUE  
[0.869s] -- Found ament_lint_auto: 0.12.11 (/opt/ros/humble/share/ament_lint_auto/cmake)
[0.919s] -- Added test 'cppcheck' to perform static code analysis on C / C++ code
[0.919s] -- Configured cppcheck include dirs: 
[0.919s] -- Configured cppcheck exclude dirs and/or files: 
[0.920s] -- Added test 'flake8' to check Python code syntax and style conventions
[0.920s] -- Added test 'lint_cmake' to check CMake code style
[0.920s] -- Added test 'pep257' to check Python code against some of the docstring style conventions in PEP 257
[0.920s] -- Added test 'uncrustify' to check C / C++ code style
[0.920s] -- Configured uncrustify additional arguments: 
[0.920s] -- Added test 'xmllint' to check XML markup files
[0.921s] -- Configuring done
[0.925s] -- Generating done
[0.927s] -- Build files have been written to: /home/navi/learn_ros2/publisher_cpp/src/build/metric_system
[0.937s] Invoked command in '/home/navi/learn_ros2/publisher_cpp/src/build/metric_system' returned '0': CMAKE_PREFIX_PATH=${CMAKE_PREFIX_PATH}:/opt/ros/humble CONDA_PROMPT_MODIFIER=(base) /usr/bin/cmake /home/navi/learn_ros2/publisher_cpp/src/metric_system -DAMENT_CMAKE_SYMLINK_INSTALL=1 -DCMAKE_INSTALL_PREFIX=/home/navi/learn_ros2/publisher_cpp/src/install/metric_system
[0.938s] Invoking command in '/home/navi/learn_ros2/publisher_cpp/src/build/metric_system': CMAKE_PREFIX_PATH=${CMAKE_PREFIX_PATH}:/opt/ros/humble CONDA_PROMPT_MODIFIER=(base) /usr/bin/cmake --build /home/navi/learn_ros2/publisher_cpp/src/build/metric_system -- -j32 -l32
[0.970s] [ 50%] [32mBuilding CXX object CMakeFiles/metric_system_node.dir/src/metric_system_node.cpp.o[0m
[4.984s] [100%] [32m[1mLinking CXX executable metric_system_node[0m
[5.173s] [100%] Built target metric_system_node
[5.181s] Invoked command in '/home/navi/learn_ros2/publisher_cpp/src/build/metric_system' returned '0': CMAKE_PREFIX_PATH=${CMAKE_PREFIX_PATH}:/opt/ros/humble CONDA_PROMPT_MODIFIER=(base) /usr/bin/cmake --build /home/navi/learn_ros2/publisher_cpp/src/build/metric_system -- -j32 -l32
[5.183s] Invoking command in '/home/navi/learn_ros2/publisher_cpp/src/build/metric_system': CMAKE_PREFIX_PATH=${CMAKE_PREFIX_PATH}:/opt/ros/humble CONDA_PROMPT_MODIFIER=(base) /usr/bin/cmake --install /home/navi/learn_ros2/publisher_cpp/src/build/metric_system
[5.186s] -- Install configuration: ""
[5.186s] -- Execute custom install script
[5.187s] -- Symlinking: /home/navi/learn_ros2/publisher_cpp/src/install/metric_system/share/metric_system/launch/launch.py
[5.194s] -- Symlinking: /home/navi/learn_ros2/publisher_cpp/src/install/metric_system/lib/metric_system/metric_system_node
[5.202s] -- Symlinking: /home/navi/learn_ros2/publisher_cpp/src/install/metric_system/share/ament_index/resource_index/package_run_dependencies/metric_system
[5.209s] -- Symlinking: /home/navi/learn_ros2/publisher_cpp/src/install/metric_system/share/ament_index/resource_index/parent_prefix_path/metric_system
[5.219s] -- Symlinking: /home/navi/learn_ros2/publisher_cpp/src/install/metric_system/share/metric_system/environment/ament_prefix_path.sh
[5.227s] -- Symlinking: /home/navi/learn_ros2/publisher_cpp/src/install/metric_system/share/metric_system/environment/ament_prefix_path.dsv
[5.241s] -- Symlinking: /home/navi/learn_ros2/publisher_cpp/src/install/metric_system/share/metric_system/environment/path.sh
[5.256s] -- Symlinking: /home/navi/learn_ros2/publisher_cpp/src/install/metric_system/share/metric_system/environment/path.dsv
[5.267s] -- Symlinking: /home/navi/learn_ros2/publisher_cpp/src/install/metric_system/share/metric_system/local_setup.bash
[5.277s] -- Symlinking: /home/navi/learn_ros2/publisher_cpp/src/install/metric_system/share/metric_system/local_setup.sh
[5.287s] -- Symlinking: /home/navi/learn_ros2/publisher_cpp/src/install/metric_system/share/metric_system/local_setup.zsh
[5.293s] -- Symlinking: /home/navi/learn_ros2/publisher_cpp/src/install/metric_system/share/metric_system/local_setup.dsv
[5.303s] -- Symlinking: /home/navi/learn_ros2/publisher_cpp/src/install/metric_system/share/metric_system/package.dsv
[5.310s] -- Symlinking: /home/navi/learn_ros2/publisher_cpp/src/install/metric_system/share/ament_index/resource_index/packages/metric_system
[5.318s] -- Symlinking: /home/navi/learn_ros2/publisher_cpp/src/install/metric_system/share/metric_system/cmake/metric_systemConfig.cmake
[5.324s] -- Symlinking: /home/navi/learn_ros2/publisher_cpp/src/install/metric_system/share/metric_system/cmake/metric_systemConfig-version.cmake
[5.332s] -- Symlinking: /home/navi/learn_ros2/publisher_cpp/src/install/metric_system/share/metric_system/package.xml
[5.344s] Invoked command in '/home/navi/learn_ros2/publisher_cpp/src/build/metric_system' returned '0': CMAKE_PREFIX_PATH=${CMAKE_PREFIX_PATH}:/opt/ros/humble CONDA_PROMPT_MODIFIER=(base) /usr/bin/cmake --install /home/navi/learn_ros2/publisher_cpp/src/build/metric_system
