[0.082s] [34mcolcon[0m [1;30mDEBUG[0m [32mCommand line arguments: ['/usr/bin/colcon', 'build'][0m
[0.082s] [34mcolcon[0m [1;30mDEBUG[0m [32mParsed command line arguments: Namespace(log_base=None, log_level=None, verb_name='build', build_base='build', install_base='install', merge_install=False, symlink_install=False, test_result_base=None, continue_on_error=False, executor='parallel', parallel_workers=16, event_handlers=None, ignore_user_meta=False, metas=['./colcon.meta'], base_paths=['.'], packages_ignore=None, packages_ignore_regex=None, paths=None, packages_up_to=None, packages_up_to_regex=None, packages_above=None, packages_above_and_dependencies=None, packages_above_depth=None, packages_select_by_dep=None, packages_skip_by_dep=None, packages_skip_up_to=None, packages_select_build_failed=False, packages_skip_build_finished=False, packages_select_test_failures=False, packages_skip_test_passed=False, packages_select=None, packages_skip=None, packages_select_regex=None, packages_skip_regex=None, packages_start=None, packages_end=None, allow_overriding=[], cmake_args=None, cmake_target=None, cmake_target_skip_unavailable=False, cmake_clean_cache=False, cmake_clean_first=False, cmake_force_configure=False, ament_cmake_args=None, catkin_cmake_args=None, catkin_skip_building_tests=False, verb_parser=<colcon_defaults.argument_parser.defaults.DefaultArgumentsDecorator object at 0x7281d5df6470>, verb_extension=<colcon_core.verb.build.BuildVerb object at 0x7281d5df5f30>, main=<bound method BuildVerb.main of <colcon_core.verb.build.BuildVerb object at 0x7281d5df5f30>>)[0m
[0.209s] [34mcolcon.colcon_core.package_discovery[0m [1;30mLevel 1[0m discover_packages(colcon_meta) check parameters
[0.209s] [34mcolcon.colcon_core.package_discovery[0m [1;30mLevel 1[0m discover_packages(recursive) check parameters
[0.209s] [34mcolcon.colcon_core.package_discovery[0m [1;30mLevel 1[0m discover_packages(ignore) check parameters
[0.209s] [34mcolcon.colcon_core.package_discovery[0m [1;30mLevel 1[0m discover_packages(path) check parameters
[0.209s] [34mcolcon.colcon_core.package_discovery[0m [1;30mLevel 1[0m discover_packages(colcon_meta) discover
[0.209s] [34mcolcon.colcon_core.package_discovery[0m [1;30mLevel 1[0m discover_packages(recursive) discover
[0.209s] [34mcolcon.colcon_core.package_discovery[0m [1;30mINFO[0m Crawling recursively for packages in '/home/hyx/codes/ros2_work/ros2-learning'
[0.209s] [34mcolcon.colcon_core.package_identification[0m [1;30mLevel 1[0m _identify(.) by extensions ['ignore', 'ignore_ament_install']
[0.209s] [34mcolcon.colcon_core.package_identification[0m [1;30mLevel 1[0m _identify(.) by extension 'ignore'
[0.209s] [34mcolcon.colcon_core.package_identification[0m [1;30mLevel 1[0m _identify(.) by extension 'ignore_ament_install'
[0.209s] [34mcolcon.colcon_core.package_identification[0m [1;30mLevel 1[0m _identify(.) by extensions ['colcon_pkg']
[0.209s] [34mcolcon.colcon_core.package_identification[0m [1;30mLevel 1[0m _identify(.) by extension 'colcon_pkg'
[0.209s] [34mcolcon.colcon_core.package_identification[0m [1;30mLevel 1[0m _identify(.) by extensions ['colcon_meta']
[0.209s] [34mcolcon.colcon_core.package_identification[0m [1;30mLevel 1[0m _identify(.) by extension 'colcon_meta'
[0.209s] [34mcolcon.colcon_core.package_identification[0m [1;30mLevel 1[0m _identify(.) by extensions ['ros']
[0.209s] [34mcolcon.colcon_core.package_identification[0m [1;30mLevel 1[0m _identify(.) by extension 'ros'
[0.217s] [34mcolcon.colcon_core.package_identification[0m [1;30mLevel 1[0m _identify(.) by extensions ['cmake', 'python']
[0.217s] [34mcolcon.colcon_core.package_identification[0m [1;30mLevel 1[0m _identify(.) by extension 'cmake'
[0.217s] [34mcolcon.colcon_core.package_identification[0m [1;30mLevel 1[0m _identify(.) by extension 'python'
[0.217s] [34mcolcon.colcon_core.package_identification[0m [1;30mLevel 1[0m _identify(.) by extensions ['python_setup_py']
[0.217s] [34mcolcon.colcon_core.package_identification[0m [1;30mLevel 1[0m _identify(.) by extension 'python_setup_py'
[0.217s] [34mcolcon.colcon_core.package_identification[0m [1;30mLevel 1[0m _identify(build) by extensions ['ignore', 'ignore_ament_install']
[0.218s] [34mcolcon.colcon_core.package_identification[0m [1;30mLevel 1[0m _identify(build) by extension 'ignore'
[0.218s] [34mcolcon.colcon_core.package_identification[0m [1;30mLevel 1[0m _identify(build) ignored
[0.218s] [34mcolcon.colcon_core.package_identification[0m [1;30mLevel 1[0m _identify(install) by extensions ['ignore', 'ignore_ament_install']
[0.218s] [34mcolcon.colcon_core.package_identification[0m [1;30mLevel 1[0m _identify(install) by extension 'ignore'
[0.218s] [34mcolcon.colcon_core.package_identification[0m [1;30mLevel 1[0m _identify(install) ignored
[0.218s] [34mcolcon.colcon_core.package_identification[0m [1;30mLevel 1[0m _identify(log) by extensions ['ignore', 'ignore_ament_install']
[0.218s] [34mcolcon.colcon_core.package_identification[0m [1;30mLevel 1[0m _identify(log) by extension 'ignore'
[0.218s] [34mcolcon.colcon_core.package_identification[0m [1;30mLevel 1[0m _identify(log) ignored
[0.218s] [34mcolcon.colcon_core.package_identification[0m [1;30mLevel 1[0m _identify(src) by extensions ['ignore', 'ignore_ament_install']
[0.218s] [34mcolcon.colcon_core.package_identification[0m [1;30mLevel 1[0m _identify(src) by extension 'ignore'
[0.218s] [34mcolcon.colcon_core.package_identification[0m [1;30mLevel 1[0m _identify(src) by extension 'ignore_ament_install'
[0.218s] [34mcolcon.colcon_core.package_identification[0m [1;30mLevel 1[0m _identify(src) by extensions ['colcon_pkg']
[0.218s] [34mcolcon.colcon_core.package_identification[0m [1;30mLevel 1[0m _identify(src) by extension 'colcon_pkg'
[0.218s] [34mcolcon.colcon_core.package_identification[0m [1;30mLevel 1[0m _identify(src) by extensions ['colcon_meta']
[0.218s] [34mcolcon.colcon_core.package_identification[0m [1;30mLevel 1[0m _identify(src) by extension 'colcon_meta'
[0.218s] [34mcolcon.colcon_core.package_identification[0m [1;30mLevel 1[0m _identify(src) by extensions ['ros']
[0.218s] [34mcolcon.colcon_core.package_identification[0m [1;30mLevel 1[0m _identify(src) by extension 'ros'
[0.218s] [34mcolcon.colcon_core.package_identification[0m [1;30mLevel 1[0m _identify(src) by extensions ['cmake', 'python']
[0.218s] [34mcolcon.colcon_core.package_identification[0m [1;30mLevel 1[0m _identify(src) by extension 'cmake'
[0.218s] [34mcolcon.colcon_core.package_identification[0m [1;30mLevel 1[0m _identify(src) by extension 'python'
[0.218s] [34mcolcon.colcon_core.package_identification[0m [1;30mLevel 1[0m _identify(src) by extensions ['python_setup_py']
[0.218s] [34mcolcon.colcon_core.package_identification[0m [1;30mLevel 1[0m _identify(src) by extension 'python_setup_py'
[0.219s] [34mcolcon.colcon_core.package_identification[0m [1;30mLevel 1[0m _identify(src/british_system) by extensions ['ignore', 'ignore_ament_install']
[0.219s] [34mcolcon.colcon_core.package_identification[0m [1;30mLevel 1[0m _identify(src/british_system) by extension 'ignore'
[0.219s] [34mcolcon.colcon_core.package_identification[0m [1;30mLevel 1[0m _identify(src/british_system) by extension 'ignore_ament_install'
[0.219s] [34mcolcon.colcon_core.package_identification[0m [1;30mLevel 1[0m _identify(src/british_system) by extensions ['colcon_pkg']
[0.219s] [34mcolcon.colcon_core.package_identification[0m [1;30mLevel 1[0m _identify(src/british_system) by extension 'colcon_pkg'
[0.219s] [34mcolcon.colcon_core.package_identification[0m [1;30mLevel 1[0m _identify(src/british_system) by extensions ['colcon_meta']
[0.219s] [34mcolcon.colcon_core.package_identification[0m [1;30mLevel 1[0m _identify(src/british_system) by extension 'colcon_meta'
[0.219s] [34mcolcon.colcon_core.package_identification[0m [1;30mLevel 1[0m _identify(src/british_system) by extensions ['ros']
[0.219s] [34mcolcon.colcon_core.package_identification[0m [1;30mLevel 1[0m _identify(src/british_system) by extension 'ros'
[0.221s] [34mcolcon.colcon_core.package_identification[0m [1;30mDEBUG[0m [32mPackage 'src/british_system' with type 'ros.ament_cmake' and name 'british_system'[0m
[0.221s] [34mcolcon.colcon_core.package_identification[0m [1;30mLevel 1[0m _identify(src/metric_system) by extensions ['ignore', 'ignore_ament_install']
[0.221s] [34mcolcon.colcon_core.package_identification[0m [1;30mLevel 1[0m _identify(src/metric_system) by extension 'ignore'
[0.221s] [34mcolcon.colcon_core.package_identification[0m [1;30mLevel 1[0m _identify(src/metric_system) by extension 'ignore_ament_install'
[0.221s] [34mcolcon.colcon_core.package_identification[0m [1;30mLevel 1[0m _identify(src/metric_system) by extensions ['colcon_pkg']
[0.221s] [34mcolcon.colcon_core.package_identification[0m [1;30mLevel 1[0m _identify(src/metric_system) by extension 'colcon_pkg'
[0.221s] [34mcolcon.colcon_core.package_identification[0m [1;30mLevel 1[0m _identify(src/metric_system) by extensions ['colcon_meta']
[0.221s] [34mcolcon.colcon_core.package_identification[0m [1;30mLevel 1[0m _identify(src/metric_system) by extension 'colcon_meta'
[0.221s] [34mcolcon.colcon_core.package_identification[0m [1;30mLevel 1[0m _identify(src/metric_system) by extensions ['ros']
[0.221s] [34mcolcon.colcon_core.package_identification[0m [1;30mLevel 1[0m _identify(src/metric_system) by extension 'ros'
[0.222s] [34mcolcon.colcon_core.package_identification[0m [1;30mDEBUG[0m [32mPackage 'src/metric_system' with type 'ros.ament_cmake' and name 'metric_system'[0m
[0.222s] [34mcolcon.colcon_core.package_identification[0m [1;30mLevel 1[0m _identify(src/my_msg) by extensions ['ignore', 'ignore_ament_install']
[0.222s] [34mcolcon.colcon_core.package_identification[0m [1;30mLevel 1[0m _identify(src/my_msg) by extension 'ignore'
[0.222s] [34mcolcon.colcon_core.package_identification[0m [1;30mLevel 1[0m _identify(src/my_msg) by extension 'ignore_ament_install'
[0.222s] [34mcolcon.colcon_core.package_identification[0m [1;30mLevel 1[0m _identify(src/my_msg) by extensions ['colcon_pkg']
[0.222s] [34mcolcon.colcon_core.package_identification[0m [1;30mLevel 1[0m _identify(src/my_msg) by extension 'colcon_pkg'
[0.222s] [34mcolcon.colcon_core.package_identification[0m [1;30mLevel 1[0m _identify(src/my_msg) by extensions ['colcon_meta']
[0.222s] [34mcolcon.colcon_core.package_identification[0m [1;30mLevel 1[0m _identify(src/my_msg) by extension 'colcon_meta'
[0.222s] [34mcolcon.colcon_core.package_identification[0m [1;30mLevel 1[0m _identify(src/my_msg) by extensions ['ros']
[0.222s] [34mcolcon.colcon_core.package_identification[0m [1;30mLevel 1[0m _identify(src/my_msg) by extension 'ros'
[0.222s] [34mcolcon.colcon_core.package_identification[0m [1;30mDEBUG[0m [32mPackage 'src/my_msg' with type 'ros.ament_cmake' and name 'my_msg'[0m
[0.223s] [34mcolcon.colcon_core.package_identification[0m [1;30mLevel 1[0m _identify(src/work_launch) by extensions ['ignore', 'ignore_ament_install']
[0.223s] [34mcolcon.colcon_core.package_identification[0m [1;30mLevel 1[0m _identify(src/work_launch) by extension 'ignore'
[0.223s] [34mcolcon.colcon_core.package_identification[0m [1;30mLevel 1[0m _identify(src/work_launch) by extension 'ignore_ament_install'
[0.223s] [34mcolcon.colcon_core.package_identification[0m [1;30mLevel 1[0m _identify(src/work_launch) by extensions ['colcon_pkg']
[0.223s] [34mcolcon.colcon_core.package_identification[0m [1;30mLevel 1[0m _identify(src/work_launch) by extension 'colcon_pkg'
[0.223s] [34mcolcon.colcon_core.package_identification[0m [1;30mLevel 1[0m _identify(src/work_launch) by extensions ['colcon_meta']
[0.223s] [34mcolcon.colcon_core.package_identification[0m [1;30mLevel 1[0m _identify(src/work_launch) by extension 'colcon_meta'
[0.223s] [34mcolcon.colcon_core.package_identification[0m [1;30mLevel 1[0m _identify(src/work_launch) by extensions ['ros']
[0.223s] [34mcolcon.colcon_core.package_identification[0m [1;30mLevel 1[0m _identify(src/work_launch) by extension 'ros'
[0.223s] [34mcolcon.colcon_core.package_identification[0m [1;30mDEBUG[0m [32mPackage 'src/work_launch' with type 'ros.ament_cmake' and name 'work_launch'[0m
[0.223s] [34mcolcon.colcon_core.package_discovery[0m [1;30mLevel 1[0m discover_packages(recursive) using defaults
[0.223s] [34mcolcon.colcon_core.package_discovery[0m [1;30mLevel 1[0m discover_packages(ignore) discover
[0.223s] [34mcolcon.colcon_core.package_discovery[0m [1;30mLevel 1[0m discover_packages(ignore) using defaults
[0.223s] [34mcolcon.colcon_core.package_discovery[0m [1;30mLevel 1[0m discover_packages(path) discover
[0.223s] [34mcolcon.colcon_core.package_discovery[0m [1;30mLevel 1[0m discover_packages(path) using defaults
[0.242s] [34mcolcon.colcon_core.package_discovery[0m [1;30mLevel 1[0m discover_packages(prefix_path) check parameters
[0.242s] [34mcolcon.colcon_core.package_discovery[0m [1;30mLevel 1[0m discover_packages(prefix_path) discover
[0.242s] [34mcolcon.colcon_core.prefix_path.colcon[0m [1;30mWARNING[0m [33mThe path '/home/hyx/codes/ros2_work/ros2-learning/src/install' in the environment variable COLCON_PREFIX_PATH doesn't exist[0m
[0.243s] [34mcolcon.colcon_core.prefix_path.colcon[0m [1;30mWARNING[0m [33mThe path '/home/hyx/codes/ros2_work/install' in the environment variable COLCON_PREFIX_PATH doesn't exist[0m
[0.243s] [34mcolcon.colcon_ros.prefix_path.ament[0m [1;30mWARNING[0m [33mThe path '/home/hyx/codes/ros2_work/ros2-learning/src/install/work_launch' in the environment variable AMENT_PREFIX_PATH doesn't exist[0m
[0.243s] [34mcolcon.colcon_ros.prefix_path.ament[0m [1;30mWARNING[0m [33mThe path '/home/hyx/codes/ros2_work/ros2-learning/install/metric_system' in the environment variable AMENT_PREFIX_PATH doesn't exist[0m
[0.243s] [34mcolcon.colcon_ros.prefix_path.ament[0m [1;30mWARNING[0m [33mThe path '/home/hyx/codes/ros2_work/ros2-learning/install/british_system' in the environment variable AMENT_PREFIX_PATH doesn't exist[0m
[0.243s] [34mcolcon.colcon_ros.prefix_path.ament[0m [1;30mWARNING[0m [33mThe path '/home/hyx/codes/ros2_work/ros2-learning/install/my_msg' in the environment variable AMENT_PREFIX_PATH doesn't exist[0m
[0.243s] [34mcolcon.colcon_ros.prefix_path.ament[0m [1;30mWARNING[0m [33mThe path '/home/hyx/codes/ros2_work/install/work_launch' in the environment variable AMENT_PREFIX_PATH doesn't exist[0m
[0.243s] [34mcolcon.colcon_ros.prefix_path.catkin[0m [1;30mWARNING[0m [33mThe path '/home/hyx/codes/ros2_work/ros2-learning/src/install/work_launch' in the environment variable CMAKE_PREFIX_PATH doesn't exist[0m
[0.243s] [34mcolcon.colcon_ros.prefix_path.catkin[0m [1;30mWARNING[0m [33mThe path '/home/hyx/codes/ros2_work/ros2-learning/install/metric_system' in the environment variable CMAKE_PREFIX_PATH doesn't exist[0m
[0.243s] [34mcolcon.colcon_ros.prefix_path.catkin[0m [1;30mWARNING[0m [33mThe path '/home/hyx/codes/ros2_work/ros2-learning/install/british_system' in the environment variable CMAKE_PREFIX_PATH doesn't exist[0m
[0.243s] [34mcolcon.colcon_ros.prefix_path.catkin[0m [1;30mWARNING[0m [33mThe path '/home/hyx/codes/ros2_work/ros2-learning/install/my_msg' in the environment variable CMAKE_PREFIX_PATH doesn't exist[0m
[0.243s] [34mcolcon.colcon_ros.prefix_path.catkin[0m [1;30mWARNING[0m [33mThe path '/home/hyx/codes/ros2_work/install/work_launch' in the environment variable CMAKE_PREFIX_PATH doesn't exist[0m
[0.244s] [34mcolcon.colcon_installed_package_information.package_discovery[0m [1;30mDEBUG[0m [32mFound 1 installed packages in /home/hyx/codes/ros2_work/ros2-learning/install[0m
[0.245s] [34mcolcon.colcon_installed_package_information.package_discovery[0m [1;30mDEBUG[0m [32mFound 318 installed packages in /opt/ros/humble[0m
[0.246s] [34mcolcon.colcon_core.package_discovery[0m [1;30mLevel 1[0m discover_packages(prefix_path) using defaults
[0.277s] [34mcolcon.colcon_core.verb[0m [1;30mLevel 5[0m set package 'my_msg' build argument 'cmake_args' from command line to 'None'
[0.277s] [34mcolcon.colcon_core.verb[0m [1;30mLevel 5[0m set package 'my_msg' build argument 'cmake_target' from command line to 'None'
[0.277s] [34mcolcon.colcon_core.verb[0m [1;30mLevel 5[0m set package 'my_msg' build argument 'cmake_target_skip_unavailable' from command line to 'False'
[0.277s] [34mcolcon.colcon_core.verb[0m [1;30mLevel 5[0m set package 'my_msg' build argument 'cmake_clean_cache' from command line to 'False'
[0.277s] [34mcolcon.colcon_core.verb[0m [1;30mLevel 5[0m set package 'my_msg' build argument 'cmake_clean_first' from command line to 'False'
[0.277s] [34mcolcon.colcon_core.verb[0m [1;30mLevel 5[0m set package 'my_msg' build argument 'cmake_force_configure' from command line to 'False'
[0.277s] [34mcolcon.colcon_core.verb[0m [1;30mLevel 5[0m set package 'my_msg' build argument 'ament_cmake_args' from command line to 'None'
[0.277s] [34mcolcon.colcon_core.verb[0m [1;30mLevel 5[0m set package 'my_msg' build argument 'catkin_cmake_args' from command line to 'None'
[0.277s] [34mcolcon.colcon_core.verb[0m [1;30mLevel 5[0m set package 'my_msg' build argument 'catkin_skip_building_tests' from command line to 'False'
[0.277s] [34mcolcon.colcon_core.verb[0m [1;30mDEBUG[0m [32mBuilding package 'my_msg' with the following arguments: {'ament_cmake_args': None, 'build_base': '/home/hyx/codes/ros2_work/ros2-learning/build/my_msg', 'catkin_cmake_args': None, 'catkin_skip_building_tests': False, 'cmake_args': None, 'cmake_clean_cache': False, 'cmake_clean_first': False, 'cmake_force_configure': False, 'cmake_target': None, 'cmake_target_skip_unavailable': False, 'install_base': '/home/hyx/codes/ros2_work/ros2-learning/install/my_msg', 'merge_install': False, 'path': '/home/hyx/codes/ros2_work/ros2-learning/src/my_msg', 'symlink_install': False, 'test_result_base': None}[0m
[0.278s] [34mcolcon.colcon_core.verb[0m [1;30mLevel 5[0m set package 'work_launch' build argument 'cmake_args' from command line to 'None'
[0.278s] [34mcolcon.colcon_core.verb[0m [1;30mLevel 5[0m set package 'work_launch' build argument 'cmake_target' from command line to 'None'
[0.278s] [34mcolcon.colcon_core.verb[0m [1;30mLevel 5[0m set package 'work_launch' build argument 'cmake_target_skip_unavailable' from command line to 'False'
[0.278s] [34mcolcon.colcon_core.verb[0m [1;30mLevel 5[0m set package 'work_launch' build argument 'cmake_clean_cache' from command line to 'False'
[0.278s] [34mcolcon.colcon_core.verb[0m [1;30mLevel 5[0m set package 'work_launch' build argument 'cmake_clean_first' from command line to 'False'
[0.278s] [34mcolcon.colcon_core.verb[0m [1;30mLevel 5[0m set package 'work_launch' build argument 'cmake_force_configure' from command line to 'False'
[0.278s] [34mcolcon.colcon_core.verb[0m [1;30mLevel 5[0m set package 'work_launch' build argument 'ament_cmake_args' from command line to 'None'
[0.278s] [34mcolcon.colcon_core.verb[0m [1;30mLevel 5[0m set package 'work_launch' build argument 'catkin_cmake_args' from command line to 'None'
[0.278s] [34mcolcon.colcon_core.verb[0m [1;30mLevel 5[0m set package 'work_launch' build argument 'catkin_skip_building_tests' from command line to 'False'
[0.278s] [34mcolcon.colcon_core.verb[0m [1;30mDEBUG[0m [32mBuilding package 'work_launch' with the following arguments: {'ament_cmake_args': None, 'build_base': '/home/hyx/codes/ros2_work/ros2-learning/build/work_launch', 'catkin_cmake_args': None, 'catkin_skip_building_tests': False, 'cmake_args': None, 'cmake_clean_cache': False, 'cmake_clean_first': False, 'cmake_force_configure': False, 'cmake_target': None, 'cmake_target_skip_unavailable': False, 'install_base': '/home/hyx/codes/ros2_work/ros2-learning/install/work_launch', 'merge_install': False, 'path': '/home/hyx/codes/ros2_work/ros2-learning/src/work_launch', 'symlink_install': False, 'test_result_base': None}[0m
[0.278s] [34mcolcon.colcon_core.verb[0m [1;30mLevel 5[0m set package 'british_system' build argument 'cmake_args' from command line to 'None'
[0.278s] [34mcolcon.colcon_core.verb[0m [1;30mLevel 5[0m set package 'british_system' build argument 'cmake_target' from command line to 'None'
[0.278s] [34mcolcon.colcon_core.verb[0m [1;30mLevel 5[0m set package 'british_system' build argument 'cmake_target_skip_unavailable' from command line to 'False'
[0.278s] [34mcolcon.colcon_core.verb[0m [1;30mLevel 5[0m set package 'british_system' build argument 'cmake_clean_cache' from command line to 'False'
[0.278s] [34mcolcon.colcon_core.verb[0m [1;30mLevel 5[0m set package 'british_system' build argument 'cmake_clean_first' from command line to 'False'
[0.278s] [34mcolcon.colcon_core.verb[0m [1;30mLevel 5[0m set package 'british_system' build argument 'cmake_force_configure' from command line to 'False'
[0.278s] [34mcolcon.colcon_core.verb[0m [1;30mLevel 5[0m set package 'british_system' build argument 'ament_cmake_args' from command line to 'None'
[0.278s] [34mcolcon.colcon_core.verb[0m [1;30mLevel 5[0m set package 'british_system' build argument 'catkin_cmake_args' from command line to 'None'
[0.278s] [34mcolcon.colcon_core.verb[0m [1;30mLevel 5[0m set package 'british_system' build argument 'catkin_skip_building_tests' from command line to 'False'
[0.278s] [34mcolcon.colcon_core.verb[0m [1;30mDEBUG[0m [32mBuilding package 'british_system' with the following arguments: {'ament_cmake_args': None, 'build_base': '/home/hyx/codes/ros2_work/ros2-learning/build/british_system', 'catkin_cmake_args': None, 'catkin_skip_building_tests': False, 'cmake_args': None, 'cmake_clean_cache': False, 'cmake_clean_first': False, 'cmake_force_configure': False, 'cmake_target': None, 'cmake_target_skip_unavailable': False, 'install_base': '/home/hyx/codes/ros2_work/ros2-learning/install/british_system', 'merge_install': False, 'path': '/home/hyx/codes/ros2_work/ros2-learning/src/british_system', 'symlink_install': False, 'test_result_base': None}[0m
[0.278s] [34mcolcon.colcon_core.verb[0m [1;30mLevel 5[0m set package 'metric_system' build argument 'cmake_args' from command line to 'None'
[0.279s] [34mcolcon.colcon_core.verb[0m [1;30mLevel 5[0m set package 'metric_system' build argument 'cmake_target' from command line to 'None'
[0.279s] [34mcolcon.colcon_core.verb[0m [1;30mLevel 5[0m set package 'metric_system' build argument 'cmake_target_skip_unavailable' from command line to 'False'
[0.279s] [34mcolcon.colcon_core.verb[0m [1;30mLevel 5[0m set package 'metric_system' build argument 'cmake_clean_cache' from command line to 'False'
[0.279s] [34mcolcon.colcon_core.verb[0m [1;30mLevel 5[0m set package 'metric_system' build argument 'cmake_clean_first' from command line to 'False'
[0.279s] [34mcolcon.colcon_core.verb[0m [1;30mLevel 5[0m set package 'metric_system' build argument 'cmake_force_configure' from command line to 'False'
[0.279s] [34mcolcon.colcon_core.verb[0m [1;30mLevel 5[0m set package 'metric_system' build argument 'ament_cmake_args' from command line to 'None'
[0.279s] [34mcolcon.colcon_core.verb[0m [1;30mLevel 5[0m set package 'metric_system' build argument 'catkin_cmake_args' from command line to 'None'
[0.279s] [34mcolcon.colcon_core.verb[0m [1;30mLevel 5[0m set package 'metric_system' build argument 'catkin_skip_building_tests' from command line to 'False'
[0.279s] [34mcolcon.colcon_core.verb[0m [1;30mDEBUG[0m [32mBuilding package 'metric_system' with the following arguments: {'ament_cmake_args': None, 'build_base': '/home/hyx/codes/ros2_work/ros2-learning/build/metric_system', 'catkin_cmake_args': None, 'catkin_skip_building_tests': False, 'cmake_args': None, 'cmake_clean_cache': False, 'cmake_clean_first': False, 'cmake_force_configure': False, 'cmake_target': None, 'cmake_target_skip_unavailable': False, 'install_base': '/home/hyx/codes/ros2_work/ros2-learning/install/metric_system', 'merge_install': False, 'path': '/home/hyx/codes/ros2_work/ros2-learning/src/metric_system', 'symlink_install': False, 'test_result_base': None}[0m
[0.279s] [34mcolcon.colcon_core.executor[0m [1;30mINFO[0m Executing jobs using 'parallel' executor
[0.280s] [34mcolcon.colcon_parallel_executor.executor.parallel[0m [1;30mDEBUG[0m [32mrun_until_complete[0m
[0.280s] [34mcolcon.colcon_ros.task.ament_cmake.build[0m [1;30mINFO[0m Building ROS package in '/home/hyx/codes/ros2_work/ros2-learning/src/my_msg' with build type 'ament_cmake'
[0.280s] [34mcolcon.colcon_cmake.task.cmake.build[0m [1;30mINFO[0m Building CMake package in '/home/hyx/codes/ros2_work/ros2-learning/src/my_msg'
[0.282s] [34mcolcon.colcon_core.plugin_system[0m [1;30mINFO[0m Skipping extension 'colcon_core.shell.bat': Not used on non-Windows systems
[0.282s] [34mcolcon.colcon_core.shell[0m [1;30mINFO[0m Skip shell extension 'powershell' for command environment: Not usable outside of PowerShell
[0.282s] [34mcolcon.colcon_core.shell[0m [1;30mDEBUG[0m [32mSkip shell extension 'dsv' for command environment[0m
[0.284s] [34mcolcon.colcon_ros.task.ament_cmake.build[0m [1;30mINFO[0m Building ROS package in '/home/hyx/codes/ros2_work/ros2-learning/src/work_launch' with build type 'ament_cmake'
[0.284s] [34mcolcon.colcon_cmake.task.cmake.build[0m [1;30mINFO[0m Building CMake package in '/home/hyx/codes/ros2_work/ros2-learning/src/work_launch'
[0.285s] [34mcolcon.colcon_core.shell[0m [1;30mINFO[0m Skip shell extension 'powershell' for command environment: Not usable outside of PowerShell
[0.285s] [34mcolcon.colcon_core.shell[0m [1;30mDEBUG[0m [32mSkip shell extension 'dsv' for command environment[0m
[0.292s] [34mcolcon.colcon_core.event_handler.log_command[0m [1;30mDEBUG[0m [32mInvoking command in '/home/hyx/codes/ros2_work/ros2-learning/build/my_msg': CMAKE_PREFIX_PATH=${CMAKE_PREFIX_PATH}:/opt/ros/humble /usr/bin/cmake --build /home/hyx/codes/ros2_work/ros2-learning/build/my_msg -- -j16 -l16[0m
[0.294s] [34mcolcon.colcon_core.event_handler.log_command[0m [1;30mDEBUG[0m [32mInvoking command in '/home/hyx/codes/ros2_work/ros2-learning/build/work_launch': CMAKE_PREFIX_PATH=${CMAKE_PREFIX_PATH}:/opt/ros/humble /usr/bin/cmake --build /home/hyx/codes/ros2_work/ros2-learning/build/work_launch -- -j16 -l16[0m
[0.329s] [34mcolcon.colcon_core.event_handler.log_command[0m [1;30mDEBUG[0m [32mInvoked command in '/home/hyx/codes/ros2_work/ros2-learning/build/work_launch' returned '0': CMAKE_PREFIX_PATH=${CMAKE_PREFIX_PATH}:/opt/ros/humble /usr/bin/cmake --build /home/hyx/codes/ros2_work/ros2-learning/build/work_launch -- -j16 -l16[0m
[0.339s] [34mcolcon.colcon_core.event_handler.log_command[0m [1;30mDEBUG[0m [32mInvoking command in '/home/hyx/codes/ros2_work/ros2-learning/build/work_launch': CMAKE_PREFIX_PATH=${CMAKE_PREFIX_PATH}:/opt/ros/humble /usr/bin/cmake --install /home/hyx/codes/ros2_work/ros2-learning/build/work_launch[0m
[0.349s] [34mcolcon.colcon_core.environment[0m [1;30mLevel 1[0m create_environment_scripts_only(work_launch)
[0.350s] [34mcolcon.colcon_core.event_handler.log_command[0m [1;30mDEBUG[0m [32mInvoked command in '/home/hyx/codes/ros2_work/ros2-learning/build/work_launch' returned '0': CMAKE_PREFIX_PATH=${CMAKE_PREFIX_PATH}:/opt/ros/humble /usr/bin/cmake --install /home/hyx/codes/ros2_work/ros2-learning/build/work_launch[0m
[0.352s] [34mcolcon.colcon_core.environment[0m [1;30mLevel 1[0m checking '/home/hyx/codes/ros2_work/ros2-learning/install/work_launch' for CMake module files
[0.352s] [34mcolcon.colcon_core.environment[0m [1;30mLevel 1[0m checking '/home/hyx/codes/ros2_work/ros2-learning/install/work_launch' for CMake config files
[0.353s] [34mcolcon.colcon_core.shell[0m [1;30mLevel 1[0m create_environment_hook('work_launch', 'cmake_prefix_path')
[0.353s] [34mcolcon.colcon_core.shell[0m [1;30mINFO[0m Creating environment hook '/home/hyx/codes/ros2_work/ros2-learning/install/work_launch/share/work_launch/hook/cmake_prefix_path.ps1'
[0.353s] [34mcolcon.colcon_core.shell[0m [1;30mINFO[0m Creating environment descriptor '/home/hyx/codes/ros2_work/ros2-learning/install/work_launch/share/work_launch/hook/cmake_prefix_path.dsv'
[0.354s] [34mcolcon.colcon_core.shell[0m [1;30mINFO[0m Creating environment hook '/home/hyx/codes/ros2_work/ros2-learning/install/work_launch/share/work_launch/hook/cmake_prefix_path.sh'
[0.354s] [34mcolcon.colcon_core.environment[0m [1;30mLevel 1[0m checking '/home/hyx/codes/ros2_work/ros2-learning/install/work_launch/bin'
[0.355s] [34mcolcon.colcon_core.environment[0m [1;30mLevel 1[0m checking '/home/hyx/codes/ros2_work/ros2-learning/install/work_launch/lib/pkgconfig/work_launch.pc'
[0.355s] [34mcolcon.colcon_core.environment[0m [1;30mLevel 1[0m checking '/home/hyx/codes/ros2_work/ros2-learning/install/work_launch/lib/python3.10/site-packages'
[0.355s] [34mcolcon.colcon_core.environment[0m [1;30mLevel 1[0m checking '/home/hyx/codes/ros2_work/ros2-learning/install/work_launch/bin'
[0.355s] [34mcolcon.colcon_core.shell[0m [1;30mINFO[0m Creating package script '/home/hyx/codes/ros2_work/ros2-learning/install/work_launch/share/work_launch/package.ps1'
[0.356s] [34mcolcon.colcon_core.shell[0m [1;30mINFO[0m Creating package descriptor '/home/hyx/codes/ros2_work/ros2-learning/install/work_launch/share/work_launch/package.dsv'
[0.356s] [34mcolcon.colcon_core.shell[0m [1;30mINFO[0m Creating package script '/home/hyx/codes/ros2_work/ros2-learning/install/work_launch/share/work_launch/package.sh'
[0.358s] [34mcolcon.colcon_core.shell[0m [1;30mINFO[0m Creating package script '/home/hyx/codes/ros2_work/ros2-learning/install/work_launch/share/work_launch/package.bash'
[0.358s] [34mcolcon.colcon_core.shell[0m [1;30mINFO[0m Creating package script '/home/hyx/codes/ros2_work/ros2-learning/install/work_launch/share/work_launch/package.zsh'
[0.359s] [34mcolcon.colcon_core.environment[0m [1;30mLevel 1[0m create_file_with_runtime_dependencies(/home/hyx/codes/ros2_work/ros2-learning/install/work_launch/share/colcon-core/packages/work_launch)
[0.359s] [34mcolcon.colcon_core.environment[0m [1;30mLevel 1[0m create_environment_scripts_only(work_launch)
[0.359s] [34mcolcon.colcon_core.environment[0m [1;30mLevel 1[0m checking '/home/hyx/codes/ros2_work/ros2-learning/install/work_launch' for CMake module files
[0.360s] [34mcolcon.colcon_core.environment[0m [1;30mLevel 1[0m checking '/home/hyx/codes/ros2_work/ros2-learning/install/work_launch' for CMake config files
[0.360s] [34mcolcon.colcon_core.shell[0m [1;30mLevel 1[0m create_environment_hook('work_launch', 'cmake_prefix_path')
[0.360s] [34mcolcon.colcon_core.shell[0m [1;30mINFO[0m Creating environment hook '/home/hyx/codes/ros2_work/ros2-learning/install/work_launch/share/work_launch/hook/cmake_prefix_path.ps1'
[0.360s] [34mcolcon.colcon_core.shell[0m [1;30mINFO[0m Creating environment descriptor '/home/hyx/codes/ros2_work/ros2-learning/install/work_launch/share/work_launch/hook/cmake_prefix_path.dsv'
[0.360s] [34mcolcon.colcon_core.shell[0m [1;30mINFO[0m Creating environment hook '/home/hyx/codes/ros2_work/ros2-learning/install/work_launch/share/work_launch/hook/cmake_prefix_path.sh'
[0.361s] [34mcolcon.colcon_core.environment[0m [1;30mLevel 1[0m checking '/home/hyx/codes/ros2_work/ros2-learning/install/work_launch/bin'
[0.361s] [34mcolcon.colcon_core.environment[0m [1;30mLevel 1[0m checking '/home/hyx/codes/ros2_work/ros2-learning/install/work_launch/lib/pkgconfig/work_launch.pc'
[0.361s] [34mcolcon.colcon_core.environment[0m [1;30mLevel 1[0m checking '/home/hyx/codes/ros2_work/ros2-learning/install/work_launch/lib/python3.10/site-packages'
[0.361s] [34mcolcon.colcon_core.environment[0m [1;30mLevel 1[0m checking '/home/hyx/codes/ros2_work/ros2-learning/install/work_launch/bin'
[0.361s] [34mcolcon.colcon_core.shell[0m [1;30mINFO[0m Creating package script '/home/hyx/codes/ros2_work/ros2-learning/install/work_launch/share/work_launch/package.ps1'
[0.362s] [34mcolcon.colcon_core.shell[0m [1;30mINFO[0m Creating package descriptor '/home/hyx/codes/ros2_work/ros2-learning/install/work_launch/share/work_launch/package.dsv'
[0.362s] [34mcolcon.colcon_core.shell[0m [1;30mINFO[0m Creating package script '/home/hyx/codes/ros2_work/ros2-learning/install/work_launch/share/work_launch/package.sh'
[0.363s] [34mcolcon.colcon_core.shell[0m [1;30mINFO[0m Creating package script '/home/hyx/codes/ros2_work/ros2-learning/install/work_launch/share/work_launch/package.bash'
[0.363s] [34mcolcon.colcon_core.shell[0m [1;30mINFO[0m Creating package script '/home/hyx/codes/ros2_work/ros2-learning/install/work_launch/share/work_launch/package.zsh'
[0.363s] [34mcolcon.colcon_core.environment[0m [1;30mLevel 1[0m create_file_with_runtime_dependencies(/home/hyx/codes/ros2_work/ros2-learning/install/work_launch/share/colcon-core/packages/work_launch)
[0.577s] [34mcolcon.colcon_core.event_handler.log_command[0m [1;30mDEBUG[0m [32mInvoked command in '/home/hyx/codes/ros2_work/ros2-learning/build/my_msg' returned '0': CMAKE_PREFIX_PATH=${CMAKE_PREFIX_PATH}:/opt/ros/humble /usr/bin/cmake --build /home/hyx/codes/ros2_work/ros2-learning/build/my_msg -- -j16 -l16[0m
[0.578s] [34mcolcon.colcon_core.event_handler.log_command[0m [1;30mDEBUG[0m [32mInvoking command in '/home/hyx/codes/ros2_work/ros2-learning/build/my_msg': CMAKE_PREFIX_PATH=${CMAKE_PREFIX_PATH}:/opt/ros/humble /usr/bin/cmake --install /home/hyx/codes/ros2_work/ros2-learning/build/my_msg[0m
[0.634s] [34mcolcon.colcon_core.environment[0m [1;30mLevel 1[0m create_environment_scripts_only(my_msg)
[0.634s] [34mcolcon.colcon_core.environment[0m [1;30mLevel 1[0m checking '/home/hyx/codes/ros2_work/ros2-learning/install/my_msg' for CMake module files
[0.635s] [34mcolcon.colcon_core.event_handler.log_command[0m [1;30mDEBUG[0m [32mInvoked command in '/home/hyx/codes/ros2_work/ros2-learning/build/my_msg' returned '0': CMAKE_PREFIX_PATH=${CMAKE_PREFIX_PATH}:/opt/ros/humble /usr/bin/cmake --install /home/hyx/codes/ros2_work/ros2-learning/build/my_msg[0m
[0.635s] [34mcolcon.colcon_core.environment[0m [1;30mLevel 1[0m checking '/home/hyx/codes/ros2_work/ros2-learning/install/my_msg' for CMake config files
[0.636s] [34mcolcon.colcon_core.shell[0m [1;30mLevel 1[0m create_environment_hook('my_msg', 'cmake_prefix_path')
[0.636s] [34mcolcon.colcon_core.shell[0m [1;30mINFO[0m Creating environment hook '/home/hyx/codes/ros2_work/ros2-learning/install/my_msg/share/my_msg/hook/cmake_prefix_path.ps1'
[0.636s] [34mcolcon.colcon_core.shell[0m [1;30mINFO[0m Creating environment descriptor '/home/hyx/codes/ros2_work/ros2-learning/install/my_msg/share/my_msg/hook/cmake_prefix_path.dsv'
[0.636s] [34mcolcon.colcon_core.shell[0m [1;30mINFO[0m Creating environment hook '/home/hyx/codes/ros2_work/ros2-learning/install/my_msg/share/my_msg/hook/cmake_prefix_path.sh'
[0.637s] [34mcolcon.colcon_core.environment[0m [1;30mLevel 1[0m checking '/home/hyx/codes/ros2_work/ros2-learning/install/my_msg/lib'
[0.637s] [34mcolcon.colcon_core.shell[0m [1;30mLevel 1[0m create_environment_hook('my_msg', 'ld_library_path_lib')
[0.637s] [34mcolcon.colcon_core.shell[0m [1;30mINFO[0m Creating environment hook '/home/hyx/codes/ros2_work/ros2-learning/install/my_msg/share/my_msg/hook/ld_library_path_lib.ps1'
[0.638s] [34mcolcon.colcon_core.shell[0m [1;30mINFO[0m Creating environment descriptor '/home/hyx/codes/ros2_work/ros2-learning/install/my_msg/share/my_msg/hook/ld_library_path_lib.dsv'
[0.638s] [34mcolcon.colcon_core.shell[0m [1;30mINFO[0m Creating environment hook '/home/hyx/codes/ros2_work/ros2-learning/install/my_msg/share/my_msg/hook/ld_library_path_lib.sh'
[0.638s] [34mcolcon.colcon_core.environment[0m [1;30mLevel 1[0m checking '/home/hyx/codes/ros2_work/ros2-learning/install/my_msg/bin'
[0.638s] [34mcolcon.colcon_core.environment[0m [1;30mLevel 1[0m checking '/home/hyx/codes/ros2_work/ros2-learning/install/my_msg/lib/pkgconfig/my_msg.pc'
[0.638s] [34mcolcon.colcon_core.environment[0m [1;30mLevel 1[0m checking '/home/hyx/codes/ros2_work/ros2-learning/install/my_msg/lib/python3.10/site-packages'
[0.639s] [34mcolcon.colcon_core.environment[0m [1;30mLevel 1[0m checking '/home/hyx/codes/ros2_work/ros2-learning/install/my_msg/bin'
[0.639s] [34mcolcon.colcon_core.shell[0m [1;30mINFO[0m Creating package script '/home/hyx/codes/ros2_work/ros2-learning/install/my_msg/share/my_msg/package.ps1'
[0.639s] [34mcolcon.colcon_core.shell[0m [1;30mINFO[0m Creating package descriptor '/home/hyx/codes/ros2_work/ros2-learning/install/my_msg/share/my_msg/package.dsv'
[0.639s] [34mcolcon.colcon_core.shell[0m [1;30mINFO[0m Creating package script '/home/hyx/codes/ros2_work/ros2-learning/install/my_msg/share/my_msg/package.sh'
[0.640s] [34mcolcon.colcon_core.shell[0m [1;30mINFO[0m Creating package script '/home/hyx/codes/ros2_work/ros2-learning/install/my_msg/share/my_msg/package.bash'
[0.640s] [34mcolcon.colcon_core.shell[0m [1;30mINFO[0m Creating package script '/home/hyx/codes/ros2_work/ros2-learning/install/my_msg/share/my_msg/package.zsh'
[0.640s] [34mcolcon.colcon_core.environment[0m [1;30mLevel 1[0m create_file_with_runtime_dependencies(/home/hyx/codes/ros2_work/ros2-learning/install/my_msg/share/colcon-core/packages/my_msg)
[0.641s] [34mcolcon.colcon_core.environment[0m [1;30mLevel 1[0m create_environment_scripts_only(my_msg)
[0.641s] [34mcolcon.colcon_core.environment[0m [1;30mLevel 1[0m checking '/home/hyx/codes/ros2_work/ros2-learning/install/my_msg' for CMake module files
[0.641s] [34mcolcon.colcon_core.environment[0m [1;30mLevel 1[0m checking '/home/hyx/codes/ros2_work/ros2-learning/install/my_msg' for CMake config files
[0.642s] [34mcolcon.colcon_core.shell[0m [1;30mLevel 1[0m create_environment_hook('my_msg', 'cmake_prefix_path')
[0.642s] [34mcolcon.colcon_core.shell[0m [1;30mINFO[0m Creating environment hook '/home/hyx/codes/ros2_work/ros2-learning/install/my_msg/share/my_msg/hook/cmake_prefix_path.ps1'
[0.642s] [34mcolcon.colcon_core.shell[0m [1;30mINFO[0m Creating environment descriptor '/home/hyx/codes/ros2_work/ros2-learning/install/my_msg/share/my_msg/hook/cmake_prefix_path.dsv'
[0.642s] [34mcolcon.colcon_core.shell[0m [1;30mINFO[0m Creating environment hook '/home/hyx/codes/ros2_work/ros2-learning/install/my_msg/share/my_msg/hook/cmake_prefix_path.sh'
[0.643s] [34mcolcon.colcon_core.environment[0m [1;30mLevel 1[0m checking '/home/hyx/codes/ros2_work/ros2-learning/install/my_msg/lib'
[0.643s] [34mcolcon.colcon_core.shell[0m [1;30mLevel 1[0m create_environment_hook('my_msg', 'ld_library_path_lib')
[0.643s] [34mcolcon.colcon_core.shell[0m [1;30mINFO[0m Creating environment hook '/home/hyx/codes/ros2_work/ros2-learning/install/my_msg/share/my_msg/hook/ld_library_path_lib.ps1'
[0.643s] [34mcolcon.colcon_core.shell[0m [1;30mINFO[0m Creating environment descriptor '/home/hyx/codes/ros2_work/ros2-learning/install/my_msg/share/my_msg/hook/ld_library_path_lib.dsv'
[0.643s] [34mcolcon.colcon_core.shell[0m [1;30mINFO[0m Creating environment hook '/home/hyx/codes/ros2_work/ros2-learning/install/my_msg/share/my_msg/hook/ld_library_path_lib.sh'
[0.644s] [34mcolcon.colcon_core.environment[0m [1;30mLevel 1[0m checking '/home/hyx/codes/ros2_work/ros2-learning/install/my_msg/bin'
[0.644s] [34mcolcon.colcon_core.environment[0m [1;30mLevel 1[0m checking '/home/hyx/codes/ros2_work/ros2-learning/install/my_msg/lib/pkgconfig/my_msg.pc'
[0.644s] [34mcolcon.colcon_core.environment[0m [1;30mLevel 1[0m checking '/home/hyx/codes/ros2_work/ros2-learning/install/my_msg/lib/python3.10/site-packages'
[0.644s] [34mcolcon.colcon_core.environment[0m [1;30mLevel 1[0m checking '/home/hyx/codes/ros2_work/ros2-learning/install/my_msg/bin'
[0.644s] [34mcolcon.colcon_core.shell[0m [1;30mINFO[0m Creating package script '/home/hyx/codes/ros2_work/ros2-learning/install/my_msg/share/my_msg/package.ps1'
[0.645s] [34mcolcon.colcon_core.shell[0m [1;30mINFO[0m Creating package descriptor '/home/hyx/codes/ros2_work/ros2-learning/install/my_msg/share/my_msg/package.dsv'
[0.645s] [34mcolcon.colcon_core.shell[0m [1;30mINFO[0m Creating package script '/home/hyx/codes/ros2_work/ros2-learning/install/my_msg/share/my_msg/package.sh'
[0.645s] [34mcolcon.colcon_core.shell[0m [1;30mINFO[0m Creating package script '/home/hyx/codes/ros2_work/ros2-learning/install/my_msg/share/my_msg/package.bash'
[0.646s] [34mcolcon.colcon_core.shell[0m [1;30mINFO[0m Creating package script '/home/hyx/codes/ros2_work/ros2-learning/install/my_msg/share/my_msg/package.zsh'
[0.646s] [34mcolcon.colcon_core.environment[0m [1;30mLevel 1[0m create_file_with_runtime_dependencies(/home/hyx/codes/ros2_work/ros2-learning/install/my_msg/share/colcon-core/packages/my_msg)
[0.646s] [34mcolcon.colcon_ros.task.ament_cmake.build[0m [1;30mINFO[0m Building ROS package in '/home/hyx/codes/ros2_work/ros2-learning/src/british_system' with build type 'ament_cmake'
[0.646s] [34mcolcon.colcon_cmake.task.cmake.build[0m [1;30mINFO[0m Building CMake package in '/home/hyx/codes/ros2_work/ros2-learning/src/british_system'
[0.646s] [34mcolcon.colcon_core.shell[0m [1;30mINFO[0m Skip shell extension 'powershell' for command environment: Not usable outside of PowerShell
[0.647s] [34mcolcon.colcon_core.shell[0m [1;30mDEBUG[0m [32mSkip shell extension 'dsv' for command environment[0m
[0.650s] [34mcolcon.colcon_ros.task.ament_cmake.build[0m [1;30mINFO[0m Building ROS package in '/home/hyx/codes/ros2_work/ros2-learning/src/metric_system' with build type 'ament_cmake'
[0.650s] [34mcolcon.colcon_cmake.task.cmake.build[0m [1;30mINFO[0m Building CMake package in '/home/hyx/codes/ros2_work/ros2-learning/src/metric_system'
[0.650s] [34mcolcon.colcon_core.shell[0m [1;30mINFO[0m Skip shell extension 'powershell' for command environment: Not usable outside of PowerShell
[0.650s] [34mcolcon.colcon_core.shell[0m [1;30mDEBUG[0m [32mSkip shell extension 'dsv' for command environment[0m
[0.658s] [34mcolcon.colcon_core.event_handler.log_command[0m [1;30mDEBUG[0m [32mInvoking command in '/home/hyx/codes/ros2_work/ros2-learning/build/british_system': CMAKE_PREFIX_PATH=/home/hyx/codes/ros2_work/ros2-learning/install/my_msg:/home/hyx/codes/ros2_work/ros2-learning/src/install/work_launch:/home/hyx/codes/ros2_work/ros2-learning/install/work_launch:/home/hyx/codes/ros2_work/ros2-learning/install/metric_system:/home/hyx/codes/ros2_work/ros2-learning/install/british_system:/home/hyx/codes/ros2_work/install/work_launch:/opt/ros/humble LD_LIBRARY_PATH=/home/hyx/codes/ros2_work/ros2-learning/install/my_msg/lib:/opt/MVS/lib/64:/opt/MVS/lib/32:/home/MVS/lib/64:/home/MVS/lib/32:/usr/lib/x86_64-linux-gnu/gazebo-11/plugins:/opt/ros/humble/opt/rviz_ogre_vendor/lib:/opt/ros/humble/lib/x86_64-linux-gnu:/opt/ros/humble/lib:/opt/MVS/lib/64:/opt/MVS/lib/32:/home/MVS/lib/64:/home/MVS/lib/32:/opt/MVS/lib/64:/opt/MVS/lib/32:/home/MVS/lib/64:/home/MVS/lib/32:/opt/MVS/lib/64:/opt/MVS/lib/32:/home/MVS/lib/64:/home/MVS/lib/32 /usr/bin/cmake --build /home/hyx/codes/ros2_work/ros2-learning/build/british_system -- -j16 -l16[0m
[0.660s] [34mcolcon.colcon_core.event_handler.log_command[0m [1;30mDEBUG[0m [32mInvoking command in '/home/hyx/codes/ros2_work/ros2-learning/build/metric_system': CMAKE_PREFIX_PATH=/home/hyx/codes/ros2_work/ros2-learning/install/my_msg:/home/hyx/codes/ros2_work/ros2-learning/src/install/work_launch:/home/hyx/codes/ros2_work/ros2-learning/install/work_launch:/home/hyx/codes/ros2_work/ros2-learning/install/metric_system:/home/hyx/codes/ros2_work/ros2-learning/install/british_system:/home/hyx/codes/ros2_work/install/work_launch:/opt/ros/humble LD_LIBRARY_PATH=/home/hyx/codes/ros2_work/ros2-learning/install/my_msg/lib:/opt/MVS/lib/64:/opt/MVS/lib/32:/home/MVS/lib/64:/home/MVS/lib/32:/usr/lib/x86_64-linux-gnu/gazebo-11/plugins:/opt/ros/humble/opt/rviz_ogre_vendor/lib:/opt/ros/humble/lib/x86_64-linux-gnu:/opt/ros/humble/lib:/opt/MVS/lib/64:/opt/MVS/lib/32:/home/MVS/lib/64:/home/MVS/lib/32:/opt/MVS/lib/64:/opt/MVS/lib/32:/home/MVS/lib/64:/home/MVS/lib/32:/opt/MVS/lib/64:/opt/MVS/lib/32:/home/MVS/lib/64:/home/MVS/lib/32 /usr/bin/cmake --build /home/hyx/codes/ros2_work/ros2-learning/build/metric_system -- -j16 -l16[0m
[0.723s] [34mcolcon.colcon_core.event_handler.log_command[0m [1;30mDEBUG[0m [32mInvoked command in '/home/hyx/codes/ros2_work/ros2-learning/build/metric_system' returned '0': CMAKE_PREFIX_PATH=/home/hyx/codes/ros2_work/ros2-learning/install/my_msg:/home/hyx/codes/ros2_work/ros2-learning/src/install/work_launch:/home/hyx/codes/ros2_work/ros2-learning/install/work_launch:/home/hyx/codes/ros2_work/ros2-learning/install/metric_system:/home/hyx/codes/ros2_work/ros2-learning/install/british_system:/home/hyx/codes/ros2_work/install/work_launch:/opt/ros/humble LD_LIBRARY_PATH=/home/hyx/codes/ros2_work/ros2-learning/install/my_msg/lib:/opt/MVS/lib/64:/opt/MVS/lib/32:/home/MVS/lib/64:/home/MVS/lib/32:/usr/lib/x86_64-linux-gnu/gazebo-11/plugins:/opt/ros/humble/opt/rviz_ogre_vendor/lib:/opt/ros/humble/lib/x86_64-linux-gnu:/opt/ros/humble/lib:/opt/MVS/lib/64:/opt/MVS/lib/32:/home/MVS/lib/64:/home/MVS/lib/32:/opt/MVS/lib/64:/opt/MVS/lib/32:/home/MVS/lib/64:/home/MVS/lib/32:/opt/MVS/lib/64:/opt/MVS/lib/32:/home/MVS/lib/64:/home/MVS/lib/32 /usr/bin/cmake --build /home/hyx/codes/ros2_work/ros2-learning/build/metric_system -- -j16 -l16[0m
[0.725s] [34mcolcon.colcon_core.event_handler.log_command[0m [1;30mDEBUG[0m [32mInvoking command in '/home/hyx/codes/ros2_work/ros2-learning/build/metric_system': CMAKE_PREFIX_PATH=/home/hyx/codes/ros2_work/ros2-learning/install/my_msg:/home/hyx/codes/ros2_work/ros2-learning/src/install/work_launch:/home/hyx/codes/ros2_work/ros2-learning/install/work_launch:/home/hyx/codes/ros2_work/ros2-learning/install/metric_system:/home/hyx/codes/ros2_work/ros2-learning/install/british_system:/home/hyx/codes/ros2_work/install/work_launch:/opt/ros/humble LD_LIBRARY_PATH=/home/hyx/codes/ros2_work/ros2-learning/install/my_msg/lib:/opt/MVS/lib/64:/opt/MVS/lib/32:/home/MVS/lib/64:/home/MVS/lib/32:/usr/lib/x86_64-linux-gnu/gazebo-11/plugins:/opt/ros/humble/opt/rviz_ogre_vendor/lib:/opt/ros/humble/lib/x86_64-linux-gnu:/opt/ros/humble/lib:/opt/MVS/lib/64:/opt/MVS/lib/32:/home/MVS/lib/64:/home/MVS/lib/32:/opt/MVS/lib/64:/opt/MVS/lib/32:/home/MVS/lib/64:/home/MVS/lib/32:/opt/MVS/lib/64:/opt/MVS/lib/32:/home/MVS/lib/64:/home/MVS/lib/32 /usr/bin/cmake --install /home/hyx/codes/ros2_work/ros2-learning/build/metric_system[0m
[0.725s] [34mcolcon.colcon_core.event_handler.log_command[0m [1;30mDEBUG[0m [32mInvoked command in '/home/hyx/codes/ros2_work/ros2-learning/build/british_system' returned '0': CMAKE_PREFIX_PATH=/home/hyx/codes/ros2_work/ros2-learning/install/my_msg:/home/hyx/codes/ros2_work/ros2-learning/src/install/work_launch:/home/hyx/codes/ros2_work/ros2-learning/install/work_launch:/home/hyx/codes/ros2_work/ros2-learning/install/metric_system:/home/hyx/codes/ros2_work/ros2-learning/install/british_system:/home/hyx/codes/ros2_work/install/work_launch:/opt/ros/humble LD_LIBRARY_PATH=/home/hyx/codes/ros2_work/ros2-learning/install/my_msg/lib:/opt/MVS/lib/64:/opt/MVS/lib/32:/home/MVS/lib/64:/home/MVS/lib/32:/usr/lib/x86_64-linux-gnu/gazebo-11/plugins:/opt/ros/humble/opt/rviz_ogre_vendor/lib:/opt/ros/humble/lib/x86_64-linux-gnu:/opt/ros/humble/lib:/opt/MVS/lib/64:/opt/MVS/lib/32:/home/MVS/lib/64:/home/MVS/lib/32:/opt/MVS/lib/64:/opt/MVS/lib/32:/home/MVS/lib/64:/home/MVS/lib/32:/opt/MVS/lib/64:/opt/MVS/lib/32:/home/MVS/lib/64:/home/MVS/lib/32 /usr/bin/cmake --build /home/hyx/codes/ros2_work/ros2-learning/build/british_system -- -j16 -l16[0m
[0.726s] [34mcolcon.colcon_core.event_handler.log_command[0m [1;30mDEBUG[0m [32mInvoking command in '/home/hyx/codes/ros2_work/ros2-learning/build/british_system': CMAKE_PREFIX_PATH=/home/hyx/codes/ros2_work/ros2-learning/install/my_msg:/home/hyx/codes/ros2_work/ros2-learning/src/install/work_launch:/home/hyx/codes/ros2_work/ros2-learning/install/work_launch:/home/hyx/codes/ros2_work/ros2-learning/install/metric_system:/home/hyx/codes/ros2_work/ros2-learning/install/british_system:/home/hyx/codes/ros2_work/install/work_launch:/opt/ros/humble LD_LIBRARY_PATH=/home/hyx/codes/ros2_work/ros2-learning/install/my_msg/lib:/opt/MVS/lib/64:/opt/MVS/lib/32:/home/MVS/lib/64:/home/MVS/lib/32:/usr/lib/x86_64-linux-gnu/gazebo-11/plugins:/opt/ros/humble/opt/rviz_ogre_vendor/lib:/opt/ros/humble/lib/x86_64-linux-gnu:/opt/ros/humble/lib:/opt/MVS/lib/64:/opt/MVS/lib/32:/home/MVS/lib/64:/home/MVS/lib/32:/opt/MVS/lib/64:/opt/MVS/lib/32:/home/MVS/lib/64:/home/MVS/lib/32:/opt/MVS/lib/64:/opt/MVS/lib/32:/home/MVS/lib/64:/home/MVS/lib/32 /usr/bin/cmake --install /home/hyx/codes/ros2_work/ros2-learning/build/british_system[0m
[0.737s] [34mcolcon.colcon_core.environment[0m [1;30mLevel 1[0m create_environment_scripts_only(british_system)
[0.738s] [34mcolcon.colcon_core.environment[0m [1;30mLevel 1[0m checking '/home/hyx/codes/ros2_work/ros2-learning/install/british_system' for CMake module files
[0.738s] [34mcolcon.colcon_core.event_handler.log_command[0m [1;30mDEBUG[0m [32mInvoked command in '/home/hyx/codes/ros2_work/ros2-learning/build/british_system' returned '0': CMAKE_PREFIX_PATH=/home/hyx/codes/ros2_work/ros2-learning/install/my_msg:/home/hyx/codes/ros2_work/ros2-learning/src/install/work_launch:/home/hyx/codes/ros2_work/ros2-learning/install/work_launch:/home/hyx/codes/ros2_work/ros2-learning/install/metric_system:/home/hyx/codes/ros2_work/ros2-learning/install/british_system:/home/hyx/codes/ros2_work/install/work_launch:/opt/ros/humble LD_LIBRARY_PATH=/home/hyx/codes/ros2_work/ros2-learning/install/my_msg/lib:/opt/MVS/lib/64:/opt/MVS/lib/32:/home/MVS/lib/64:/home/MVS/lib/32:/usr/lib/x86_64-linux-gnu/gazebo-11/plugins:/opt/ros/humble/opt/rviz_ogre_vendor/lib:/opt/ros/humble/lib/x86_64-linux-gnu:/opt/ros/humble/lib:/opt/MVS/lib/64:/opt/MVS/lib/32:/home/MVS/lib/64:/home/MVS/lib/32:/opt/MVS/lib/64:/opt/MVS/lib/32:/home/MVS/lib/64:/home/MVS/lib/32:/opt/MVS/lib/64:/opt/MVS/lib/32:/home/MVS/lib/64:/home/MVS/lib/32 /usr/bin/cmake --install /home/hyx/codes/ros2_work/ros2-learning/build/british_system[0m
[0.738s] [34mcolcon.colcon_core.environment[0m [1;30mLevel 1[0m checking '/home/hyx/codes/ros2_work/ros2-learning/install/british_system' for CMake config files
[0.739s] [34mcolcon.colcon_core.shell[0m [1;30mLevel 1[0m create_environment_hook('british_system', 'cmake_prefix_path')
[0.739s] [34mcolcon.colcon_core.shell[0m [1;30mINFO[0m Creating environment hook '/home/hyx/codes/ros2_work/ros2-learning/install/british_system/share/british_system/hook/cmake_prefix_path.ps1'
[0.739s] [34mcolcon.colcon_core.shell[0m [1;30mINFO[0m Creating environment descriptor '/home/hyx/codes/ros2_work/ros2-learning/install/british_system/share/british_system/hook/cmake_prefix_path.dsv'
[0.739s] [34mcolcon.colcon_core.shell[0m [1;30mINFO[0m Creating environment hook '/home/hyx/codes/ros2_work/ros2-learning/install/british_system/share/british_system/hook/cmake_prefix_path.sh'
[0.740s] [34mcolcon.colcon_core.environment[0m [1;30mLevel 1[0m checking '/home/hyx/codes/ros2_work/ros2-learning/install/british_system/lib'
[0.740s] [34mcolcon.colcon_core.environment[0m [1;30mLevel 1[0m checking '/home/hyx/codes/ros2_work/ros2-learning/install/british_system/bin'
[0.740s] [34mcolcon.colcon_core.environment[0m [1;30mLevel 1[0m checking '/home/hyx/codes/ros2_work/ros2-learning/install/british_system/lib/pkgconfig/british_system.pc'
[0.740s] [34mcolcon.colcon_core.environment[0m [1;30mLevel 1[0m checking '/home/hyx/codes/ros2_work/ros2-learning/install/british_system/lib/python3.10/site-packages'
[0.740s] [34mcolcon.colcon_core.environment[0m [1;30mLevel 1[0m checking '/home/hyx/codes/ros2_work/ros2-learning/install/british_system/bin'
[0.740s] [34mcolcon.colcon_core.shell[0m [1;30mINFO[0m Creating package script '/home/hyx/codes/ros2_work/ros2-learning/install/british_system/share/british_system/package.ps1'
[0.741s] [34mcolcon.colcon_core.shell[0m [1;30mINFO[0m Creating package descriptor '/home/hyx/codes/ros2_work/ros2-learning/install/british_system/share/british_system/package.dsv'
[0.741s] [34mcolcon.colcon_core.shell[0m [1;30mINFO[0m Creating package script '/home/hyx/codes/ros2_work/ros2-learning/install/british_system/share/british_system/package.sh'
[0.741s] [34mcolcon.colcon_core.shell[0m [1;30mINFO[0m Creating package script '/home/hyx/codes/ros2_work/ros2-learning/install/british_system/share/british_system/package.bash'
[0.742s] [34mcolcon.colcon_core.shell[0m [1;30mINFO[0m Creating package script '/home/hyx/codes/ros2_work/ros2-learning/install/british_system/share/british_system/package.zsh'
[0.742s] [34mcolcon.colcon_core.environment[0m [1;30mLevel 1[0m create_file_with_runtime_dependencies(/home/hyx/codes/ros2_work/ros2-learning/install/british_system/share/colcon-core/packages/british_system)
[0.742s] [34mcolcon.colcon_core.environment[0m [1;30mLevel 1[0m create_environment_scripts_only(british_system)
[0.742s] [34mcolcon.colcon_core.environment[0m [1;30mLevel 1[0m checking '/home/hyx/codes/ros2_work/ros2-learning/install/british_system' for CMake module files
[0.743s] [34mcolcon.colcon_core.environment[0m [1;30mLevel 1[0m checking '/home/hyx/codes/ros2_work/ros2-learning/install/british_system' for CMake config files
[0.743s] [34mcolcon.colcon_core.shell[0m [1;30mLevel 1[0m create_environment_hook('british_system', 'cmake_prefix_path')
[0.743s] [34mcolcon.colcon_core.shell[0m [1;30mINFO[0m Creating environment hook '/home/hyx/codes/ros2_work/ros2-learning/install/british_system/share/british_system/hook/cmake_prefix_path.ps1'
[0.743s] [34mcolcon.colcon_core.shell[0m [1;30mINFO[0m Creating environment descriptor '/home/hyx/codes/ros2_work/ros2-learning/install/british_system/share/british_system/hook/cmake_prefix_path.dsv'
[0.744s] [34mcolcon.colcon_core.shell[0m [1;30mINFO[0m Creating environment hook '/home/hyx/codes/ros2_work/ros2-learning/install/british_system/share/british_system/hook/cmake_prefix_path.sh'
[0.744s] [34mcolcon.colcon_core.environment[0m [1;30mLevel 1[0m checking '/home/hyx/codes/ros2_work/ros2-learning/install/british_system/lib'
[0.744s] [34mcolcon.colcon_core.environment[0m [1;30mLevel 1[0m checking '/home/hyx/codes/ros2_work/ros2-learning/install/british_system/bin'
[0.744s] [34mcolcon.colcon_core.environment[0m [1;30mLevel 1[0m checking '/home/hyx/codes/ros2_work/ros2-learning/install/british_system/lib/pkgconfig/british_system.pc'
[0.744s] [34mcolcon.colcon_core.environment[0m [1;30mLevel 1[0m checking '/home/hyx/codes/ros2_work/ros2-learning/install/british_system/lib/python3.10/site-packages'
[0.745s] [34mcolcon.colcon_core.environment[0m [1;30mLevel 1[0m checking '/home/hyx/codes/ros2_work/ros2-learning/install/british_system/bin'
[0.745s] [34mcolcon.colcon_core.shell[0m [1;30mINFO[0m Creating package script '/home/hyx/codes/ros2_work/ros2-learning/install/british_system/share/british_system/package.ps1'
[0.745s] [34mcolcon.colcon_core.shell[0m [1;30mINFO[0m Creating package descriptor '/home/hyx/codes/ros2_work/ros2-learning/install/british_system/share/british_system/package.dsv'
[0.746s] [34mcolcon.colcon_core.shell[0m [1;30mINFO[0m Creating package script '/home/hyx/codes/ros2_work/ros2-learning/install/british_system/share/british_system/package.sh'
[0.746s] [34mcolcon.colcon_core.shell[0m [1;30mINFO[0m Creating package script '/home/hyx/codes/ros2_work/ros2-learning/install/british_system/share/british_system/package.bash'
[0.746s] [34mcolcon.colcon_core.shell[0m [1;30mINFO[0m Creating package script '/home/hyx/codes/ros2_work/ros2-learning/install/british_system/share/british_system/package.zsh'
[0.746s] [34mcolcon.colcon_core.environment[0m [1;30mLevel 1[0m create_file_with_runtime_dependencies(/home/hyx/codes/ros2_work/ros2-learning/install/british_system/share/colcon-core/packages/british_system)
[0.747s] [34mcolcon.colcon_core.environment[0m [1;30mLevel 1[0m create_environment_scripts_only(metric_system)
[0.747s] [34mcolcon.colcon_core.environment[0m [1;30mLevel 1[0m checking '/home/hyx/codes/ros2_work/ros2-learning/install/metric_system' for CMake module files
[0.748s] [34mcolcon.colcon_core.event_handler.log_command[0m [1;30mDEBUG[0m [32mInvoked command in '/home/hyx/codes/ros2_work/ros2-learning/build/metric_system' returned '0': CMAKE_PREFIX_PATH=/home/hyx/codes/ros2_work/ros2-learning/install/my_msg:/home/hyx/codes/ros2_work/ros2-learning/src/install/work_launch:/home/hyx/codes/ros2_work/ros2-learning/install/work_launch:/home/hyx/codes/ros2_work/ros2-learning/install/metric_system:/home/hyx/codes/ros2_work/ros2-learning/install/british_system:/home/hyx/codes/ros2_work/install/work_launch:/opt/ros/humble LD_LIBRARY_PATH=/home/hyx/codes/ros2_work/ros2-learning/install/my_msg/lib:/opt/MVS/lib/64:/opt/MVS/lib/32:/home/MVS/lib/64:/home/MVS/lib/32:/usr/lib/x86_64-linux-gnu/gazebo-11/plugins:/opt/ros/humble/opt/rviz_ogre_vendor/lib:/opt/ros/humble/lib/x86_64-linux-gnu:/opt/ros/humble/lib:/opt/MVS/lib/64:/opt/MVS/lib/32:/home/MVS/lib/64:/home/MVS/lib/32:/opt/MVS/lib/64:/opt/MVS/lib/32:/home/MVS/lib/64:/home/MVS/lib/32:/opt/MVS/lib/64:/opt/MVS/lib/32:/home/MVS/lib/64:/home/MVS/lib/32 /usr/bin/cmake --install /home/hyx/codes/ros2_work/ros2-learning/build/metric_system[0m
[0.748s] [34mcolcon.colcon_core.environment[0m [1;30mLevel 1[0m checking '/home/hyx/codes/ros2_work/ros2-learning/install/metric_system' for CMake config files
[0.748s] [34mcolcon.colcon_core.shell[0m [1;30mLevel 1[0m create_environment_hook('metric_system', 'cmake_prefix_path')
[0.748s] [34mcolcon.colcon_core.shell[0m [1;30mINFO[0m Creating environment hook '/home/hyx/codes/ros2_work/ros2-learning/install/metric_system/share/metric_system/hook/cmake_prefix_path.ps1'
[0.749s] [34mcolcon.colcon_core.shell[0m [1;30mINFO[0m Creating environment descriptor '/home/hyx/codes/ros2_work/ros2-learning/install/metric_system/share/metric_system/hook/cmake_prefix_path.dsv'
[0.749s] [34mcolcon.colcon_core.shell[0m [1;30mINFO[0m Creating environment hook '/home/hyx/codes/ros2_work/ros2-learning/install/metric_system/share/metric_system/hook/cmake_prefix_path.sh'
[0.749s] [34mcolcon.colcon_core.environment[0m [1;30mLevel 1[0m checking '/home/hyx/codes/ros2_work/ros2-learning/install/metric_system/lib'
[0.749s] [34mcolcon.colcon_core.environment[0m [1;30mLevel 1[0m checking '/home/hyx/codes/ros2_work/ros2-learning/install/metric_system/bin'
[0.749s] [34mcolcon.colcon_core.environment[0m [1;30mLevel 1[0m checking '/home/hyx/codes/ros2_work/ros2-learning/install/metric_system/lib/pkgconfig/metric_system.pc'
[0.750s] [34mcolcon.colcon_core.environment[0m [1;30mLevel 1[0m checking '/home/hyx/codes/ros2_work/ros2-learning/install/metric_system/lib/python3.10/site-packages'
[0.750s] [34mcolcon.colcon_core.environment[0m [1;30mLevel 1[0m checking '/home/hyx/codes/ros2_work/ros2-learning/install/metric_system/bin'
[0.750s] [34mcolcon.colcon_core.shell[0m [1;30mINFO[0m Creating package script '/home/hyx/codes/ros2_work/ros2-learning/install/metric_system/share/metric_system/package.ps1'
[0.750s] [34mcolcon.colcon_core.shell[0m [1;30mINFO[0m Creating package descriptor '/home/hyx/codes/ros2_work/ros2-learning/install/metric_system/share/metric_system/package.dsv'
[0.751s] [34mcolcon.colcon_core.shell[0m [1;30mINFO[0m Creating package script '/home/hyx/codes/ros2_work/ros2-learning/install/metric_system/share/metric_system/package.sh'
[0.751s] [34mcolcon.colcon_core.shell[0m [1;30mINFO[0m Creating package script '/home/hyx/codes/ros2_work/ros2-learning/install/metric_system/share/metric_system/package.bash'
[0.751s] [34mcolcon.colcon_core.shell[0m [1;30mINFO[0m Creating package script '/home/hyx/codes/ros2_work/ros2-learning/install/metric_system/share/metric_system/package.zsh'
[0.751s] [34mcolcon.colcon_core.environment[0m [1;30mLevel 1[0m create_file_with_runtime_dependencies(/home/hyx/codes/ros2_work/ros2-learning/install/metric_system/share/colcon-core/packages/metric_system)
[0.752s] [34mcolcon.colcon_core.environment[0m [1;30mLevel 1[0m create_environment_scripts_only(metric_system)
[0.752s] [34mcolcon.colcon_core.environment[0m [1;30mLevel 1[0m checking '/home/hyx/codes/ros2_work/ros2-learning/install/metric_system' for CMake module files
[0.752s] [34mcolcon.colcon_core.environment[0m [1;30mLevel 1[0m checking '/home/hyx/codes/ros2_work/ros2-learning/install/metric_system' for CMake config files
[0.753s] [34mcolcon.colcon_core.shell[0m [1;30mLevel 1[0m create_environment_hook('metric_system', 'cmake_prefix_path')
[0.753s] [34mcolcon.colcon_core.shell[0m [1;30mINFO[0m Creating environment hook '/home/hyx/codes/ros2_work/ros2-learning/install/metric_system/share/metric_system/hook/cmake_prefix_path.ps1'
[0.753s] [34mcolcon.colcon_core.shell[0m [1;30mINFO[0m Creating environment descriptor '/home/hyx/codes/ros2_work/ros2-learning/install/metric_system/share/metric_system/hook/cmake_prefix_path.dsv'
[0.753s] [34mcolcon.colcon_core.shell[0m [1;30mINFO[0m Creating environment hook '/home/hyx/codes/ros2_work/ros2-learning/install/metric_system/share/metric_system/hook/cmake_prefix_path.sh'
[0.754s] [34mcolcon.colcon_core.environment[0m [1;30mLevel 1[0m checking '/home/hyx/codes/ros2_work/ros2-learning/install/metric_system/lib'
[0.754s] [34mcolcon.colcon_core.environment[0m [1;30mLevel 1[0m checking '/home/hyx/codes/ros2_work/ros2-learning/install/metric_system/bin'
[0.754s] [34mcolcon.colcon_core.environment[0m [1;30mLevel 1[0m checking '/home/hyx/codes/ros2_work/ros2-learning/install/metric_system/lib/pkgconfig/metric_system.pc'
[0.754s] [34mcolcon.colcon_core.environment[0m [1;30mLevel 1[0m checking '/home/hyx/codes/ros2_work/ros2-learning/install/metric_system/lib/python3.10/site-packages'
[0.754s] [34mcolcon.colcon_core.environment[0m [1;30mLevel 1[0m checking '/home/hyx/codes/ros2_work/ros2-learning/install/metric_system/bin'
[0.754s] [34mcolcon.colcon_core.shell[0m [1;30mINFO[0m Creating package script '/home/hyx/codes/ros2_work/ros2-learning/install/metric_system/share/metric_system/package.ps1'
[0.755s] [34mcolcon.colcon_core.shell[0m [1;30mINFO[0m Creating package descriptor '/home/hyx/codes/ros2_work/ros2-learning/install/metric_system/share/metric_system/package.dsv'
[0.755s] [34mcolcon.colcon_core.shell[0m [1;30mINFO[0m Creating package script '/home/hyx/codes/ros2_work/ros2-learning/install/metric_system/share/metric_system/package.sh'
[0.755s] [34mcolcon.colcon_core.shell[0m [1;30mINFO[0m Creating package script '/home/hyx/codes/ros2_work/ros2-learning/install/metric_system/share/metric_system/package.bash'
[0.755s] [34mcolcon.colcon_core.shell[0m [1;30mINFO[0m Creating package script '/home/hyx/codes/ros2_work/ros2-learning/install/metric_system/share/metric_system/package.zsh'
[0.756s] [34mcolcon.colcon_core.environment[0m [1;30mLevel 1[0m create_file_with_runtime_dependencies(/home/hyx/codes/ros2_work/ros2-learning/install/metric_system/share/colcon-core/packages/metric_system)
[0.756s] [34mcolcon.colcon_parallel_executor.executor.parallel[0m [1;30mDEBUG[0m [32mclosing loop[0m
[0.756s] [34mcolcon.colcon_parallel_executor.executor.parallel[0m [1;30mDEBUG[0m [32mloop closed[0m
[0.756s] [34mcolcon.colcon_parallel_executor.executor.parallel[0m [1;30mDEBUG[0m [32mrun_until_complete finished with '0'[0m
[0.756s] [34mcolcon.colcon_core.event_reactor[0m [1;30mDEBUG[0m [32mjoining thread[0m
[0.760s] [34mcolcon.colcon_core.plugin_system[0m [1;30mINFO[0m Skipping extension 'colcon_notification.desktop_notification.terminal_notifier': Not used on non-Darwin systems
[0.761s] [34mcolcon.colcon_core.plugin_system[0m [1;30mINFO[0m Skipping extension 'colcon_notification.desktop_notification.win32': Not used on non-Windows systems
[0.761s] [34mcolcon.colcon_notification.desktop_notification[0m [1;30mINFO[0m Sending desktop notification using 'notify2'
[0.770s] [34mcolcon.colcon_core.event_reactor[0m [1;30mDEBUG[0m [32mjoined thread[0m
[0.771s] [34mcolcon.colcon_core.shell[0m [1;30mINFO[0m Creating prefix script '/home/hyx/codes/ros2_work/ros2-learning/install/local_setup.ps1'
[0.772s] [34mcolcon.colcon_core.shell[0m [1;30mINFO[0m Creating prefix util module '/home/hyx/codes/ros2_work/ros2-learning/install/_local_setup_util_ps1.py'
[0.773s] [34mcolcon.colcon_core.shell[0m [1;30mINFO[0m Creating prefix chain script '/home/hyx/codes/ros2_work/ros2-learning/install/setup.ps1'
[0.774s] [34mcolcon.colcon_core.shell[0m [1;30mINFO[0m Creating prefix script '/home/hyx/codes/ros2_work/ros2-learning/install/local_setup.sh'
[0.774s] [34mcolcon.colcon_core.shell[0m [1;30mINFO[0m Creating prefix util module '/home/hyx/codes/ros2_work/ros2-learning/install/_local_setup_util_sh.py'
[0.774s] [34mcolcon.colcon_core.shell[0m [1;30mINFO[0m Creating prefix chain script '/home/hyx/codes/ros2_work/ros2-learning/install/setup.sh'
[0.775s] [34mcolcon.colcon_core.shell[0m [1;30mINFO[0m Creating prefix script '/home/hyx/codes/ros2_work/ros2-learning/install/local_setup.bash'
[0.776s] [34mcolcon.colcon_core.shell[0m [1;30mINFO[0m Creating prefix chain script '/home/hyx/codes/ros2_work/ros2-learning/install/setup.bash'
[0.776s] [34mcolcon.colcon_core.shell[0m [1;30mINFO[0m Creating prefix script '/home/hyx/codes/ros2_work/ros2-learning/install/local_setup.zsh'
[0.777s] [34mcolcon.colcon_core.shell[0m [1;30mINFO[0m Creating prefix chain script '/home/hyx/codes/ros2_work/ros2-learning/install/setup.zsh'
