-- The C compiler identification is GNU 11.4.0
-- The CXX compiler identification is GNU 11.4.0
-- Detecting C compiler ABI info
-- Detecting C compiler ABI info - done
-- Check for working C compiler: /usr/bin/cc - skipped
-- Detecting C compile features
-- Detecting C compile features - done
-- Detecting CXX compiler ABI info
-- Detecting CXX compiler ABI info - done
-- Check for working CXX compiler: /usr/bin/c++ - skipped
-- Detecting CXX compile features
-- Detecting CXX compile features - done
-- Found ament_cmake: 1.3.11 (/opt/ros/humble/share/ament_cmake/cmake)
-- Found Python3: /home/navi/miniconda3/bin/python3 (found version "3.12.9") found components: Interpreter 
-- Override CMake install command with custom implementation using symlinks instead of copying resources
-- Found rclcpp: 16.0.11 (/opt/ros/humble/share/rclcpp/cmake)
-- Found rosidl_generator_c: 3.1.6 (/opt/ros/humble/share/rosidl_generator_c/cmake)
-- Found rosidl_adapter: 3.1.6 (/opt/ros/humble/share/rosidl_adapter/cmake)
-- Found rosidl_generator_cpp: 3.1.6 (/opt/ros/humble/share/rosidl_generator_cpp/cmake)
-- Using all available rosidl_typesupport_c: rosidl_typesupport_fastrtps_c;rosidl_typesupport_introspection_c
-- Using all available rosidl_typesupport_cpp: rosidl_typesupport_fastrtps_cpp;rosidl_typesupport_introspection_cpp
-- Found rmw_implementation_cmake: 6.1.2 (/opt/ros/humble/share/rmw_implementation_cmake/cmake)
-- Found rmw_fastrtps_cpp: 6.2.7 (/opt/ros/humble/share/rmw_fastrtps_cpp/cmake)
-- Found OpenSSL: /usr/lib/x86_64-linux-gnu/libcrypto.so (found version "3.0.2")  
-- Found FastRTPS: /opt/ros/humble/include  
-- Using RMW implementation 'rmw_fastrtps_cpp' as default
-- Looking for pthread.h
-- Looking for pthread.h - found
-- Performing Test CMAKE_HAVE_LIBC_PTHREAD
-- Performing Test CMAKE_HAVE_LIBC_PTHREAD - Success
-- Found Threads: TRUE  
-- Found ament_lint_auto: 0.12.11 (/opt/ros/humble/share/ament_lint_auto/cmake)
-- Added test 'cppcheck' to perform static code analysis on C / C++ code
-- Configured cppcheck include dirs: 
-- Configured cppcheck exclude dirs and/or files: 
-- Added test 'lint_cmake' to check CMake code style
-- Added test 'uncrustify' to check C / C++ code style
-- Configured uncrustify additional arguments: 
-- Added test 'xmllint' to check XML markup files
-- Configuring done
-- Generating done
-- Build files have been written to: /home/navi/learn_ros2/publisher_cpp/src/build/british_system
[ 50%] [32mBuilding CXX object CMakeFiles/british_system_node.dir/src/british_system_node.cpp.o[0m
[100%] [32m[1mLinking CXX executable british_system_node[0m
[100%] Built target british_system_node
-- Install configuration: ""
-- Execute custom install script
-- Symlinking: /home/navi/learn_ros2/publisher_cpp/src/install/british_system/lib/british_system/british_system_node
-- Symlinking: /home/navi/learn_ros2/publisher_cpp/src/install/british_system/share/ament_index/resource_index/package_run_dependencies/british_system
-- Symlinking: /home/navi/learn_ros2/publisher_cpp/src/install/british_system/share/ament_index/resource_index/parent_prefix_path/british_system
-- Symlinking: /home/navi/learn_ros2/publisher_cpp/src/install/british_system/share/british_system/environment/ament_prefix_path.sh
-- Symlinking: /home/navi/learn_ros2/publisher_cpp/src/install/british_system/share/british_system/environment/ament_prefix_path.dsv
-- Symlinking: /home/navi/learn_ros2/publisher_cpp/src/install/british_system/share/british_system/environment/path.sh
-- Symlinking: /home/navi/learn_ros2/publisher_cpp/src/install/british_system/share/british_system/environment/path.dsv
-- Symlinking: /home/navi/learn_ros2/publisher_cpp/src/install/british_system/share/british_system/local_setup.bash
-- Symlinking: /home/navi/learn_ros2/publisher_cpp/src/install/british_system/share/british_system/local_setup.sh
-- Symlinking: /home/navi/learn_ros2/publisher_cpp/src/install/british_system/share/british_system/local_setup.zsh
-- Symlinking: /home/navi/learn_ros2/publisher_cpp/src/install/british_system/share/british_system/local_setup.dsv
-- Symlinking: /home/navi/learn_ros2/publisher_cpp/src/install/british_system/share/british_system/package.dsv
-- Symlinking: /home/navi/learn_ros2/publisher_cpp/src/install/british_system/share/ament_index/resource_index/packages/british_system
-- Symlinking: /home/navi/learn_ros2/publisher_cpp/src/install/british_system/share/british_system/cmake/british_systemConfig.cmake
-- Symlinking: /home/navi/learn_ros2/publisher_cpp/src/install/british_system/share/british_system/cmake/british_systemConfig-version.cmake
-- Symlinking: /home/navi/learn_ros2/publisher_cpp/src/install/british_system/share/british_system/package.xml
