[0.009s] Invoking command in '/home/hyx/codes/ros2_work/ros2-learning/build/work_launch': /usr/bin/cmake /home/hyx/codes/ros2_work/ros2-learning/src/work_launch -DCMAKE_INSTALL_PREFIX=/home/hyx/codes/ros2_work/ros2-learning/install/work_launch
[0.020s] -- Found ament_cmake: 1.3.11 (/opt/ros/humble/share/ament_cmake/cmake)
[0.119s] -- Found ament_lint_auto: 0.12.11 (/opt/ros/humble/share/ament_lint_auto/cmake)
[0.119s] [0mCMake Error: File /home/hyx/codes/ros2_work/ros2-learning/src/work_launch/package.xml does not exist.[0m
[0.119s] [31mCMake Error at /opt/ros/humble/share/ament_cmake_core/cmake/core/stamp.cmake:24 (configure_file):
[0.119s]   configure_file Problem configuring file
[0.119s] Call Stack (most recent call first):
[0.119s]   /opt/ros/humble/share/ament_cmake_core/cmake/core/ament_package_xml.cmake:73 (stamp)
[0.119s]   /opt/ros/humble/share/ament_cmake_core/cmake/core/ament_package_xml.cmake:49 (_ament_package_xml)
[0.120s]   /opt/ros/humble/share/ament_lint_auto/cmake/ament_lint_auto_find_test_dependencies.cmake:31 (ament_package_xml)
[0.120s]   CMakeLists.txt:25 (ament_lint_auto_find_test_dependencies)
[0.120s] 
[0.120s] [0m
[0.120s] [0mCMake Error: File /home/hyx/codes/ros2_work/ros2-learning/src/work_launch/package.xml does not exist.[0m
[0.120s] [31mCMake Error at /opt/ros/humble/share/ament_cmake_core/cmake/core/stamp.cmake:24 (configure_file):
[0.120s]   configure_file Problem configuring file
[0.120s] Call Stack (most recent call first):
[0.120s]   /opt/ros/humble/share/ament_cmake_core/cmake/core/ament_package_xml.cmake:73 (stamp)
[0.120s]   /opt/ros/humble/share/ament_cmake_core/cmake/core/ament_package_xml.cmake:49 (_ament_package_xml)
[0.120s]   /opt/ros/humble/share/ament_cmake_core/cmake/core/ament_package.cmake:63 (ament_package_xml)
[0.120s]   CMakeLists.txt:28 (ament_package)
[0.120s] 
[0.120s] [0m
[0.121s] -- Configuring incomplete, errors occurred!
[0.121s] See also "/home/hyx/codes/ros2_work/ros2-learning/build/work_launch/CMakeFiles/CMakeOutput.log".
[0.124s] Invoked command in '/home/hyx/codes/ros2_work/ros2-learning/build/work_launch' returned '1': /usr/bin/cmake /home/hyx/codes/ros2_work/ros2-learning/src/work_launch -DCMAKE_INSTALL_PREFIX=/home/hyx/codes/ros2_work/ros2-learning/install/work_launch
