[0.010s] Invoking command in '/home/hyx/codes/ros2_work/ros2-learning/build/british_system': CMAKE_PREFIX_PATH=/home/hyx/codes/ros2_work/ros2-learning/install/my_msg:/home/hyx/codes/ros2_work/ros2-learning/src/install/work_launch:/home/hyx/codes/ros2_work/ros2-learning/install/work_launch:/home/hyx/codes/ros2_work/ros2-learning/install/metric_system:/home/hyx/codes/ros2_work/ros2-learning/install/british_system:/home/hyx/codes/ros2_work/install/work_launch:/opt/ros/humble LD_LIBRARY_PATH=/home/hyx/codes/ros2_work/ros2-learning/install/my_msg/lib:/opt/MVS/lib/64:/opt/MVS/lib/32:/home/MVS/lib/64:/home/MVS/lib/32:/usr/lib/x86_64-linux-gnu/gazebo-11/plugins:/opt/ros/humble/opt/rviz_ogre_vendor/lib:/opt/ros/humble/lib/x86_64-linux-gnu:/opt/ros/humble/lib:/opt/MVS/lib/64:/opt/MVS/lib/32:/home/MVS/lib/64:/home/MVS/lib/32:/opt/MVS/lib/64:/opt/MVS/lib/32:/home/MVS/lib/64:/home/MVS/lib/32:/opt/MVS/lib/64:/opt/MVS/lib/32:/home/MVS/lib/64:/home/MVS/lib/32 /usr/bin/cmake --build /home/hyx/codes/ros2_work/ros2-learning/build/british_system -- -j16 -l16
[0.062s] [100%] Built target british_pub
[0.074s] Invoked command in '/home/hyx/codes/ros2_work/ros2-learning/build/british_system' returned '0': CMAKE_PREFIX_PATH=/home/hyx/codes/ros2_work/ros2-learning/install/my_msg:/home/hyx/codes/ros2_work/ros2-learning/src/install/work_launch:/home/hyx/codes/ros2_work/ros2-learning/install/work_launch:/home/hyx/codes/ros2_work/ros2-learning/install/metric_system:/home/hyx/codes/ros2_work/ros2-learning/install/british_system:/home/hyx/codes/ros2_work/install/work_launch:/opt/ros/humble LD_LIBRARY_PATH=/home/hyx/codes/ros2_work/ros2-learning/install/my_msg/lib:/opt/MVS/lib/64:/opt/MVS/lib/32:/home/MVS/lib/64:/home/MVS/lib/32:/usr/lib/x86_64-linux-gnu/gazebo-11/plugins:/opt/ros/humble/opt/rviz_ogre_vendor/lib:/opt/ros/humble/lib/x86_64-linux-gnu:/opt/ros/humble/lib:/opt/MVS/lib/64:/opt/MVS/lib/32:/home/MVS/lib/64:/home/MVS/lib/32:/opt/MVS/lib/64:/opt/MVS/lib/32:/home/MVS/lib/64:/home/MVS/lib/32:/opt/MVS/lib/64:/opt/MVS/lib/32:/home/MVS/lib/64:/home/MVS/lib/32 /usr/bin/cmake --build /home/hyx/codes/ros2_work/ros2-learning/build/british_system -- -j16 -l16
[0.075s] Invoking command in '/home/hyx/codes/ros2_work/ros2-learning/build/british_system': CMAKE_PREFIX_PATH=/home/hyx/codes/ros2_work/ros2-learning/install/my_msg:/home/hyx/codes/ros2_work/ros2-learning/src/install/work_launch:/home/hyx/codes/ros2_work/ros2-learning/install/work_launch:/home/hyx/codes/ros2_work/ros2-learning/install/metric_system:/home/hyx/codes/ros2_work/ros2-learning/install/british_system:/home/hyx/codes/ros2_work/install/work_launch:/opt/ros/humble LD_LIBRARY_PATH=/home/hyx/codes/ros2_work/ros2-learning/install/my_msg/lib:/opt/MVS/lib/64:/opt/MVS/lib/32:/home/MVS/lib/64:/home/MVS/lib/32:/usr/lib/x86_64-linux-gnu/gazebo-11/plugins:/opt/ros/humble/opt/rviz_ogre_vendor/lib:/opt/ros/humble/lib/x86_64-linux-gnu:/opt/ros/humble/lib:/opt/MVS/lib/64:/opt/MVS/lib/32:/home/MVS/lib/64:/home/MVS/lib/32:/opt/MVS/lib/64:/opt/MVS/lib/32:/home/MVS/lib/64:/home/MVS/lib/32:/opt/MVS/lib/64:/opt/MVS/lib/32:/home/MVS/lib/64:/home/MVS/lib/32 /usr/bin/cmake --install /home/hyx/codes/ros2_work/ros2-learning/build/british_system
[0.082s] -- Install configuration: ""
[0.082s] -- Up-to-date: /home/hyx/codes/ros2_work/ros2-learning/install/british_system/lib/british_system/british_pub
[0.082s] -- Up-to-date: /home/hyx/codes/ros2_work/ros2-learning/install/british_system/share/ament_index/resource_index/package_run_dependencies/british_system
[0.082s] -- Up-to-date: /home/hyx/codes/ros2_work/ros2-learning/install/british_system/share/ament_index/resource_index/parent_prefix_path/british_system
[0.082s] -- Up-to-date: /home/hyx/codes/ros2_work/ros2-learning/install/british_system/share/british_system/environment/ament_prefix_path.sh
[0.082s] -- Up-to-date: /home/hyx/codes/ros2_work/ros2-learning/install/british_system/share/british_system/environment/ament_prefix_path.dsv
[0.082s] -- Up-to-date: /home/hyx/codes/ros2_work/ros2-learning/install/british_system/share/british_system/environment/path.sh
[0.082s] -- Up-to-date: /home/hyx/codes/ros2_work/ros2-learning/install/british_system/share/british_system/environment/path.dsv
[0.082s] -- Up-to-date: /home/hyx/codes/ros2_work/ros2-learning/install/british_system/share/british_system/local_setup.bash
[0.082s] -- Up-to-date: /home/hyx/codes/ros2_work/ros2-learning/install/british_system/share/british_system/local_setup.sh
[0.082s] -- Up-to-date: /home/hyx/codes/ros2_work/ros2-learning/install/british_system/share/british_system/local_setup.zsh
[0.082s] -- Up-to-date: /home/hyx/codes/ros2_work/ros2-learning/install/british_system/share/british_system/local_setup.dsv
[0.082s] -- Installing: /home/hyx/codes/ros2_work/ros2-learning/install/british_system/share/british_system/package.dsv
[0.083s] -- Up-to-date: /home/hyx/codes/ros2_work/ros2-learning/install/british_system/share/ament_index/resource_index/packages/british_system
[0.083s] -- Up-to-date: /home/hyx/codes/ros2_work/ros2-learning/install/british_system/share/british_system/cmake/british_systemConfig.cmake
[0.083s] -- Up-to-date: /home/hyx/codes/ros2_work/ros2-learning/install/british_system/share/british_system/cmake/british_systemConfig-version.cmake
[0.083s] -- Up-to-date: /home/hyx/codes/ros2_work/ros2-learning/install/british_system/share/british_system/package.xml
[0.094s] Invoked command in '/home/hyx/codes/ros2_work/ros2-learning/build/british_system' returned '0': CMAKE_PREFIX_PATH=/home/hyx/codes/ros2_work/ros2-learning/install/my_msg:/home/hyx/codes/ros2_work/ros2-learning/src/install/work_launch:/home/hyx/codes/ros2_work/ros2-learning/install/work_launch:/home/hyx/codes/ros2_work/ros2-learning/install/metric_system:/home/hyx/codes/ros2_work/ros2-learning/install/british_system:/home/hyx/codes/ros2_work/install/work_launch:/opt/ros/humble LD_LIBRARY_PATH=/home/hyx/codes/ros2_work/ros2-learning/install/my_msg/lib:/opt/MVS/lib/64:/opt/MVS/lib/32:/home/MVS/lib/64:/home/MVS/lib/32:/usr/lib/x86_64-linux-gnu/gazebo-11/plugins:/opt/ros/humble/opt/rviz_ogre_vendor/lib:/opt/ros/humble/lib/x86_64-linux-gnu:/opt/ros/humble/lib:/opt/MVS/lib/64:/opt/MVS/lib/32:/home/MVS/lib/64:/home/MVS/lib/32:/opt/MVS/lib/64:/opt/MVS/lib/32:/home/MVS/lib/64:/home/MVS/lib/32:/opt/MVS/lib/64:/opt/MVS/lib/32:/home/MVS/lib/64:/home/MVS/lib/32 /usr/bin/cmake --install /home/hyx/codes/ros2_work/ros2-learning/build/british_system
