[0.009s] Invoking command in '/home/hyx/codes/ros2_work/ros2-learning/build/work_launch': CMAKE_PREFIX_PATH=${CMAKE_PREFIX_PATH}:/opt/ros/humble /usr/bin/cmake --build /home/hyx/codes/ros2_work/ros2-learning/build/work_launch -- -j16 -l16
[0.028s] -- Found ament_cmake: 1.3.11 (/opt/ros/humble/share/ament_cmake/cmake)
[0.129s] -- Found ament_lint_auto: 0.12.11 (/opt/ros/humble/share/ament_lint_auto/cmake)
[0.182s] -- Added test 'flake8' to check Python code syntax and style conventions
[0.183s] -- Added test 'lint_cmake' to check CMake code style
[0.183s] -- Added test 'pep257' to check Python code against some of the docstring style conventions in PEP 257
[0.184s] -- Added test 'xmllint' to check XML markup files
[0.184s] -- Configuring done
[0.187s] -- Generating done
[0.188s] -- Build files have been written to: /home/hyx/codes/ros2_work/ros2-learning/build/work_launch
[0.211s] Invoked command in '/home/hyx/codes/ros2_work/ros2-learning/build/work_launch' returned '0': CMAKE_PREFIX_PATH=${CMAKE_PREFIX_PATH}:/opt/ros/humble /usr/bin/cmake --build /home/hyx/codes/ros2_work/ros2-learning/build/work_launch -- -j16 -l16
[0.221s] Invoking command in '/home/hyx/codes/ros2_work/ros2-learning/build/work_launch': CMAKE_PREFIX_PATH=${CMAKE_PREFIX_PATH}:/opt/ros/humble /usr/bin/cmake --install /home/hyx/codes/ros2_work/ros2-learning/build/work_launch
[0.228s] -- Install configuration: ""
[0.228s] -- Up-to-date: /home/hyx/codes/ros2_work/ros2-learning/install/work_launch/share/work_launch/launch
[0.228s] -- Up-to-date: /home/hyx/codes/ros2_work/ros2-learning/install/work_launch/share/work_launch/launch/work_launch.py
[0.228s] -- Installing: /home/hyx/codes/ros2_work/ros2-learning/install/work_launch/share/ament_index/resource_index/package_run_dependencies/work_launch
[0.229s] -- Up-to-date: /home/hyx/codes/ros2_work/ros2-learning/install/work_launch/share/ament_index/resource_index/parent_prefix_path/work_launch
[0.229s] -- Up-to-date: /home/hyx/codes/ros2_work/ros2-learning/install/work_launch/share/work_launch/environment/ament_prefix_path.sh
[0.229s] -- Installing: /home/hyx/codes/ros2_work/ros2-learning/install/work_launch/share/work_launch/environment/ament_prefix_path.dsv
[0.229s] -- Up-to-date: /home/hyx/codes/ros2_work/ros2-learning/install/work_launch/share/work_launch/environment/path.sh
[0.229s] -- Installing: /home/hyx/codes/ros2_work/ros2-learning/install/work_launch/share/work_launch/environment/path.dsv
[0.229s] -- Up-to-date: /home/hyx/codes/ros2_work/ros2-learning/install/work_launch/share/work_launch/local_setup.bash
[0.229s] -- Up-to-date: /home/hyx/codes/ros2_work/ros2-learning/install/work_launch/share/work_launch/local_setup.sh
[0.229s] -- Up-to-date: /home/hyx/codes/ros2_work/ros2-learning/install/work_launch/share/work_launch/local_setup.zsh
[0.229s] -- Installing: /home/hyx/codes/ros2_work/ros2-learning/install/work_launch/share/work_launch/local_setup.dsv
[0.229s] -- Installing: /home/hyx/codes/ros2_work/ros2-learning/install/work_launch/share/work_launch/package.dsv
[0.229s] -- Up-to-date: /home/hyx/codes/ros2_work/ros2-learning/install/work_launch/share/ament_index/resource_index/packages/work_launch
[0.229s] -- Up-to-date: /home/hyx/codes/ros2_work/ros2-learning/install/work_launch/share/work_launch/cmake/work_launchConfig.cmake
[0.229s] -- Up-to-date: /home/hyx/codes/ros2_work/ros2-learning/install/work_launch/share/work_launch/cmake/work_launchConfig-version.cmake
[0.230s] -- Installing: /home/hyx/codes/ros2_work/ros2-learning/install/work_launch/share/work_launch/package.xml
[0.231s] Invoked command in '/home/hyx/codes/ros2_work/ros2-learning/build/work_launch' returned '0': CMAKE_PREFIX_PATH=${CMAKE_PREFIX_PATH}:/opt/ros/humble /usr/bin/cmake --install /home/hyx/codes/ros2_work/ros2-learning/build/work_launch
