[0.011s] Invoking command in '/home/hyx/codes/ros2_work/ros2-learning/build/my_msg': CMAKE_PREFIX_PATH=${CMAKE_PREFIX_PATH}:/opt/ros/humble /usr/bin/cmake --build /home/hyx/codes/ros2_work/ros2-learning/build/my_msg -- -j16 -l16
[0.056s] [  3%] Built target my_msg__cpp
[0.059s] [ 12%] Built target my_msg__rosidl_generator_c
[0.065s] [ 12%] Built target ament_cmake_python_copy_my_msg
[0.077s] [ 38%] Built target my_msg__rosidl_typesupport_introspection_cpp
[0.077s] [ 41%] Built target my_msg__rosidl_typesupport_cpp
[0.077s] [ 41%] Built target my_msg__rosidl_typesupport_introspection_c
[0.077s] [ 58%] Built target my_msg__rosidl_typesupport_fastrtps_cpp
[0.077s] [ 61%] Built target my_msg__rosidl_typesupport_c
[0.077s] [ 70%] Built target my_msg__rosidl_typesupport_fastrtps_c
[0.098s] [ 70%] Built target my_msg
[0.123s] [ 74%] Built target my_msg__py
[0.146s] [ 80%] Built target my_msg__rosidl_generator_py
[0.168s] [100%] Built target my_msg__rosidl_typesupport_fastrtps_c__pyext
[0.169s] [100%] Built target my_msg__rosidl_typesupport_c__pyext
[0.169s] [100%] Built target my_msg__rosidl_typesupport_introspection_c__pyext
[0.261s] running egg_info
[0.261s] writing my_msg.egg-info/PKG-INFO
[0.261s] writing dependency_links to my_msg.egg-info/dependency_links.txt
[0.262s] writing top-level names to my_msg.egg-info/top_level.txt
[0.263s] reading manifest file 'my_msg.egg-info/SOURCES.txt'
[0.264s] writing manifest file 'my_msg.egg-info/SOURCES.txt'
[0.285s] [100%] Built target ament_cmake_python_build_my_msg_egg
[0.296s] Invoked command in '/home/hyx/codes/ros2_work/ros2-learning/build/my_msg' returned '0': CMAKE_PREFIX_PATH=${CMAKE_PREFIX_PATH}:/opt/ros/humble /usr/bin/cmake --build /home/hyx/codes/ros2_work/ros2-learning/build/my_msg -- -j16 -l16
[0.298s] Invoking command in '/home/hyx/codes/ros2_work/ros2-learning/build/my_msg': CMAKE_PREFIX_PATH=${CMAKE_PREFIX_PATH}:/opt/ros/humble /usr/bin/cmake --install /home/hyx/codes/ros2_work/ros2-learning/build/my_msg
[0.305s] -- Install configuration: ""
[0.305s] -- Installing: /home/hyx/codes/ros2_work/ros2-learning/install/my_msg/share/ament_index/resource_index/rosidl_interfaces/my_msg
[0.305s] -- Installing: /home/hyx/codes/ros2_work/ros2-learning/install/my_msg/include/my_msg/my_msg
[0.305s] -- Installing: /home/hyx/codes/ros2_work/ros2-learning/install/my_msg/include/my_msg/my_msg/msg
[0.305s] -- Installing: /home/hyx/codes/ros2_work/ros2-learning/install/my_msg/include/my_msg/my_msg/msg/mymsg.h
[0.306s] -- Installing: /home/hyx/codes/ros2_work/ros2-learning/install/my_msg/include/my_msg/my_msg/msg/detail
[0.306s] -- Installing: /home/hyx/codes/ros2_work/ros2-learning/install/my_msg/include/my_msg/my_msg/msg/detail/mymsg__struct.h
[0.306s] -- Installing: /home/hyx/codes/ros2_work/ros2-learning/install/my_msg/include/my_msg/my_msg/msg/detail/mymsg__type_support.h
[0.306s] -- Installing: /home/hyx/codes/ros2_work/ros2-learning/install/my_msg/include/my_msg/my_msg/msg/detail/mymsg__functions.c
[0.306s] -- Installing: /home/hyx/codes/ros2_work/ros2-learning/install/my_msg/include/my_msg/my_msg/msg/detail/mymsg__functions.h
[0.306s] -- Installing: /home/hyx/codes/ros2_work/ros2-learning/install/my_msg/include/my_msg/my_msg/msg/rosidl_generator_c__visibility_control.h
[0.306s] -- Installing: /home/hyx/codes/ros2_work/ros2-learning/install/my_msg/share/my_msg/environment/library_path.sh
[0.306s] -- Installing: /home/hyx/codes/ros2_work/ros2-learning/install/my_msg/share/my_msg/environment/library_path.dsv
[0.307s] -- Installing: /home/hyx/codes/ros2_work/ros2-learning/install/my_msg/lib/libmy_msg__rosidl_generator_c.so
[0.307s] -- Set runtime path of "/home/hyx/codes/ros2_work/ros2-learning/install/my_msg/lib/libmy_msg__rosidl_generator_c.so" to ""
[0.307s] -- Up-to-date: /home/hyx/codes/ros2_work/ros2-learning/install/my_msg/include/my_msg/my_msg
[0.307s] -- Up-to-date: /home/hyx/codes/ros2_work/ros2-learning/install/my_msg/include/my_msg/my_msg/msg
[0.307s] -- Up-to-date: /home/hyx/codes/ros2_work/ros2-learning/install/my_msg/include/my_msg/my_msg/msg/detail
[0.307s] -- Installing: /home/hyx/codes/ros2_work/ros2-learning/install/my_msg/include/my_msg/my_msg/msg/detail/mymsg__rosidl_typesupport_fastrtps_c.h
[0.307s] -- Installing: /home/hyx/codes/ros2_work/ros2-learning/install/my_msg/include/my_msg/my_msg/msg/rosidl_typesupport_fastrtps_c__visibility_control.h
[0.307s] -- Installing: /home/hyx/codes/ros2_work/ros2-learning/install/my_msg/lib/libmy_msg__rosidl_typesupport_fastrtps_c.so
[0.308s] -- Set runtime path of "/home/hyx/codes/ros2_work/ros2-learning/install/my_msg/lib/libmy_msg__rosidl_typesupport_fastrtps_c.so" to ""
[0.308s] -- Up-to-date: /home/hyx/codes/ros2_work/ros2-learning/install/my_msg/include/my_msg/my_msg
[0.308s] -- Up-to-date: /home/hyx/codes/ros2_work/ros2-learning/install/my_msg/include/my_msg/my_msg/msg
[0.308s] -- Installing: /home/hyx/codes/ros2_work/ros2-learning/install/my_msg/include/my_msg/my_msg/msg/rosidl_generator_cpp__visibility_control.hpp
[0.308s] -- Up-to-date: /home/hyx/codes/ros2_work/ros2-learning/install/my_msg/include/my_msg/my_msg/msg/detail
[0.308s] -- Installing: /home/hyx/codes/ros2_work/ros2-learning/install/my_msg/include/my_msg/my_msg/msg/detail/mymsg__struct.hpp
[0.308s] -- Installing: /home/hyx/codes/ros2_work/ros2-learning/install/my_msg/include/my_msg/my_msg/msg/detail/mymsg__builder.hpp
[0.308s] -- Installing: /home/hyx/codes/ros2_work/ros2-learning/install/my_msg/include/my_msg/my_msg/msg/detail/mymsg__traits.hpp
[0.308s] -- Installing: /home/hyx/codes/ros2_work/ros2-learning/install/my_msg/include/my_msg/my_msg/msg/detail/mymsg__type_support.hpp
[0.308s] -- Installing: /home/hyx/codes/ros2_work/ros2-learning/install/my_msg/include/my_msg/my_msg/msg/mymsg.hpp
[0.309s] -- Up-to-date: /home/hyx/codes/ros2_work/ros2-learning/install/my_msg/include/my_msg/my_msg
[0.309s] -- Up-to-date: /home/hyx/codes/ros2_work/ros2-learning/install/my_msg/include/my_msg/my_msg/msg
[0.309s] -- Up-to-date: /home/hyx/codes/ros2_work/ros2-learning/install/my_msg/include/my_msg/my_msg/msg/detail
[0.309s] -- Installing: /home/hyx/codes/ros2_work/ros2-learning/install/my_msg/include/my_msg/my_msg/msg/detail/mymsg__rosidl_typesupport_fastrtps_cpp.hpp
[0.309s] -- Installing: /home/hyx/codes/ros2_work/ros2-learning/install/my_msg/include/my_msg/my_msg/msg/detail/dds_fastrtps
[0.309s] -- Installing: /home/hyx/codes/ros2_work/ros2-learning/install/my_msg/include/my_msg/my_msg/msg/rosidl_typesupport_fastrtps_cpp__visibility_control.h
[0.309s] -- Installing: /home/hyx/codes/ros2_work/ros2-learning/install/my_msg/lib/libmy_msg__rosidl_typesupport_fastrtps_cpp.so
[0.309s] -- Set runtime path of "/home/hyx/codes/ros2_work/ros2-learning/install/my_msg/lib/libmy_msg__rosidl_typesupport_fastrtps_cpp.so" to ""
[0.310s] -- Up-to-date: /home/hyx/codes/ros2_work/ros2-learning/install/my_msg/include/my_msg/my_msg
[0.310s] -- Up-to-date: /home/hyx/codes/ros2_work/ros2-learning/install/my_msg/include/my_msg/my_msg/msg
[0.310s] -- Up-to-date: /home/hyx/codes/ros2_work/ros2-learning/install/my_msg/include/my_msg/my_msg/msg/detail
[0.310s] -- Installing: /home/hyx/codes/ros2_work/ros2-learning/install/my_msg/include/my_msg/my_msg/msg/detail/mymsg__type_support.c
[0.310s] -- Installing: /home/hyx/codes/ros2_work/ros2-learning/install/my_msg/include/my_msg/my_msg/msg/detail/mymsg__rosidl_typesupport_introspection_c.h
[0.310s] -- Installing: /home/hyx/codes/ros2_work/ros2-learning/install/my_msg/include/my_msg/my_msg/msg/rosidl_typesupport_introspection_c__visibility_control.h
[0.310s] -- Installing: /home/hyx/codes/ros2_work/ros2-learning/install/my_msg/lib/libmy_msg__rosidl_typesupport_introspection_c.so
[0.310s] -- Set runtime path of "/home/hyx/codes/ros2_work/ros2-learning/install/my_msg/lib/libmy_msg__rosidl_typesupport_introspection_c.so" to ""
[0.310s] -- Installing: /home/hyx/codes/ros2_work/ros2-learning/install/my_msg/lib/libmy_msg__rosidl_typesupport_c.so
[0.311s] -- Set runtime path of "/home/hyx/codes/ros2_work/ros2-learning/install/my_msg/lib/libmy_msg__rosidl_typesupport_c.so" to ""
[0.311s] -- Up-to-date: /home/hyx/codes/ros2_work/ros2-learning/install/my_msg/include/my_msg/my_msg
[0.311s] -- Up-to-date: /home/hyx/codes/ros2_work/ros2-learning/install/my_msg/include/my_msg/my_msg/msg
[0.311s] -- Up-to-date: /home/hyx/codes/ros2_work/ros2-learning/install/my_msg/include/my_msg/my_msg/msg/detail
[0.311s] -- Installing: /home/hyx/codes/ros2_work/ros2-learning/install/my_msg/include/my_msg/my_msg/msg/detail/mymsg__type_support.cpp
[0.311s] -- Installing: /home/hyx/codes/ros2_work/ros2-learning/install/my_msg/include/my_msg/my_msg/msg/detail/mymsg__rosidl_typesupport_introspection_cpp.hpp
[0.311s] -- Installing: /home/hyx/codes/ros2_work/ros2-learning/install/my_msg/lib/libmy_msg__rosidl_typesupport_introspection_cpp.so
[0.311s] -- Set runtime path of "/home/hyx/codes/ros2_work/ros2-learning/install/my_msg/lib/libmy_msg__rosidl_typesupport_introspection_cpp.so" to ""
[0.311s] -- Installing: /home/hyx/codes/ros2_work/ros2-learning/install/my_msg/lib/libmy_msg__rosidl_typesupport_cpp.so
[0.312s] -- Set runtime path of "/home/hyx/codes/ros2_work/ros2-learning/install/my_msg/lib/libmy_msg__rosidl_typesupport_cpp.so" to ""
[0.312s] -- Installing: /home/hyx/codes/ros2_work/ros2-learning/install/my_msg/share/my_msg/environment/pythonpath.sh
[0.312s] -- Installing: /home/hyx/codes/ros2_work/ros2-learning/install/my_msg/share/my_msg/environment/pythonpath.dsv
[0.312s] -- Installing: /home/hyx/codes/ros2_work/ros2-learning/install/my_msg/local/lib/python3.10/dist-packages/my_msg-0.0.0-py3.10.egg-info
[0.312s] -- Installing: /home/hyx/codes/ros2_work/ros2-learning/install/my_msg/local/lib/python3.10/dist-packages/my_msg-0.0.0-py3.10.egg-info/dependency_links.txt
[0.312s] -- Installing: /home/hyx/codes/ros2_work/ros2-learning/install/my_msg/local/lib/python3.10/dist-packages/my_msg-0.0.0-py3.10.egg-info/top_level.txt
[0.312s] -- Installing: /home/hyx/codes/ros2_work/ros2-learning/install/my_msg/local/lib/python3.10/dist-packages/my_msg-0.0.0-py3.10.egg-info/PKG-INFO
[0.313s] -- Installing: /home/hyx/codes/ros2_work/ros2-learning/install/my_msg/local/lib/python3.10/dist-packages/my_msg-0.0.0-py3.10.egg-info/SOURCES.txt
[0.313s] -- Installing: /home/hyx/codes/ros2_work/ros2-learning/install/my_msg/local/lib/python3.10/dist-packages/my_msg
[0.313s] -- Installing: /home/hyx/codes/ros2_work/ros2-learning/install/my_msg/local/lib/python3.10/dist-packages/my_msg/my_msg_s__rosidl_typesupport_introspection_c.cpython-310-x86_64-linux-gnu.so
[0.313s] -- Installing: /home/hyx/codes/ros2_work/ros2-learning/install/my_msg/local/lib/python3.10/dist-packages/my_msg/msg
[0.313s] -- Installing: /home/hyx/codes/ros2_work/ros2-learning/install/my_msg/local/lib/python3.10/dist-packages/my_msg/msg/__init__.py
[0.313s] -- Installing: /home/hyx/codes/ros2_work/ros2-learning/install/my_msg/local/lib/python3.10/dist-packages/my_msg/msg/_mymsg_s.c
[0.313s] -- Installing: /home/hyx/codes/ros2_work/ros2-learning/install/my_msg/local/lib/python3.10/dist-packages/my_msg/msg/_mymsg.py
[0.313s] -- Installing: /home/hyx/codes/ros2_work/ros2-learning/install/my_msg/local/lib/python3.10/dist-packages/my_msg/__init__.py
[0.313s] -- Installing: /home/hyx/codes/ros2_work/ros2-learning/install/my_msg/local/lib/python3.10/dist-packages/my_msg/my_msg_s__rosidl_typesupport_c.cpython-310-x86_64-linux-gnu.so
[0.314s] -- Installing: /home/hyx/codes/ros2_work/ros2-learning/install/my_msg/local/lib/python3.10/dist-packages/my_msg/_my_msg_s.ep.rosidl_typesupport_fastrtps_c.c
[0.314s] -- Installing: /home/hyx/codes/ros2_work/ros2-learning/install/my_msg/local/lib/python3.10/dist-packages/my_msg/my_msg_s__rosidl_typesupport_fastrtps_c.cpython-310-x86_64-linux-gnu.so
[0.314s] -- Installing: /home/hyx/codes/ros2_work/ros2-learning/install/my_msg/local/lib/python3.10/dist-packages/my_msg/libmy_msg__rosidl_generator_py.so
[0.314s] -- Installing: /home/hyx/codes/ros2_work/ros2-learning/install/my_msg/local/lib/python3.10/dist-packages/my_msg/_my_msg_s.ep.rosidl_typesupport_c.c
[0.314s] -- Installing: /home/hyx/codes/ros2_work/ros2-learning/install/my_msg/local/lib/python3.10/dist-packages/my_msg/_my_msg_s.ep.rosidl_typesupport_introspection_c.c
[0.341s] Listing '/home/hyx/codes/ros2_work/ros2-learning/install/my_msg/local/lib/python3.10/dist-packages/my_msg'...
[0.341s] Compiling '/home/hyx/codes/ros2_work/ros2-learning/install/my_msg/local/lib/python3.10/dist-packages/my_msg/__init__.py'...
[0.341s] Listing '/home/hyx/codes/ros2_work/ros2-learning/install/my_msg/local/lib/python3.10/dist-packages/my_msg/msg'...
[0.341s] Compiling '/home/hyx/codes/ros2_work/ros2-learning/install/my_msg/local/lib/python3.10/dist-packages/my_msg/msg/__init__.py'...
[0.341s] Compiling '/home/hyx/codes/ros2_work/ros2-learning/install/my_msg/local/lib/python3.10/dist-packages/my_msg/msg/_mymsg.py'...
[0.344s] -- Installing: /home/hyx/codes/ros2_work/ros2-learning/install/my_msg/local/lib/python3.10/dist-packages/my_msg/my_msg_s__rosidl_typesupport_fastrtps_c.cpython-310-x86_64-linux-gnu.so
[0.344s] -- Set runtime path of "/home/hyx/codes/ros2_work/ros2-learning/install/my_msg/local/lib/python3.10/dist-packages/my_msg/my_msg_s__rosidl_typesupport_fastrtps_c.cpython-310-x86_64-linux-gnu.so" to ""
[0.345s] -- Installing: /home/hyx/codes/ros2_work/ros2-learning/install/my_msg/local/lib/python3.10/dist-packages/my_msg/my_msg_s__rosidl_typesupport_introspection_c.cpython-310-x86_64-linux-gnu.so
[0.345s] -- Set runtime path of "/home/hyx/codes/ros2_work/ros2-learning/install/my_msg/local/lib/python3.10/dist-packages/my_msg/my_msg_s__rosidl_typesupport_introspection_c.cpython-310-x86_64-linux-gnu.so" to ""
[0.345s] -- Installing: /home/hyx/codes/ros2_work/ros2-learning/install/my_msg/local/lib/python3.10/dist-packages/my_msg/my_msg_s__rosidl_typesupport_c.cpython-310-x86_64-linux-gnu.so
[0.346s] -- Set runtime path of "/home/hyx/codes/ros2_work/ros2-learning/install/my_msg/local/lib/python3.10/dist-packages/my_msg/my_msg_s__rosidl_typesupport_c.cpython-310-x86_64-linux-gnu.so" to ""
[0.346s] -- Installing: /home/hyx/codes/ros2_work/ros2-learning/install/my_msg/lib/libmy_msg__rosidl_generator_py.so
[0.346s] -- Set runtime path of "/home/hyx/codes/ros2_work/ros2-learning/install/my_msg/lib/libmy_msg__rosidl_generator_py.so" to ""
[0.346s] -- Installing: /home/hyx/codes/ros2_work/ros2-learning/install/my_msg/share/my_msg/msg/Mymsg.idl
[0.346s] -- Installing: /home/hyx/codes/ros2_work/ros2-learning/install/my_msg/share/my_msg/msg/Mymsg.msg
[0.346s] -- Installing: /home/hyx/codes/ros2_work/ros2-learning/install/my_msg/share/ament_index/resource_index/package_run_dependencies/my_msg
[0.346s] -- Installing: /home/hyx/codes/ros2_work/ros2-learning/install/my_msg/share/ament_index/resource_index/parent_prefix_path/my_msg
[0.347s] -- Installing: /home/hyx/codes/ros2_work/ros2-learning/install/my_msg/share/my_msg/environment/ament_prefix_path.sh
[0.347s] -- Installing: /home/hyx/codes/ros2_work/ros2-learning/install/my_msg/share/my_msg/environment/ament_prefix_path.dsv
[0.347s] -- Installing: /home/hyx/codes/ros2_work/ros2-learning/install/my_msg/share/my_msg/environment/path.sh
[0.347s] -- Installing: /home/hyx/codes/ros2_work/ros2-learning/install/my_msg/share/my_msg/environment/path.dsv
[0.347s] -- Installing: /home/hyx/codes/ros2_work/ros2-learning/install/my_msg/share/my_msg/local_setup.bash
[0.347s] -- Installing: /home/hyx/codes/ros2_work/ros2-learning/install/my_msg/share/my_msg/local_setup.sh
[0.347s] -- Installing: /home/hyx/codes/ros2_work/ros2-learning/install/my_msg/share/my_msg/local_setup.zsh
[0.348s] -- Installing: /home/hyx/codes/ros2_work/ros2-learning/install/my_msg/share/my_msg/local_setup.dsv
[0.348s] -- Installing: /home/hyx/codes/ros2_work/ros2-learning/install/my_msg/share/my_msg/package.dsv
[0.348s] -- Installing: /home/hyx/codes/ros2_work/ros2-learning/install/my_msg/share/ament_index/resource_index/packages/my_msg
[0.348s] -- Installing: /home/hyx/codes/ros2_work/ros2-learning/install/my_msg/share/my_msg/cmake/export_my_msg__rosidl_generator_cExport.cmake
[0.348s] -- Installing: /home/hyx/codes/ros2_work/ros2-learning/install/my_msg/share/my_msg/cmake/export_my_msg__rosidl_generator_cExport-noconfig.cmake
[0.348s] -- Installing: /home/hyx/codes/ros2_work/ros2-learning/install/my_msg/share/my_msg/cmake/export_my_msg__rosidl_typesupport_fastrtps_cExport.cmake
[0.348s] -- Installing: /home/hyx/codes/ros2_work/ros2-learning/install/my_msg/share/my_msg/cmake/export_my_msg__rosidl_typesupport_fastrtps_cExport-noconfig.cmake
[0.349s] -- Installing: /home/hyx/codes/ros2_work/ros2-learning/install/my_msg/share/my_msg/cmake/export_my_msg__rosidl_generator_cppExport.cmake
[0.349s] -- Installing: /home/hyx/codes/ros2_work/ros2-learning/install/my_msg/share/my_msg/cmake/export_my_msg__rosidl_typesupport_fastrtps_cppExport.cmake
[0.349s] -- Installing: /home/hyx/codes/ros2_work/ros2-learning/install/my_msg/share/my_msg/cmake/export_my_msg__rosidl_typesupport_fastrtps_cppExport-noconfig.cmake
[0.349s] -- Installing: /home/hyx/codes/ros2_work/ros2-learning/install/my_msg/share/my_msg/cmake/my_msg__rosidl_typesupport_introspection_cExport.cmake
[0.349s] -- Installing: /home/hyx/codes/ros2_work/ros2-learning/install/my_msg/share/my_msg/cmake/my_msg__rosidl_typesupport_introspection_cExport-noconfig.cmake
[0.349s] -- Installing: /home/hyx/codes/ros2_work/ros2-learning/install/my_msg/share/my_msg/cmake/my_msg__rosidl_typesupport_cExport.cmake
[0.349s] -- Installing: /home/hyx/codes/ros2_work/ros2-learning/install/my_msg/share/my_msg/cmake/my_msg__rosidl_typesupport_cExport-noconfig.cmake
[0.350s] -- Installing: /home/hyx/codes/ros2_work/ros2-learning/install/my_msg/share/my_msg/cmake/my_msg__rosidl_typesupport_introspection_cppExport.cmake
[0.350s] -- Installing: /home/hyx/codes/ros2_work/ros2-learning/install/my_msg/share/my_msg/cmake/my_msg__rosidl_typesupport_introspection_cppExport-noconfig.cmake
[0.350s] -- Installing: /home/hyx/codes/ros2_work/ros2-learning/install/my_msg/share/my_msg/cmake/my_msg__rosidl_typesupport_cppExport.cmake
[0.350s] -- Installing: /home/hyx/codes/ros2_work/ros2-learning/install/my_msg/share/my_msg/cmake/my_msg__rosidl_typesupport_cppExport-noconfig.cmake
[0.350s] -- Installing: /home/hyx/codes/ros2_work/ros2-learning/install/my_msg/share/my_msg/cmake/export_my_msg__rosidl_generator_pyExport.cmake
[0.350s] -- Installing: /home/hyx/codes/ros2_work/ros2-learning/install/my_msg/share/my_msg/cmake/export_my_msg__rosidl_generator_pyExport-noconfig.cmake
[0.350s] -- Installing: /home/hyx/codes/ros2_work/ros2-learning/install/my_msg/share/my_msg/cmake/rosidl_cmake-extras.cmake
[0.351s] -- Installing: /home/hyx/codes/ros2_work/ros2-learning/install/my_msg/share/my_msg/cmake/ament_cmake_export_include_directories-extras.cmake
[0.351s] -- Installing: /home/hyx/codes/ros2_work/ros2-learning/install/my_msg/share/my_msg/cmake/ament_cmake_export_libraries-extras.cmake
[0.351s] -- Installing: /home/hyx/codes/ros2_work/ros2-learning/install/my_msg/share/my_msg/cmake/ament_cmake_export_targets-extras.cmake
[0.351s] -- Installing: /home/hyx/codes/ros2_work/ros2-learning/install/my_msg/share/my_msg/cmake/rosidl_cmake_export_typesupport_targets-extras.cmake
[0.351s] -- Installing: /home/hyx/codes/ros2_work/ros2-learning/install/my_msg/share/my_msg/cmake/ament_cmake_export_dependencies-extras.cmake
[0.351s] -- Installing: /home/hyx/codes/ros2_work/ros2-learning/install/my_msg/share/my_msg/cmake/rosidl_cmake_export_typesupport_libraries-extras.cmake
[0.351s] -- Installing: /home/hyx/codes/ros2_work/ros2-learning/install/my_msg/share/my_msg/cmake/my_msgConfig.cmake
[0.351s] -- Installing: /home/hyx/codes/ros2_work/ros2-learning/install/my_msg/share/my_msg/cmake/my_msgConfig-version.cmake
[0.352s] -- Installing: /home/hyx/codes/ros2_work/ros2-learning/install/my_msg/share/my_msg/package.xml
[0.354s] Invoked command in '/home/hyx/codes/ros2_work/ros2-learning/build/my_msg' returned '0': CMAKE_PREFIX_PATH=${CMAKE_PREFIX_PATH}:/opt/ros/humble /usr/bin/cmake --install /home/hyx/codes/ros2_work/ros2-learning/build/my_msg
