[0.053s] [34mcolcon[0m [1;30mDEBUG[0m [32mCommand line arguments: ['/usr/bin/colcon', 'build', '--packages-select', 'british_system', 'metric_system', '--symlink-install'][0m
[0.053s] [34mcolcon[0m [1;30mDEBUG[0m [32mParsed command line arguments: Namespace(log_base=None, log_level=None, verb_name='build', build_base='build', install_base='install', merge_install=False, symlink_install=True, test_result_base=None, continue_on_error=False, executor='parallel', parallel_workers=32, event_handlers=None, ignore_user_meta=False, metas=['./colcon.meta'], base_paths=['.'], packages_ignore=None, packages_ignore_regex=None, paths=None, packages_up_to=None, packages_up_to_regex=None, packages_above=None, packages_above_and_dependencies=None, packages_above_depth=None, packages_select_by_dep=None, packages_skip_by_dep=None, packages_skip_up_to=None, packages_select_build_failed=False, packages_skip_build_finished=False, packages_select_test_failures=False, packages_skip_test_passed=False, packages_select=['british_system', 'metric_system'], packages_skip=None, packages_select_regex=None, packages_skip_regex=None, packages_start=None, packages_end=None, allow_overriding=[], cmake_args=None, cmake_target=None, cmake_target_skip_unavailable=False, cmake_clean_cache=False, cmake_clean_first=False, cmake_force_configure=False, ament_cmake_args=None, catkin_cmake_args=None, catkin_skip_building_tests=False, verb_parser=<colcon_defaults.argument_parser.defaults.DefaultArgumentsDecorator object at 0x7b2c140cffa0>, verb_extension=<colcon_core.verb.build.BuildVerb object at 0x7b2c140cf490>, main=<bound method BuildVerb.main of <colcon_core.verb.build.BuildVerb object at 0x7b2c140cf490>>)[0m
[0.124s] [34mcolcon.colcon_core.package_discovery[0m [1;30mLevel 1[0m discover_packages(colcon_meta) check parameters
[0.124s] [34mcolcon.colcon_core.package_discovery[0m [1;30mLevel 1[0m discover_packages(recursive) check parameters
[0.124s] [34mcolcon.colcon_core.package_discovery[0m [1;30mLevel 1[0m discover_packages(ignore) check parameters
[0.124s] [34mcolcon.colcon_core.package_discovery[0m [1;30mLevel 1[0m discover_packages(path) check parameters
[0.124s] [34mcolcon.colcon_core.package_discovery[0m [1;30mLevel 1[0m discover_packages(colcon_meta) discover
[0.124s] [34mcolcon.colcon_core.package_discovery[0m [1;30mLevel 1[0m discover_packages(recursive) discover
[0.124s] [34mcolcon.colcon_core.package_discovery[0m [1;30mINFO[0m Crawling recursively for packages in '/home/navi/learn_ros2/publisher_3.3'
[0.124s] [34mcolcon.colcon_core.package_identification[0m [1;30mLevel 1[0m _identify(.) by extensions ['ignore', 'ignore_ament_install']
[0.124s] [34mcolcon.colcon_core.package_identification[0m [1;30mLevel 1[0m _identify(.) by extension 'ignore'
[0.124s] [34mcolcon.colcon_core.package_identification[0m [1;30mLevel 1[0m _identify(.) by extension 'ignore_ament_install'
[0.124s] [34mcolcon.colcon_core.package_identification[0m [1;30mLevel 1[0m _identify(.) by extensions ['colcon_pkg']
[0.124s] [34mcolcon.colcon_core.package_identification[0m [1;30mLevel 1[0m _identify(.) by extension 'colcon_pkg'
[0.124s] [34mcolcon.colcon_core.package_identification[0m [1;30mLevel 1[0m _identify(.) by extensions ['colcon_meta']
[0.124s] [34mcolcon.colcon_core.package_identification[0m [1;30mLevel 1[0m _identify(.) by extension 'colcon_meta'
[0.124s] [34mcolcon.colcon_core.package_identification[0m [1;30mLevel 1[0m _identify(.) by extensions ['ros']
[0.124s] [34mcolcon.colcon_core.package_identification[0m [1;30mLevel 1[0m _identify(.) by extension 'ros'
[0.129s] [34mcolcon.colcon_core.package_identification[0m [1;30mLevel 1[0m _identify(.) by extensions ['cmake', 'python']
[0.129s] [34mcolcon.colcon_core.package_identification[0m [1;30mLevel 1[0m _identify(.) by extension 'cmake'
[0.129s] [34mcolcon.colcon_core.package_identification[0m [1;30mLevel 1[0m _identify(.) by extension 'python'
[0.129s] [34mcolcon.colcon_core.package_identification[0m [1;30mLevel 1[0m _identify(.) by extensions ['python_setup_py']
[0.130s] [34mcolcon.colcon_core.package_identification[0m [1;30mLevel 1[0m _identify(.) by extension 'python_setup_py'
[0.130s] [34mcolcon.colcon_core.package_identification[0m [1;30mLevel 1[0m _identify(build) by extensions ['ignore', 'ignore_ament_install']
[0.130s] [34mcolcon.colcon_core.package_identification[0m [1;30mLevel 1[0m _identify(build) by extension 'ignore'
[0.130s] [34mcolcon.colcon_core.package_identification[0m [1;30mLevel 1[0m _identify(build) ignored
[0.130s] [34mcolcon.colcon_core.package_identification[0m [1;30mLevel 1[0m _identify(install) by extensions ['ignore', 'ignore_ament_install']
[0.130s] [34mcolcon.colcon_core.package_identification[0m [1;30mLevel 1[0m _identify(install) by extension 'ignore'
[0.130s] [34mcolcon.colcon_core.package_identification[0m [1;30mLevel 1[0m _identify(install) ignored
[0.130s] [34mcolcon.colcon_core.package_identification[0m [1;30mLevel 1[0m _identify(log) by extensions ['ignore', 'ignore_ament_install']
[0.130s] [34mcolcon.colcon_core.package_identification[0m [1;30mLevel 1[0m _identify(log) by extension 'ignore'
[0.130s] [34mcolcon.colcon_core.package_identification[0m [1;30mLevel 1[0m _identify(log) ignored
[0.130s] [34mcolcon.colcon_core.package_identification[0m [1;30mLevel 1[0m _identify(src) by extensions ['ignore', 'ignore_ament_install']
[0.130s] [34mcolcon.colcon_core.package_identification[0m [1;30mLevel 1[0m _identify(src) by extension 'ignore'
[0.130s] [34mcolcon.colcon_core.package_identification[0m [1;30mLevel 1[0m _identify(src) by extension 'ignore_ament_install'
[0.130s] [34mcolcon.colcon_core.package_identification[0m [1;30mLevel 1[0m _identify(src) by extensions ['colcon_pkg']
[0.130s] [34mcolcon.colcon_core.package_identification[0m [1;30mLevel 1[0m _identify(src) by extension 'colcon_pkg'
[0.130s] [34mcolcon.colcon_core.package_identification[0m [1;30mLevel 1[0m _identify(src) by extensions ['colcon_meta']
[0.130s] [34mcolcon.colcon_core.package_identification[0m [1;30mLevel 1[0m _identify(src) by extension 'colcon_meta'
[0.130s] [34mcolcon.colcon_core.package_identification[0m [1;30mLevel 1[0m _identify(src) by extensions ['ros']
[0.130s] [34mcolcon.colcon_core.package_identification[0m [1;30mLevel 1[0m _identify(src) by extension 'ros'
[0.130s] [34mcolcon.colcon_core.package_identification[0m [1;30mLevel 1[0m _identify(src) by extensions ['cmake', 'python']
[0.130s] [34mcolcon.colcon_core.package_identification[0m [1;30mLevel 1[0m _identify(src) by extension 'cmake'
[0.130s] [34mcolcon.colcon_core.package_identification[0m [1;30mLevel 1[0m _identify(src) by extension 'python'
[0.130s] [34mcolcon.colcon_core.package_identification[0m [1;30mLevel 1[0m _identify(src) by extensions ['python_setup_py']
[0.130s] [34mcolcon.colcon_core.package_identification[0m [1;30mLevel 1[0m _identify(src) by extension 'python_setup_py'
[0.130s] [34mcolcon.colcon_core.package_identification[0m [1;30mLevel 1[0m _identify(src/british_system) by extensions ['ignore', 'ignore_ament_install']
[0.130s] [34mcolcon.colcon_core.package_identification[0m [1;30mLevel 1[0m _identify(src/british_system) by extension 'ignore'
[0.130s] [34mcolcon.colcon_core.package_identification[0m [1;30mLevel 1[0m _identify(src/british_system) by extension 'ignore_ament_install'
[0.130s] [34mcolcon.colcon_core.package_identification[0m [1;30mLevel 1[0m _identify(src/british_system) by extensions ['colcon_pkg']
[0.130s] [34mcolcon.colcon_core.package_identification[0m [1;30mLevel 1[0m _identify(src/british_system) by extension 'colcon_pkg'
[0.130s] [34mcolcon.colcon_core.package_identification[0m [1;30mLevel 1[0m _identify(src/british_system) by extensions ['colcon_meta']
[0.130s] [34mcolcon.colcon_core.package_identification[0m [1;30mLevel 1[0m _identify(src/british_system) by extension 'colcon_meta'
[0.130s] [34mcolcon.colcon_core.package_identification[0m [1;30mLevel 1[0m _identify(src/british_system) by extensions ['ros']
[0.130s] [34mcolcon.colcon_core.package_identification[0m [1;30mLevel 1[0m _identify(src/british_system) by extension 'ros'
[0.131s] [34mcolcon.colcon_core.package_identification[0m [1;30mDEBUG[0m [32mPackage 'src/british_system' with type 'ros.ament_python' and name 'british_system'[0m
[0.131s] [34mcolcon.colcon_core.package_identification[0m [1;30mLevel 1[0m _identify(src/metric_system) by extensions ['ignore', 'ignore_ament_install']
[0.131s] [34mcolcon.colcon_core.package_identification[0m [1;30mLevel 1[0m _identify(src/metric_system) by extension 'ignore'
[0.131s] [34mcolcon.colcon_core.package_identification[0m [1;30mLevel 1[0m _identify(src/metric_system) by extension 'ignore_ament_install'
[0.131s] [34mcolcon.colcon_core.package_identification[0m [1;30mLevel 1[0m _identify(src/metric_system) by extensions ['colcon_pkg']
[0.131s] [34mcolcon.colcon_core.package_identification[0m [1;30mLevel 1[0m _identify(src/metric_system) by extension 'colcon_pkg'
[0.131s] [34mcolcon.colcon_core.package_identification[0m [1;30mLevel 1[0m _identify(src/metric_system) by extensions ['colcon_meta']
[0.131s] [34mcolcon.colcon_core.package_identification[0m [1;30mLevel 1[0m _identify(src/metric_system) by extension 'colcon_meta'
[0.132s] [34mcolcon.colcon_core.package_identification[0m [1;30mLevel 1[0m _identify(src/metric_system) by extensions ['ros']
[0.132s] [34mcolcon.colcon_core.package_identification[0m [1;30mLevel 1[0m _identify(src/metric_system) by extension 'ros'
[0.132s] [34mcolcon.colcon_core.package_identification[0m [1;30mDEBUG[0m [32mPackage 'src/metric_system' with type 'ros.ament_python' and name 'metric_system'[0m
[0.132s] [34mcolcon.colcon_core.package_discovery[0m [1;30mLevel 1[0m discover_packages(recursive) using defaults
[0.132s] [34mcolcon.colcon_core.package_discovery[0m [1;30mLevel 1[0m discover_packages(ignore) discover
[0.132s] [34mcolcon.colcon_core.package_discovery[0m [1;30mLevel 1[0m discover_packages(ignore) using defaults
[0.132s] [34mcolcon.colcon_core.package_discovery[0m [1;30mLevel 1[0m discover_packages(path) discover
[0.132s] [34mcolcon.colcon_core.package_discovery[0m [1;30mLevel 1[0m discover_packages(path) using defaults
[0.148s] [34mcolcon.colcon_core.package_discovery[0m [1;30mLevel 1[0m discover_packages(prefix_path) check parameters
[0.148s] [34mcolcon.colcon_core.package_discovery[0m [1;30mLevel 1[0m discover_packages(prefix_path) discover
[0.148s] [34mcolcon.colcon_ros.prefix_path.ament[0m [1;30mWARNING[0m [33mThe path '/home/navi/learn_ros2/publisher_3.3/install/metric_system' in the environment variable AMENT_PREFIX_PATH doesn't exist[0m
[0.148s] [34mcolcon.colcon_ros.prefix_path.ament[0m [1;30mWARNING[0m [33mThe path '/home/navi/learn_ros2/publisher_3.3/install/british_system' in the environment variable AMENT_PREFIX_PATH doesn't exist[0m
[0.148s] [34mcolcon.colcon_installed_package_information.package_discovery[0m [1;30mDEBUG[0m [32mFound 0 installed packages in /home/navi/learn_ros2/publisher_3.3/install[0m
[0.149s] [34mcolcon.colcon_installed_package_information.package_discovery[0m [1;30mDEBUG[0m [32mFound 271 installed packages in /opt/ros/humble[0m
[0.149s] [34mcolcon.colcon_core.package_discovery[0m [1;30mLevel 1[0m discover_packages(prefix_path) using defaults
[0.164s] [34mcolcon.colcon_core.verb[0m [1;30mLevel 5[0m set package 'british_system' build argument 'cmake_args' from command line to 'None'
[0.164s] [34mcolcon.colcon_core.verb[0m [1;30mLevel 5[0m set package 'british_system' build argument 'cmake_target' from command line to 'None'
[0.164s] [34mcolcon.colcon_core.verb[0m [1;30mLevel 5[0m set package 'british_system' build argument 'cmake_target_skip_unavailable' from command line to 'False'
[0.164s] [34mcolcon.colcon_core.verb[0m [1;30mLevel 5[0m set package 'british_system' build argument 'cmake_clean_cache' from command line to 'False'
[0.164s] [34mcolcon.colcon_core.verb[0m [1;30mLevel 5[0m set package 'british_system' build argument 'cmake_clean_first' from command line to 'False'
[0.164s] [34mcolcon.colcon_core.verb[0m [1;30mLevel 5[0m set package 'british_system' build argument 'cmake_force_configure' from command line to 'False'
[0.164s] [34mcolcon.colcon_core.verb[0m [1;30mLevel 5[0m set package 'british_system' build argument 'ament_cmake_args' from command line to 'None'
[0.164s] [34mcolcon.colcon_core.verb[0m [1;30mLevel 5[0m set package 'british_system' build argument 'catkin_cmake_args' from command line to 'None'
[0.164s] [34mcolcon.colcon_core.verb[0m [1;30mLevel 5[0m set package 'british_system' build argument 'catkin_skip_building_tests' from command line to 'False'
[0.164s] [34mcolcon.colcon_core.verb[0m [1;30mDEBUG[0m [32mBuilding package 'british_system' with the following arguments: {'ament_cmake_args': None, 'build_base': '/home/navi/learn_ros2/publisher_3.3/build/british_system', 'catkin_cmake_args': None, 'catkin_skip_building_tests': False, 'cmake_args': None, 'cmake_clean_cache': False, 'cmake_clean_first': False, 'cmake_force_configure': False, 'cmake_target': None, 'cmake_target_skip_unavailable': False, 'install_base': '/home/navi/learn_ros2/publisher_3.3/install/british_system', 'merge_install': False, 'path': '/home/navi/learn_ros2/publisher_3.3/src/british_system', 'symlink_install': True, 'test_result_base': None}[0m
[0.165s] [34mcolcon.colcon_core.verb[0m [1;30mLevel 5[0m set package 'metric_system' build argument 'cmake_args' from command line to 'None'
[0.165s] [34mcolcon.colcon_core.verb[0m [1;30mLevel 5[0m set package 'metric_system' build argument 'cmake_target' from command line to 'None'
[0.165s] [34mcolcon.colcon_core.verb[0m [1;30mLevel 5[0m set package 'metric_system' build argument 'cmake_target_skip_unavailable' from command line to 'False'
[0.165s] [34mcolcon.colcon_core.verb[0m [1;30mLevel 5[0m set package 'metric_system' build argument 'cmake_clean_cache' from command line to 'False'
[0.165s] [34mcolcon.colcon_core.verb[0m [1;30mLevel 5[0m set package 'metric_system' build argument 'cmake_clean_first' from command line to 'False'
[0.165s] [34mcolcon.colcon_core.verb[0m [1;30mLevel 5[0m set package 'metric_system' build argument 'cmake_force_configure' from command line to 'False'
[0.165s] [34mcolcon.colcon_core.verb[0m [1;30mLevel 5[0m set package 'metric_system' build argument 'ament_cmake_args' from command line to 'None'
[0.165s] [34mcolcon.colcon_core.verb[0m [1;30mLevel 5[0m set package 'metric_system' build argument 'catkin_cmake_args' from command line to 'None'
[0.165s] [34mcolcon.colcon_core.verb[0m [1;30mLevel 5[0m set package 'metric_system' build argument 'catkin_skip_building_tests' from command line to 'False'
[0.165s] [34mcolcon.colcon_core.verb[0m [1;30mDEBUG[0m [32mBuilding package 'metric_system' with the following arguments: {'ament_cmake_args': None, 'build_base': '/home/navi/learn_ros2/publisher_3.3/build/metric_system', 'catkin_cmake_args': None, 'catkin_skip_building_tests': False, 'cmake_args': None, 'cmake_clean_cache': False, 'cmake_clean_first': False, 'cmake_force_configure': False, 'cmake_target': None, 'cmake_target_skip_unavailable': False, 'install_base': '/home/navi/learn_ros2/publisher_3.3/install/metric_system', 'merge_install': False, 'path': '/home/navi/learn_ros2/publisher_3.3/src/metric_system', 'symlink_install': True, 'test_result_base': None}[0m
[0.165s] [34mcolcon.colcon_core.executor[0m [1;30mINFO[0m Executing jobs using 'parallel' executor
[0.165s] [34mcolcon.colcon_parallel_executor.executor.parallel[0m [1;30mDEBUG[0m [32mrun_until_complete[0m
[0.166s] [34mcolcon.colcon_ros.task.ament_python.build[0m [1;30mINFO[0m Building ROS package in '/home/navi/learn_ros2/publisher_3.3/src/british_system' with build type 'ament_python'
[0.166s] [34mcolcon.colcon_core.shell[0m [1;30mLevel 1[0m create_environment_hook('british_system', 'ament_prefix_path')
[0.167s] [34mcolcon.colcon_core.plugin_system[0m [1;30mINFO[0m Skipping extension 'colcon_core.shell.bat': Not used on non-Windows systems
[0.167s] [34mcolcon.colcon_core.shell[0m [1;30mINFO[0m Creating environment hook '/home/navi/learn_ros2/publisher_3.3/install/british_system/share/british_system/hook/ament_prefix_path.ps1'
[0.167s] [34mcolcon.colcon_core.shell[0m [1;30mINFO[0m Creating environment descriptor '/home/navi/learn_ros2/publisher_3.3/install/british_system/share/british_system/hook/ament_prefix_path.dsv'
[0.167s] [34mcolcon.colcon_core.shell[0m [1;30mINFO[0m Creating environment hook '/home/navi/learn_ros2/publisher_3.3/install/british_system/share/british_system/hook/ament_prefix_path.sh'
[0.168s] [34mcolcon.colcon_core.shell[0m [1;30mINFO[0m Skip shell extension 'powershell' for command environment: Not usable outside of PowerShell
[0.168s] [34mcolcon.colcon_core.shell[0m [1;30mDEBUG[0m [32mSkip shell extension 'dsv' for command environment[0m
[0.170s] [34mcolcon.colcon_ros.task.ament_python.build[0m [1;30mINFO[0m Building ROS package in '/home/navi/learn_ros2/publisher_3.3/src/metric_system' with build type 'ament_python'
[0.170s] [34mcolcon.colcon_core.shell[0m [1;30mLevel 1[0m create_environment_hook('metric_system', 'ament_prefix_path')
[0.170s] [34mcolcon.colcon_core.shell[0m [1;30mINFO[0m Creating environment hook '/home/navi/learn_ros2/publisher_3.3/install/metric_system/share/metric_system/hook/ament_prefix_path.ps1'
[0.170s] [34mcolcon.colcon_core.shell[0m [1;30mINFO[0m Creating environment descriptor '/home/navi/learn_ros2/publisher_3.3/install/metric_system/share/metric_system/hook/ament_prefix_path.dsv'
[0.171s] [34mcolcon.colcon_core.shell[0m [1;30mINFO[0m Creating environment hook '/home/navi/learn_ros2/publisher_3.3/install/metric_system/share/metric_system/hook/ament_prefix_path.sh'
[0.171s] [34mcolcon.colcon_core.shell[0m [1;30mINFO[0m Skip shell extension 'powershell' for command environment: Not usable outside of PowerShell
[0.171s] [34mcolcon.colcon_core.shell[0m [1;30mDEBUG[0m [32mSkip shell extension 'dsv' for command environment[0m
[0.295s] [34mcolcon.colcon_ros.task.ament_python.build[0m [1;30mWARNING[0m [33mPackage 'british_system' doesn't explicitly install a marker in the package index (colcon-ros currently does it implicitly but that fallback will be removed in the future)[0m
[0.295s] [34mcolcon.colcon_ros.task.ament_python.build[0m [1;30mWARNING[0m [33mPackage 'british_system' doesn't explicitly install the 'package.xml' file (colcon-ros currently does it implicitly but that fallback will be removed in the future)[0m
[0.295s] [34mcolcon.colcon_core.task.python.build[0m [1;30mINFO[0m Building Python package in '/home/navi/learn_ros2/publisher_3.3/src/british_system'
[0.295s] [34mcolcon.colcon_core.shell[0m [1;30mINFO[0m Skip shell extension 'powershell' for command environment: Not usable outside of PowerShell
[0.295s] [34mcolcon.colcon_core.shell[0m [1;30mDEBUG[0m [32mSkip shell extension 'dsv' for command environment[0m
[0.420s] [34mcolcon.colcon_core.task.python.build[0m [1;30mINFO[0m Building Python package in '/home/navi/learn_ros2/publisher_3.3/src/metric_system'
[0.420s] [34mcolcon.colcon_core.shell[0m [1;30mINFO[0m Skip shell extension 'powershell' for command environment: Not usable outside of PowerShell
[0.420s] [34mcolcon.colcon_core.shell[0m [1;30mDEBUG[0m [32mSkip shell extension 'dsv' for command environment[0m
[0.580s] [34mcolcon.colcon_core.event_handler.log_command[0m [1;30mDEBUG[0m [32mInvoking command in '/home/navi/learn_ros2/publisher_3.3/build/metric_system': CONDA_PROMPT_MODIFIER=(base) PYTHONPATH=/home/navi/learn_ros2/publisher_3.3/build/metric_system/prefix_override:/usr/lib/python3/dist-packages/colcon_core/task/python/colcon_distutils_commands:/home/navi/learn_ros2/publisher_3.3/install/metric_system/lib/python3.10/site-packages:${PYTHONPATH} /usr/bin/python3 -W ignore:setup.py install is deprecated -W ignore:easy_install command is deprecated setup.py develop --editable --build-directory /home/navi/learn_ros2/publisher_3.3/build/metric_system/build --no-deps symlink_data[0m
[0.583s] [34mcolcon.colcon_core.event_handler.log_command[0m [1;30mDEBUG[0m [32mInvoking command in '/home/navi/learn_ros2/publisher_3.3/build/british_system': CONDA_PROMPT_MODIFIER=(base) PYTHONPATH=/home/navi/learn_ros2/publisher_3.3/build/british_system/prefix_override:/usr/lib/python3/dist-packages/colcon_core/task/python/colcon_distutils_commands:/home/navi/learn_ros2/publisher_3.3/install/british_system/lib/python3.10/site-packages:${PYTHONPATH} /usr/bin/python3 -W ignore:setup.py install is deprecated -W ignore:easy_install command is deprecated setup.py develop --editable --build-directory /home/navi/learn_ros2/publisher_3.3/build/british_system/build --no-deps[0m
[0.803s] [34mcolcon.colcon_core.shell[0m [1;30mLevel 1[0m create_environment_hook('metric_system', 'pythonpath_develop')
[0.804s] [34mcolcon.colcon_core.shell[0m [1;30mINFO[0m Creating environment hook '/home/navi/learn_ros2/publisher_3.3/build/metric_system/src/share/metric_system/hook/pythonpath_develop.ps1'
[0.804s] [34mcolcon.colcon_core.event_handler.log_command[0m [1;30mDEBUG[0m [32mInvoked command in '/home/navi/learn_ros2/publisher_3.3/build/metric_system' returned '0': CONDA_PROMPT_MODIFIER=(base) PYTHONPATH=/home/navi/learn_ros2/publisher_3.3/build/metric_system/prefix_override:/usr/lib/python3/dist-packages/colcon_core/task/python/colcon_distutils_commands:/home/navi/learn_ros2/publisher_3.3/install/metric_system/lib/python3.10/site-packages:${PYTHONPATH} /usr/bin/python3 -W ignore:setup.py install is deprecated -W ignore:easy_install command is deprecated setup.py develop --editable --build-directory /home/navi/learn_ros2/publisher_3.3/build/metric_system/build --no-deps symlink_data[0m
[0.805s] [34mcolcon.colcon_core.shell[0m [1;30mINFO[0m Creating environment descriptor '/home/navi/learn_ros2/publisher_3.3/build/metric_system/src/share/metric_system/hook/pythonpath_develop.dsv'
[0.805s] [34mcolcon.colcon_core.shell[0m [1;30mINFO[0m Creating environment hook '/home/navi/learn_ros2/publisher_3.3/build/metric_system/src/share/metric_system/hook/pythonpath_develop.sh'
[0.806s] [34mcolcon.colcon_core.environment[0m [1;30mLevel 1[0m checking '/home/navi/learn_ros2/publisher_3.3/install/metric_system' for CMake module files
[0.806s] [34mcolcon.colcon_core.environment[0m [1;30mLevel 1[0m checking '/home/navi/learn_ros2/publisher_3.3/install/metric_system' for CMake config files
[0.807s] [34mcolcon.colcon_core.environment[0m [1;30mLevel 1[0m checking '/home/navi/learn_ros2/publisher_3.3/install/metric_system/lib'
[0.807s] [34mcolcon.colcon_core.environment[0m [1;30mLevel 1[0m checking '/home/navi/learn_ros2/publisher_3.3/install/metric_system/bin'
[0.807s] [34mcolcon.colcon_core.environment[0m [1;30mLevel 1[0m checking '/home/navi/learn_ros2/publisher_3.3/install/metric_system/lib/pkgconfig/metric_system.pc'
[0.807s] [34mcolcon.colcon_core.environment[0m [1;30mLevel 1[0m checking '/home/navi/learn_ros2/publisher_3.3/install/metric_system/lib/python3.10/site-packages'
[0.807s] [34mcolcon.colcon_core.shell[0m [1;30mLevel 1[0m create_environment_hook('metric_system', 'pythonpath')
[0.807s] [34mcolcon.colcon_core.shell[0m [1;30mINFO[0m Creating environment hook '/home/navi/learn_ros2/publisher_3.3/install/metric_system/share/metric_system/hook/pythonpath.ps1'
[0.807s] [34mcolcon.colcon_core.shell[0m [1;30mINFO[0m Creating environment descriptor '/home/navi/learn_ros2/publisher_3.3/install/metric_system/share/metric_system/hook/pythonpath.dsv'
[0.807s] [34mcolcon.colcon_core.shell[0m [1;30mINFO[0m Creating environment hook '/home/navi/learn_ros2/publisher_3.3/install/metric_system/share/metric_system/hook/pythonpath.sh'
[0.808s] [34mcolcon.colcon_core.environment[0m [1;30mLevel 1[0m checking '/home/navi/learn_ros2/publisher_3.3/install/metric_system/bin'
[0.808s] [34mcolcon.colcon_core.environment[0m [1;30mLevel 1[0m create_environment_scripts_only(metric_system)
[0.808s] [34mcolcon.colcon_core.shell[0m [1;30mINFO[0m Creating package script '/home/navi/learn_ros2/publisher_3.3/install/metric_system/share/metric_system/package.ps1'
[0.808s] [34mcolcon.colcon_core.shell[0m [1;30mINFO[0m Creating package descriptor '/home/navi/learn_ros2/publisher_3.3/install/metric_system/share/metric_system/package.dsv'
[0.808s] [34mcolcon.colcon_core.shell[0m [1;30mINFO[0m Creating package script '/home/navi/learn_ros2/publisher_3.3/install/metric_system/share/metric_system/package.sh'
[0.809s] [34mcolcon.colcon_core.shell[0m [1;30mINFO[0m Creating package script '/home/navi/learn_ros2/publisher_3.3/install/metric_system/share/metric_system/package.bash'
[0.809s] [34mcolcon.colcon_core.shell[0m [1;30mINFO[0m Creating package script '/home/navi/learn_ros2/publisher_3.3/install/metric_system/share/metric_system/package.zsh'
[0.809s] [34mcolcon.colcon_core.environment[0m [1;30mLevel 1[0m create_file_with_runtime_dependencies(/home/navi/learn_ros2/publisher_3.3/install/metric_system/share/colcon-core/packages/metric_system)
[0.810s] [34mcolcon.colcon_core.shell[0m [1;30mLevel 1[0m create_environment_hook('british_system', 'pythonpath_develop')
[0.811s] [34mcolcon.colcon_core.shell[0m [1;30mINFO[0m Creating environment hook '/home/navi/learn_ros2/publisher_3.3/build/british_system/share/british_system/hook/pythonpath_develop.ps1'
[0.811s] [34mcolcon.colcon_core.event_handler.log_command[0m [1;30mDEBUG[0m [32mInvoked command in '/home/navi/learn_ros2/publisher_3.3/build/british_system' returned '0': CONDA_PROMPT_MODIFIER=(base) PYTHONPATH=/home/navi/learn_ros2/publisher_3.3/build/british_system/prefix_override:/usr/lib/python3/dist-packages/colcon_core/task/python/colcon_distutils_commands:/home/navi/learn_ros2/publisher_3.3/install/british_system/lib/python3.10/site-packages:${PYTHONPATH} /usr/bin/python3 -W ignore:setup.py install is deprecated -W ignore:easy_install command is deprecated setup.py develop --editable --build-directory /home/navi/learn_ros2/publisher_3.3/build/british_system/build --no-deps[0m
[0.811s] [34mcolcon.colcon_core.shell[0m [1;30mINFO[0m Creating environment descriptor '/home/navi/learn_ros2/publisher_3.3/build/british_system/share/british_system/hook/pythonpath_develop.dsv'
[0.811s] [34mcolcon.colcon_core.shell[0m [1;30mINFO[0m Creating environment hook '/home/navi/learn_ros2/publisher_3.3/build/british_system/share/british_system/hook/pythonpath_develop.sh'
[0.812s] [34mcolcon.colcon_core.environment[0m [1;30mLevel 1[0m checking '/home/navi/learn_ros2/publisher_3.3/install/british_system' for CMake module files
[0.812s] [34mcolcon.colcon_core.environment[0m [1;30mLevel 1[0m checking '/home/navi/learn_ros2/publisher_3.3/install/british_system' for CMake config files
[0.812s] [34mcolcon.colcon_core.environment[0m [1;30mLevel 1[0m checking '/home/navi/learn_ros2/publisher_3.3/install/british_system/lib'
[0.812s] [34mcolcon.colcon_core.environment[0m [1;30mLevel 1[0m checking '/home/navi/learn_ros2/publisher_3.3/install/british_system/bin'
[0.812s] [34mcolcon.colcon_core.environment[0m [1;30mLevel 1[0m checking '/home/navi/learn_ros2/publisher_3.3/install/british_system/lib/pkgconfig/british_system.pc'
[0.812s] [34mcolcon.colcon_core.environment[0m [1;30mLevel 1[0m checking '/home/navi/learn_ros2/publisher_3.3/install/british_system/lib/python3.10/site-packages'
[0.812s] [34mcolcon.colcon_core.shell[0m [1;30mLevel 1[0m create_environment_hook('british_system', 'pythonpath')
[0.812s] [34mcolcon.colcon_core.shell[0m [1;30mINFO[0m Creating environment hook '/home/navi/learn_ros2/publisher_3.3/install/british_system/share/british_system/hook/pythonpath.ps1'
[0.813s] [34mcolcon.colcon_core.shell[0m [1;30mINFO[0m Creating environment descriptor '/home/navi/learn_ros2/publisher_3.3/install/british_system/share/british_system/hook/pythonpath.dsv'
[0.813s] [34mcolcon.colcon_core.shell[0m [1;30mINFO[0m Creating environment hook '/home/navi/learn_ros2/publisher_3.3/install/british_system/share/british_system/hook/pythonpath.sh'
[0.813s] [34mcolcon.colcon_core.environment[0m [1;30mLevel 1[0m checking '/home/navi/learn_ros2/publisher_3.3/install/british_system/bin'
[0.813s] [34mcolcon.colcon_core.environment[0m [1;30mLevel 1[0m create_environment_scripts_only(british_system)
[0.813s] [34mcolcon.colcon_core.shell[0m [1;30mINFO[0m Creating package script '/home/navi/learn_ros2/publisher_3.3/install/british_system/share/british_system/package.ps1'
[0.813s] [34mcolcon.colcon_core.shell[0m [1;30mINFO[0m Creating package descriptor '/home/navi/learn_ros2/publisher_3.3/install/british_system/share/british_system/package.dsv'
[0.813s] [34mcolcon.colcon_core.shell[0m [1;30mINFO[0m Creating package script '/home/navi/learn_ros2/publisher_3.3/install/british_system/share/british_system/package.sh'
[0.814s] [34mcolcon.colcon_core.shell[0m [1;30mINFO[0m Creating package script '/home/navi/learn_ros2/publisher_3.3/install/british_system/share/british_system/package.bash'
[0.814s] [34mcolcon.colcon_core.shell[0m [1;30mINFO[0m Creating package script '/home/navi/learn_ros2/publisher_3.3/install/british_system/share/british_system/package.zsh'
[0.814s] [34mcolcon.colcon_core.environment[0m [1;30mLevel 1[0m create_file_with_runtime_dependencies(/home/navi/learn_ros2/publisher_3.3/install/british_system/share/colcon-core/packages/british_system)
[0.814s] [34mcolcon.colcon_parallel_executor.executor.parallel[0m [1;30mDEBUG[0m [32mclosing loop[0m
[0.814s] [34mcolcon.colcon_parallel_executor.executor.parallel[0m [1;30mDEBUG[0m [32mloop closed[0m
[0.814s] [34mcolcon.colcon_parallel_executor.executor.parallel[0m [1;30mDEBUG[0m [32mrun_until_complete finished with '0'[0m
[0.814s] [34mcolcon.colcon_core.event_reactor[0m [1;30mDEBUG[0m [32mjoining thread[0m
[0.819s] [34mcolcon.colcon_core.plugin_system[0m [1;30mINFO[0m Skipping extension 'colcon_notification.desktop_notification.terminal_notifier': Not used on non-Darwin systems
[0.819s] [34mcolcon.colcon_core.plugin_system[0m [1;30mINFO[0m Skipping extension 'colcon_notification.desktop_notification.win32': Not used on non-Windows systems
[0.819s] [34mcolcon.colcon_notification.desktop_notification[0m [1;30mINFO[0m Sending desktop notification using 'notify2'
[0.831s] [34mcolcon.colcon_core.event_reactor[0m [1;30mDEBUG[0m [32mjoined thread[0m
[0.831s] [34mcolcon.colcon_core.shell[0m [1;30mINFO[0m Creating prefix script '/home/navi/learn_ros2/publisher_3.3/install/local_setup.ps1'
[0.832s] [34mcolcon.colcon_core.shell[0m [1;30mINFO[0m Creating prefix util module '/home/navi/learn_ros2/publisher_3.3/install/_local_setup_util_ps1.py'
[0.833s] [34mcolcon.colcon_core.shell[0m [1;30mINFO[0m Creating prefix chain script '/home/navi/learn_ros2/publisher_3.3/install/setup.ps1'
[0.833s] [34mcolcon.colcon_core.shell[0m [1;30mINFO[0m Creating prefix script '/home/navi/learn_ros2/publisher_3.3/install/local_setup.sh'
[0.834s] [34mcolcon.colcon_core.shell[0m [1;30mINFO[0m Creating prefix util module '/home/navi/learn_ros2/publisher_3.3/install/_local_setup_util_sh.py'
[0.834s] [34mcolcon.colcon_core.shell[0m [1;30mINFO[0m Creating prefix chain script '/home/navi/learn_ros2/publisher_3.3/install/setup.sh'
[0.835s] [34mcolcon.colcon_core.shell[0m [1;30mINFO[0m Creating prefix script '/home/navi/learn_ros2/publisher_3.3/install/local_setup.bash'
[0.835s] [34mcolcon.colcon_core.shell[0m [1;30mINFO[0m Creating prefix chain script '/home/navi/learn_ros2/publisher_3.3/install/setup.bash'
[0.835s] [34mcolcon.colcon_core.shell[0m [1;30mINFO[0m Creating prefix script '/home/navi/learn_ros2/publisher_3.3/install/local_setup.zsh'
[0.835s] [34mcolcon.colcon_core.shell[0m [1;30mINFO[0m Creating prefix chain script '/home/navi/learn_ros2/publisher_3.3/install/setup.zsh'
