[35m[1mConsolidate compiler generated dependencies of target my_msg__rosidl_generator_c[0m
[  3%] Built target my_msg__cpp
[ 12%] Built target my_msg__rosidl_generator_c
[ 12%] Built target ament_cmake_python_copy_my_msg
[35m[1mConsolidate compiler generated dependencies of target my_msg__rosidl_typesupport_introspection_c[0m
[35m[1mConsolidate compiler generated dependencies of target my_msg__rosidl_typesupport_fastrtps_c[0m
[35m[1mConsolidate compiler generated dependencies of target my_msg__rosidl_typesupport_c[0m
[35m[1mConsolidate compiler generated dependencies of target my_msg__rosidl_typesupport_introspection_cpp[0m
[35m[1mConsolidate compiler generated dependencies of target my_msg__rosidl_typesupport_fastrtps_cpp[0m
[35m[1mConsolidate compiler generated dependencies of target my_msg__rosidl_typesupport_cpp[0m
[ 32%] Built target my_msg__rosidl_typesupport_introspection_c
[ 32%] Built target my_msg__rosidl_typesupport_c
[ 41%] Built target my_msg__rosidl_typesupport_fastrtps_c
[ 51%] Built target my_msg__rosidl_typesupport_fastrtps_cpp
[ 61%] Built target my_msg__rosidl_typesupport_cpp
[ 70%] Built target my_msg__rosidl_typesupport_introspection_cpp
[ 70%] Built target my_msg
[ 74%] Built target my_msg__py
[35m[1mConsolidate compiler generated dependencies of target my_msg__rosidl_generator_py[0m
[ 80%] Built target my_msg__rosidl_generator_py
[35m[1mConsolidate compiler generated dependencies of target my_msg__rosidl_typesupport_fastrtps_c__pyext[0m
[35m[1mConsolidate compiler generated dependencies of target my_msg__rosidl_typesupport_introspection_c__pyext[0m
[35m[1mConsolidate compiler generated dependencies of target my_msg__rosidl_typesupport_c__pyext[0m
[100%] Built target my_msg__rosidl_typesupport_c__pyext
[100%] Built target my_msg__rosidl_typesupport_introspection_c__pyext
[100%] Built target my_msg__rosidl_typesupport_fastrtps_c__pyext
running egg_info
writing my_msg.egg-info/PKG-INFO
writing dependency_links to my_msg.egg-info/dependency_links.txt
writing top-level names to my_msg.egg-info/top_level.txt
reading manifest file 'my_msg.egg-info/SOURCES.txt'
writing manifest file 'my_msg.egg-info/SOURCES.txt'
[100%] Built target ament_cmake_python_build_my_msg_egg
