[0.404s] Invoking command in '/home/navi/learn_ros2/publisher_3.3/build/british_system': CONDA_PROMPT_MODIFIER=(base) PYTHONPATH=/home/navi/learn_ros2/publisher_3.3/build/british_system/prefix_override:/usr/lib/python3/dist-packages/colcon_core/task/python/colcon_distutils_commands:/home/navi/learn_ros2/publisher_3.3/install/british_system/lib/python3.10/site-packages:${PYTHONPATH} /usr/bin/python3 -W ignore:setup.py install is deprecated -W ignore:easy_install command is deprecated setup.py develop --uninstall --editable --build-directory /home/navi/learn_ros2/publisher_3.3/build/british_system/build
[0.536s] running develop
[0.607s] Removing /home/navi/learn_ros2/publisher_3.3/install/british_system/lib/python3.10/site-packages/british-system.egg-link (link to .)
[0.625s] Invoked command in '/home/navi/learn_ros2/publisher_3.3/build/british_system' returned '0': CONDA_PROMPT_MODIFIER=(base) PYTHONPATH=/home/navi/learn_ros2/publisher_3.3/build/british_system/prefix_override:/usr/lib/python3/dist-packages/colcon_core/task/python/colcon_distutils_commands:/home/navi/learn_ros2/publisher_3.3/install/british_system/lib/python3.10/site-packages:${PYTHONPATH} /usr/bin/python3 -W ignore:setup.py install is deprecated -W ignore:easy_install command is deprecated setup.py develop --uninstall --editable --build-directory /home/navi/learn_ros2/publisher_3.3/build/british_system/build
[0.627s] Invoking command in '/home/navi/learn_ros2/publisher_3.3/src/british_system': CONDA_PROMPT_MODIFIER=(base) PYTHONPATH=/home/navi/learn_ros2/publisher_3.3/build/british_system/prefix_override:/usr/lib/python3/dist-packages/colcon_core/task/python/colcon_distutils_commands:/home/navi/learn_ros2/publisher_3.3/install/british_system/lib/python3.10/site-packages:${PYTHONPATH} /usr/bin/python3 -W ignore:setup.py install is deprecated -W ignore:easy_install command is deprecated setup.py egg_info --egg-base ../../build/british_system build --build-base /home/navi/learn_ros2/publisher_3.3/build/british_system/build install --record /home/navi/learn_ros2/publisher_3.3/build/british_system/install.log --single-version-externally-managed
[0.739s] running egg_info
[0.740s] writing ../../build/british_system/british_system.egg-info/PKG-INFO
[0.740s] writing dependency_links to ../../build/british_system/british_system.egg-info/dependency_links.txt
[0.740s] writing entry points to ../../build/british_system/british_system.egg-info/entry_points.txt
[0.740s] writing requirements to ../../build/british_system/british_system.egg-info/requires.txt
[0.740s] writing top-level names to ../../build/british_system/british_system.egg-info/top_level.txt
[0.741s] reading manifest file '../../build/british_system/british_system.egg-info/SOURCES.txt'
[0.741s] adding license file 'LICENSE'
[0.742s] writing manifest file '../../build/british_system/british_system.egg-info/SOURCES.txt'
[0.742s] running build
[0.742s] running build_py
[0.742s] creating /home/navi/learn_ros2/publisher_3.3/build/british_system/build
[0.742s] creating /home/navi/learn_ros2/publisher_3.3/build/british_system/build/lib
[0.742s] creating /home/navi/learn_ros2/publisher_3.3/build/british_system/build/lib/british_system
[0.742s] copying british_system/inch_pub.py -> /home/navi/learn_ros2/publisher_3.3/build/british_system/build/lib/british_system
[0.742s] copying british_system/__init__.py -> /home/navi/learn_ros2/publisher_3.3/build/british_system/build/lib/british_system
[0.742s] running install
[0.742s] running install_lib
[0.742s] creating /home/navi/learn_ros2/publisher_3.3/install/british_system/lib/python3.10/site-packages/british_system
[0.743s] copying /home/navi/learn_ros2/publisher_3.3/build/british_system/build/lib/british_system/inch_pub.py -> /home/navi/learn_ros2/publisher_3.3/install/british_system/lib/python3.10/site-packages/british_system
[0.743s] copying /home/navi/learn_ros2/publisher_3.3/build/british_system/build/lib/british_system/__init__.py -> /home/navi/learn_ros2/publisher_3.3/install/british_system/lib/python3.10/site-packages/british_system
[0.743s] byte-compiling /home/navi/learn_ros2/publisher_3.3/install/british_system/lib/python3.10/site-packages/british_system/inch_pub.py to inch_pub.cpython-310.pyc
[0.743s] byte-compiling /home/navi/learn_ros2/publisher_3.3/install/british_system/lib/python3.10/site-packages/british_system/__init__.py to __init__.cpython-310.pyc
[0.743s] running install_egg_info
[0.744s] Copying ../../build/british_system/british_system.egg-info to /home/navi/learn_ros2/publisher_3.3/install/british_system/lib/python3.10/site-packages/british_system-0.0.0-py3.10.egg-info
[0.744s] running install_scripts
[0.755s] Installing inch_publisher script to /home/navi/learn_ros2/publisher_3.3/install/british_system/lib/british_system
[0.756s] writing list of installed files to '/home/navi/learn_ros2/publisher_3.3/build/british_system/install.log'
[0.767s] Invoked command in '/home/navi/learn_ros2/publisher_3.3/src/british_system' returned '0': CONDA_PROMPT_MODIFIER=(base) PYTHONPATH=/home/navi/learn_ros2/publisher_3.3/build/british_system/prefix_override:/usr/lib/python3/dist-packages/colcon_core/task/python/colcon_distutils_commands:/home/navi/learn_ros2/publisher_3.3/install/british_system/lib/python3.10/site-packages:${PYTHONPATH} /usr/bin/python3 -W ignore:setup.py install is deprecated -W ignore:easy_install command is deprecated setup.py egg_info --egg-base ../../build/british_system build --build-base /home/navi/learn_ros2/publisher_3.3/build/british_system/build install --record /home/navi/learn_ros2/publisher_3.3/build/british_system/install.log --single-version-externally-managed
