[0.009s] Invoking command in '/home/hyx/codes/ros2_work/ros2-learning/build/work_launch': CMAKE_PREFIX_PATH=${CMAKE_PREFIX_PATH}:/opt/ros/humble /usr/bin/cmake /home/hyx/codes/ros2_work/ros2-learning/src/work_launch -DCMAKE_INSTALL_PREFIX=/home/hyx/codes/ros2_work/ros2-learning/install/work_launch
[0.056s] -- The C compiler identification is GNU 11.4.0
[0.099s] -- The CXX compiler identification is GNU 11.4.0
[0.105s] -- Detecting C compiler ABI info
[0.167s] -- Detecting C compiler ABI info - done
[0.172s] -- Check for working C compiler: /usr/bin/cc - skipped
[0.172s] -- Detecting C compile features
[0.172s] -- Detecting C compile features - done
[0.175s] -- Detecting CXX compiler ABI info
[0.244s] -- Detecting CXX compiler ABI info - done
[0.249s] -- Check for working CXX compiler: /usr/bin/c++ - skipped
[0.249s] -- Detecting CXX compile features
[0.250s] -- Detecting CXX compile features - done
[0.252s] -- Found ament_cmake: 1.3.11 (/opt/ros/humble/share/ament_cmake/cmake)
[0.372s] -- Found Python3: /usr/bin/python3 (found version "3.10.12") found components: Interpreter 
[0.450s] -- Found ament_lint_auto: 0.12.11 (/opt/ros/humble/share/ament_lint_auto/cmake)
[0.515s] -- Added test 'flake8' to check Python code syntax and style conventions
[0.515s] -- Added test 'lint_cmake' to check CMake code style
[0.516s] -- Added test 'pep257' to check Python code against some of the docstring style conventions in PEP 257
[0.516s] -- Added test 'xmllint' to check XML markup files
[0.517s] -- Configuring done
[0.520s] -- Generating done
[0.522s] -- Build files have been written to: /home/hyx/codes/ros2_work/ros2-learning/build/work_launch
[0.526s] Invoked command in '/home/hyx/codes/ros2_work/ros2-learning/build/work_launch' returned '0': CMAKE_PREFIX_PATH=${CMAKE_PREFIX_PATH}:/opt/ros/humble /usr/bin/cmake /home/hyx/codes/ros2_work/ros2-learning/src/work_launch -DCMAKE_INSTALL_PREFIX=/home/hyx/codes/ros2_work/ros2-learning/install/work_launch
[0.528s] Invoking command in '/home/hyx/codes/ros2_work/ros2-learning/build/work_launch': CMAKE_PREFIX_PATH=${CMAKE_PREFIX_PATH}:/opt/ros/humble /usr/bin/cmake --build /home/hyx/codes/ros2_work/ros2-learning/build/work_launch -- -j16 -l16
[0.566s] Invoked command in '/home/hyx/codes/ros2_work/ros2-learning/build/work_launch' returned '0': CMAKE_PREFIX_PATH=${CMAKE_PREFIX_PATH}:/opt/ros/humble /usr/bin/cmake --build /home/hyx/codes/ros2_work/ros2-learning/build/work_launch -- -j16 -l16
[0.576s] Invoking command in '/home/hyx/codes/ros2_work/ros2-learning/build/work_launch': CMAKE_PREFIX_PATH=${CMAKE_PREFIX_PATH}:/opt/ros/humble /usr/bin/cmake --install /home/hyx/codes/ros2_work/ros2-learning/build/work_launch
[0.583s] -- Install configuration: ""
[0.583s] -- Up-to-date: /home/hyx/codes/ros2_work/ros2-learning/install/work_launch/share/work_launch/launch
[0.583s] -- Up-to-date: /home/hyx/codes/ros2_work/ros2-learning/install/work_launch/share/work_launch/launch/work_launch.py
[0.583s] -- Up-to-date: /home/hyx/codes/ros2_work/ros2-learning/install/work_launch/share/ament_index/resource_index/package_run_dependencies/work_launch
[0.583s] -- Up-to-date: /home/hyx/codes/ros2_work/ros2-learning/install/work_launch/share/ament_index/resource_index/parent_prefix_path/work_launch
[0.583s] -- Up-to-date: /home/hyx/codes/ros2_work/ros2-learning/install/work_launch/share/work_launch/environment/ament_prefix_path.sh
[0.583s] -- Installing: /home/hyx/codes/ros2_work/ros2-learning/install/work_launch/share/work_launch/environment/ament_prefix_path.dsv
[0.583s] -- Up-to-date: /home/hyx/codes/ros2_work/ros2-learning/install/work_launch/share/work_launch/environment/path.sh
[0.584s] -- Installing: /home/hyx/codes/ros2_work/ros2-learning/install/work_launch/share/work_launch/environment/path.dsv
[0.584s] -- Up-to-date: /home/hyx/codes/ros2_work/ros2-learning/install/work_launch/share/work_launch/local_setup.bash
[0.584s] -- Up-to-date: /home/hyx/codes/ros2_work/ros2-learning/install/work_launch/share/work_launch/local_setup.sh
[0.584s] -- Up-to-date: /home/hyx/codes/ros2_work/ros2-learning/install/work_launch/share/work_launch/local_setup.zsh
[0.584s] -- Installing: /home/hyx/codes/ros2_work/ros2-learning/install/work_launch/share/work_launch/local_setup.dsv
[0.584s] -- Installing: /home/hyx/codes/ros2_work/ros2-learning/install/work_launch/share/work_launch/package.dsv
[0.584s] -- Up-to-date: /home/hyx/codes/ros2_work/ros2-learning/install/work_launch/share/ament_index/resource_index/packages/work_launch
[0.584s] -- Up-to-date: /home/hyx/codes/ros2_work/ros2-learning/install/work_launch/share/work_launch/cmake/work_launchConfig.cmake
[0.584s] -- Up-to-date: /home/hyx/codes/ros2_work/ros2-learning/install/work_launch/share/work_launch/cmake/work_launchConfig-version.cmake
[0.584s] -- Up-to-date: /home/hyx/codes/ros2_work/ros2-learning/install/work_launch/share/work_launch/package.xml
[0.586s] Invoked command in '/home/hyx/codes/ros2_work/ros2-learning/build/work_launch' returned '0': CMAKE_PREFIX_PATH=${CMAKE_PREFIX_PATH}:/opt/ros/humble /usr/bin/cmake --install /home/hyx/codes/ros2_work/ros2-learning/build/work_launch
